#
# There is insufficient memory for the Java Runtime Environment to continue.
# Native memory allocation (malloc) failed to allocate 131088 bytes for Chunk::new
# Possible reasons:
#   The system is out of physical RAM or swap space
#   The process is running with CompressedOops enabled, and the Java Heap may be blocking the growth of the native heap
# Possible solutions:
#   Reduce memory load on the system
#   Increase physical memory or swap space
#   Check if swap backing store is full
#   Decrease Java heap size (-Xmx/-Xms)
#   Decrease number of Java threads
#   Decrease Java thread stack sizes (-Xss)
#   Set larger code cache with -XX:ReservedCodeCacheSize=
#   JVM is running with Zero Based Compressed Oops mode in which the Java heap is
#     placed in the first 32GB address space. The Java Heap base address is the
#     maximum limit for the native heap growth. Please use -XX:HeapBaseMinAddress
#     to set the Java Heap base and to place the Java Heap above 32GB virtual address.
# This output file may be truncated or incomplete.
#
#  Out of Memory Error (t:/workspace/open/src/hotspot/share/memory/arena.cpp:197), pid=7780, tid=27436
#
# JRE version: OpenJDK Runtime Environment (11.0.2+9) (build 11.0.2+9)
# Java VM: OpenJDK 64-Bit Server VM (11.0.2+9, mixed mode, tiered, compressed oops, g1 gc, windows-amd64)
# No core dump will be written. Minidumps are not enabled by default on client versions of Windows
#

---------------  S U M M A R Y ------------

Command Line: -Dsun.java2d.pmoffscreen=false -Dhttps.protocols=TLSv1,TLSv1.1,TLSv1.2 -Dsun.java2d.xrender=false -Dsun.java2d.d3d=false -Dsun.awt.nopixfmt=true -Dsun.java2d.dpiaware=true -Dsun.java2d.uiScale.enabled=false -Xverify:none -Dswing.aatext=true -XX:-UsePerfData -Djdk.map.althashing.threshold=512 -XX:StringTableSize=4072 --add-opens=java.base/java.nio=ALL-UNNAMED --add-opens=java.desktop/sun.swing=ALL-UNNAMED --add-opens=java.desktop/javax.swing=ALL-UNNAMED --add-opens=java.desktop/javax.swing.tree=ALL-UNNAMED --add-opens=java.desktop/javax.swing.plaf.basic=ALL-UNNAMED --add-opens=java.desktop/javax.swing.plaf.synth=ALL-UNNAMED --add-opens=java.desktop/com.sun.awt=ALL-UNNAMED -XX:NewSize=60m -XX:MaxNewSize=60m -Xms128m -Xmx3072m -Xss5m 

Host: Intel(R) Core(TM) i7-10750H CPU @ 2.60GHz, 12 cores, 31G,  Windows 10 , 64 bit Build 22000 (10.0.22000.708)
Time: Wed Aug 10 01:42:16 2022 Hora de verano romance elapsed time: 6087 seconds (0d 1h 41m 27s)

---------------  T H R E A D  ---------------

Current thread (0x000001c641141800):  JavaThread "C2 CompilerThread0" daemon [_thread_in_native, id=27436, stack(0x000000a7f1600000,0x000000a7f1700000)]


Current CompileTask:
C2:6087017 34196   !   4       javax.swing.JComponent::_paintImmediately (891 bytes)

Stack: [0x000000a7f1600000,0x000000a7f1700000]
Native frames: (J=compiled Java code, j=interpreted, Vv=VM code, C=native code)
V  [jvm.dll+0x63489a]
V  [jvm.dll+0x771f9f]
V  [jvm.dll+0x773648]
V  [jvm.dll+0x773d03]
V  [jvm.dll+0x25eba8]
V  [jvm.dll+0xc2191]
V  [jvm.dll+0xc271c]
V  [jvm.dll+0xc2270]
V  [jvm.dll+0x613baf]
V  [jvm.dll+0x87b63]
V  [jvm.dll+0x663960]
V  [jvm.dll+0x34fade]
V  [jvm.dll+0x10add7]
V  [jvm.dll+0x2e96f8]
V  [jvm.dll+0x10ac6c]
V  [jvm.dll+0x34a267]
V  [jvm.dll+0x656146]
V  [jvm.dll+0x655e28]
V  [jvm.dll+0x650f68]
V  [jvm.dll+0x64a4bb]
V  [jvm.dll+0x649ad2]
V  [jvm.dll+0x6476f7]
V  [jvm.dll+0x196f2c]
V  [jvm.dll+0x2ce976]
V  [jvm.dll+0x652e98]
V  [jvm.dll+0x64a4bb]
V  [jvm.dll+0x649ad2]
V  [jvm.dll+0x6476f7]
V  [jvm.dll+0x196f2c]
V  [jvm.dll+0x2ce976]
V  [jvm.dll+0x652e98]
V  [jvm.dll+0x64a4bb]
V  [jvm.dll+0x649ad2]
V  [jvm.dll+0x6476f7]
V  [jvm.dll+0x196f2c]
V  [jvm.dll+0x2ce976]
V  [jvm.dll+0x652e98]
V  [jvm.dll+0x64a4bb]
V  [jvm.dll+0x649ad2]
V  [jvm.dll+0x6476f7]
V  [jvm.dll+0x196f2c]
V  [jvm.dll+0x2ce976]
V  [jvm.dll+0x652e98]
V  [jvm.dll+0x64a4bb]
V  [jvm.dll+0x649ad2]
V  [jvm.dll+0x6476f7]
V  [jvm.dll+0x196f2c]
V  [jvm.dll+0x2ce976]
V  [jvm.dll+0x652e98]
V  [jvm.dll+0x64a4bb]
V  [jvm.dll+0x649ad2]
V  [jvm.dll+0x6476f7]
V  [jvm.dll+0x196f2c]
V  [jvm.dll+0x2ce976]
V  [jvm.dll+0x652e98]
V  [jvm.dll+0x64a4bb]
V  [jvm.dll+0x649ad2]
V  [jvm.dll+0x6476f7]
V  [jvm.dll+0x196f2c]
V  [jvm.dll+0x2ce976]
V  [jvm.dll+0x652e98]
V  [jvm.dll+0x64a4bb]
V  [jvm.dll+0x649ad2]
V  [jvm.dll+0x6476f7]
V  [jvm.dll+0x196f2c]
V  [jvm.dll+0x21780b]
V  [jvm.dll+0x194370]
V  [jvm.dll+0x226b3f]
V  [jvm.dll+0x225148]
V  [jvm.dll+0x73774d]
V  [jvm.dll+0x633942]
C  [ucrtbase.dll+0x26c0c]
C  [KERNEL32.DLL+0x154e0]
C  [ntdll.dll+0x485b]


---------------  P R O C E S S  ---------------

Threads class SMR info:
_java_thread_list=0x000001c730d0d100, length=83, elements={
0x000001c640084800, 0x000001c60c05f000, 0x000001c67fadd000, 0x000001c60c254800,
0x000001c60c255800, 0x000001c641141800, 0x000001c6073a7800, 0x000001c64195c800,
0x000001c6419d1800, 0x000001c60c055000, 0x000001c607917800, 0x000001c60788c800,
0x000001c6078e7800, 0x000001c6079a9800, 0x000001c607c49800, 0x000001c61d8af800,
0x000001c607b92000, 0x000001c61dff5000, 0x000001c6073a5000, 0x000001c6073a9000,
0x000001c6073a8000, 0x000001c6073aa000, 0x000001c638834800, 0x000001c638835000,
0x000001c638836000, 0x000001c638838800, 0x000001c638832800, 0x000001c63883b000,
0x000001c63883b800, 0x000001c63883e000, 0x000001c63883d800, 0x000001c63883a000,
0x000001c63883c800, 0x000001c63883f000, 0x000001c638839800, 0x000001c638840000,
0x000001c6073a6000, 0x000001c6073a3800, 0x000001c64d193000, 0x000001c64d198000,
0x000001c64d19b000, 0x000001c64d19c000, 0x000001c64d196000, 0x000001c64d1a0000,
0x000001c64d19c800, 0x000001c64d19d800, 0x000001c64d19e800, 0x000001c6602e1800,
0x000001c6602dc800, 0x000001c6602e5000, 0x000001c6602e5800, 0x000001c6602e6800,
0x000001c6602e0800, 0x000001c6602e7000, 0x000001c6602e8000, 0x000001c6602e9000,
0x000001c64d191800, 0x000001c64d198800, 0x000001c64d197000, 0x000001c64d195800,
0x000001c64d19a800, 0x000001c64d199800, 0x000001c64d19f000, 0x000001c638837000,
0x000001c638831000, 0x000001c638832000, 0x000001c638837800, 0x000001c6073a4000,
0x000001c6073a6800, 0x000001c6c6e55000, 0x000001c6c6e54800, 0x000001c6c6e5a000,
0x000001c6c6e58800, 0x000001c6c6e59000, 0x000001c6c6e5b800, 0x000001c6c6e5f000,
0x000001c6c6e56800, 0x000001c6c6e5d800, 0x000001c6c6e5f800, 0x000001c6602e3000,
0x000001c6c6e61800, 0x000001c6c6e60800, 0x000001c6c6e5c800
}
_to_delete_list=0x000001c730d09710, length=82, elements={
0x000001c640084800, 0x000001c60c05f000, 0x000001c67fadd000, 0x000001c60c254800,
0x000001c60c255800, 0x000001c641141800, 0x000001c6073a7800, 0x000001c64195c800,
0x000001c6419d1800, 0x000001c60c055000, 0x000001c607917800, 0x000001c60788c800,
0x000001c6078e7800, 0x000001c6079a9800, 0x000001c607c49800, 0x000001c61d8af800,
0x000001c607b92000, 0x000001c61dff5000, 0x000001c6073a5000, 0x000001c6073a9000,
0x000001c6073a8000, 0x000001c6073aa000, 0x000001c638834800, 0x000001c638835000,
0x000001c638836000, 0x000001c638838800, 0x000001c638832800, 0x000001c63883b000,
0x000001c63883b800, 0x000001c63883e000, 0x000001c63883d800, 0x000001c63883a000,
0x000001c63883c800, 0x000001c63883f000, 0x000001c638839800, 0x000001c638840000,
0x000001c6073a6000, 0x000001c6073a3800, 0x000001c64d193000, 0x000001c64d198000,
0x000001c64d19b000, 0x000001c64d19c000, 0x000001c64d196000, 0x000001c64d1a0000,
0x000001c64d19c800, 0x000001c64d19d800, 0x000001c64d19e800, 0x000001c6602e1800,
0x000001c6602dc800, 0x000001c6602e5000, 0x000001c6602e5800, 0x000001c6602e6800,
0x000001c6602e0800, 0x000001c6602e7000, 0x000001c6602e8000, 0x000001c6602e9000,
0x000001c64d191800, 0x000001c64d198800, 0x000001c64d197000, 0x000001c64d195800,
0x000001c64d19a800, 0x000001c64d199800, 0x000001c64d19f000, 0x000001c638837000,
0x000001c638831000, 0x000001c638832000, 0x000001c638837800, 0x000001c6073a4000,
0x000001c6073a6800, 0x000001c6c6e55000, 0x000001c6c6e54800, 0x000001c6c6e5a000,
0x000001c6c6e58800, 0x000001c6c6e59000, 0x000001c6c6e5b800, 0x000001c6c6e5f000,
0x000001c6c6e56800, 0x000001c6c6e5d800, 0x000001c6c6e5f800, 0x000001c6602e3000,
0x000001c6c6e61800, 0x000001c6c6e60800
}

Java Threads: ( => current thread )
  0x000001c640084800 JavaThread "main" [_thread_blocked, id=10220, stack(0x000000a7efb00000,0x000000a7efc00000)]
  0x000001c60c05f000 JavaThread "Reference Handler" daemon [_thread_blocked, id=7200, stack(0x000000a7f0200000,0x000000a7f0700000)]
  0x000001c67fadd000 JavaThread "Finalizer" daemon [_thread_blocked, id=23044, stack(0x000000a7f0700000,0x000000a7f0c00000)]
  0x000001c60c254800 JavaThread "Signal Dispatcher" daemon [_thread_blocked, id=27976, stack(0x000000a7f0c00000,0x000000a7f1100000)]
  0x000001c60c255800 JavaThread "Attach Listener" daemon [_thread_blocked, id=32272, stack(0x000000a7f1100000,0x000000a7f1600000)]
=>0x000001c641141800 JavaThread "C2 CompilerThread0" daemon [_thread_in_native, id=27436, stack(0x000000a7f1600000,0x000000a7f1700000)]
  0x000001c6073a7800 JavaThread "C1 CompilerThread0" daemon [_thread_blocked, id=8344, stack(0x000000a7f1700000,0x000000a7f1800000)]
  0x000001c64195c800 JavaThread "Sweeper thread" daemon [_thread_blocked, id=3680, stack(0x000000a7f1800000,0x000000a7f1d00000)]
  0x000001c6419d1800 JavaThread "Common-Cleaner" daemon [_thread_blocked, id=14520, stack(0x000000a7f1d00000,0x000000a7f2200000)]
  0x000001c60c055000 JavaThread "Service Thread" daemon [_thread_blocked, id=1300, stack(0x000000a7f2200000,0x000000a7f2700000)]
  0x000001c607917800 JavaThread "Java2D Disposer" daemon [_thread_blocked, id=1596, stack(0x000000a7f2900000,0x000000a7f2e00000)]
  0x000001c60788c800 JavaThread "AWT-Shutdown" [_thread_blocked, id=28732, stack(0x000000a7f2e00000,0x000000a7f3300000)]
  0x000001c6078e7800 JavaThread "AWT-Windows" daemon [_thread_in_native, id=18348, stack(0x000000a7f3300000,0x000000a7f3800000)]
  0x000001c6079a9800 JavaThread "TimerQueue" daemon [_thread_blocked, id=31488, stack(0x000000a7f3800000,0x000000a7f3d00000)]
  0x000001c607c49800 JavaThread "AWT-EventQueue-0" [_thread_blocked, id=16612, stack(0x000000a7f4300000,0x000000a7f4800000)]
  0x000001c61d8af800 JavaThread "Thread-1" [_thread_in_native, id=16220, stack(0x000000a7ee500000,0x000000a7ef900000)]
  0x000001c607b92000 JavaThread "Process Messages Thread" [_thread_blocked, id=26208, stack(0x000000a7f4d00000,0x000000a7f5200000)]
  0x000001c61dff5000 JavaThread "Batik CleanerThread" daemon [_thread_blocked, id=16348, stack(0x000000a7f4800000,0x000000a7f4d00000)]
  0x000001c6073a5000 JavaThread "SyntheticaCleanerThread" daemon [_thread_blocked, id=21144, stack(0x000000a7f6400000,0x000000a7f6900000)]
  0x000001c6073a9000 JavaThread "Monitor HEventQueue Thread" [_thread_blocked, id=27456, stack(0x000000a7f6c00000,0x000000a7f7100000)]
  0x000001c6073a8000 JavaThread "SyntheticaAnimation 50" daemon [_thread_blocked, id=35048, stack(0x000000a7f7100000,0x000000a7f7600000)]
  0x000001c6073aa000 JavaThread "SyntheticaAnimation 25" daemon [_thread_blocked, id=29572, stack(0x000000a7f7700000,0x000000a7f7c00000)]
  0x000001c638834800 JavaThread "SyntheticaAnimation 70" daemon [_thread_blocked, id=14368, stack(0x000000a7f8100000,0x000000a7f8600000)]
  0x000001c638835000 JavaThread "Refresh Filesets Swing Worker Thread" [_thread_blocked, id=5012, stack(0x000000a7f3d00000,0x000000a7f4200000)]
  0x000001c638836000 JavaThread "hw_ila_monitor" [_thread_blocked, id=25984, stack(0x000000a7f5e00000,0x000000a7f6300000)]
  0x000001c638838800 JavaThread "pool-2-thread-1" [_thread_blocked, id=32748, stack(0x000000a7f9000000,0x000000a7f9500000)]
  0x000001c638832800 JavaThread "pool-3-thread-1" [_thread_blocked, id=20092, stack(0x000000a7f9500000,0x000000a7f9a00000)]
  0x000001c63883b000 JavaThread "pool-4-thread-1" [_thread_blocked, id=30324, stack(0x000000a7f9a00000,0x000000a7f9f00000)]
  0x000001c63883b800 JavaThread "pool-5-thread-1" [_thread_blocked, id=19144, stack(0x000000a7f9f00000,0x000000a7fa400000)]
  0x000001c63883e000 JavaThread "pool-6-thread-1" [_thread_blocked, id=22856, stack(0x000000a7fa400000,0x000000a7fa900000)]
  0x000001c63883d800 JavaThread "pool-7-thread-1" [_thread_blocked, id=25732, stack(0x000000a7fa900000,0x000000a7fae00000)]
  0x000001c63883a000 JavaThread "pool-8-thread-1" [_thread_blocked, id=22868, stack(0x000000a7fae00000,0x000000a7fb300000)]
  0x000001c63883c800 JavaThread "pool-9-thread-1" [_thread_blocked, id=29668, stack(0x000000a7fb300000,0x000000a7fb800000)]
  0x000001c63883f000 JavaThread "pool-10-thread-1" [_thread_blocked, id=27808, stack(0x000000a7fb800000,0x000000a7fbd00000)]
  0x000001c638839800 JavaThread "pool-11-thread-1" [_thread_blocked, id=18068, stack(0x000000a7fbd00000,0x000000a7fc200000)]
  0x000001c638840000 JavaThread "pool-12-thread-1" [_thread_blocked, id=29916, stack(0x000000a7fc200000,0x000000a7fc700000)]
  0x000001c6073a6000 JavaThread "pool-13-thread-1" [_thread_blocked, id=26660, stack(0x000000a7fc700000,0x000000a7fcc00000)]
  0x000001c6073a3800 JavaThread "pool-14-thread-1" [_thread_blocked, id=16840, stack(0x000000a7fcc00000,0x000000a7fd100000)]
  0x000001c64d193000 JavaThread "pool-15-thread-1" [_thread_blocked, id=3876, stack(0x000000a7fd100000,0x000000a7fd600000)]
  0x000001c64d198000 JavaThread "SyntheticaAnimation 50" daemon [_thread_blocked, id=30412, stack(0x000000a7f8b00000,0x000000a7f9000000)]
  0x000001c64d19b000 JavaThread "SyntheticaAnimation 50" daemon [_thread_blocked, id=28228, stack(0x000000a7fd600000,0x000000a7fdb00000)]
  0x000001c64d19c000 JavaThread "QuantumRenderer-0" daemon [_thread_blocked, id=23436, stack(0x000000a7ffb00000,0x000000a800000000)]
  0x000001c64d196000 JavaThread "InvokeLaterDispatcher" daemon [_thread_blocked, id=5736, stack(0x000000a780000000,0x000000a780500000)]
  0x000001c64d1a0000 JavaThread "JavaFX Application Thread" [_thread_in_native, id=22812, stack(0x000000a780500000,0x000000a780a00000)]
  0x000001c64d19c800 JavaThread "Thread-71" daemon [_thread_in_native, id=19256, stack(0x000000a780a00000,0x000000a780b00000)]
  0x000001c64d19d800 JavaThread "Prism Font Disposer" daemon [_thread_blocked, id=25752, stack(0x000000a780b00000,0x000000a781000000)]
  0x000001c64d19e800 JavaThread "Disposer" daemon [_thread_blocked, id=6644, stack(0x000000a781000000,0x000000a781500000)]
  0x000001c6602e1800 JavaThread "SocketStreamHandle-1" daemon [_thread_in_native, id=28268, stack(0x000000a784100000,0x000000a784600000)]
  0x000001c6602dc800 JavaThread "Cleaner-0" daemon [_thread_blocked, id=5880, stack(0x000000a784700000,0x000000a784c00000)]
  0x000001c6602e5000 JavaThread "Thread-280" [_thread_in_native, id=35800, stack(0x000000a781600000,0x000000a781700000)]
  0x000001c6602e5800 JavaThread "Thread-284" [_thread_in_native, id=31564, stack(0x000000a781700000,0x000000a781800000)]
  0x000001c6602e6800 JavaThread "Update Runs Swing Worker Thread" [_thread_blocked, id=35432, stack(0x000000a782a00000,0x000000a782f00000)]
  0x000001c6602e0800 JavaThread "pool-18-thread-1" [_thread_blocked, id=22084, stack(0x000000a783200000,0x000000a783700000)]
  0x000001c6602e7000 JavaThread "pool-19-thread-1" [_thread_blocked, id=23336, stack(0x000000a783900000,0x000000a783e00000)]
  0x000001c6602e8000 JavaThread "pool-20-thread-1" [_thread_blocked, id=18660, stack(0x000000a784c00000,0x000000a785100000)]
  0x000001c6602e9000 JavaThread "pool-21-thread-1" [_thread_blocked, id=28532, stack(0x000000a785100000,0x000000a785600000)]
  0x000001c64d191800 JavaThread "pool-22-thread-1" [_thread_blocked, id=27788, stack(0x000000a785600000,0x000000a785b00000)]
  0x000001c64d198800 JavaThread "pool-23-thread-1" [_thread_blocked, id=22036, stack(0x000000a785b00000,0x000000a786000000)]
  0x000001c64d197000 JavaThread "pool-24-thread-1" [_thread_blocked, id=29012, stack(0x000000a786000000,0x000000a786500000)]
  0x000001c64d195800 JavaThread "pool-25-thread-1" [_thread_blocked, id=31128, stack(0x000000a786500000,0x000000a786a00000)]
  0x000001c64d19a800 JavaThread "pool-26-thread-1" [_thread_blocked, id=32552, stack(0x000000a786a00000,0x000000a786f00000)]
  0x000001c64d199800 JavaThread "pool-27-thread-1" [_thread_blocked, id=21704, stack(0x000000a786f00000,0x000000a787400000)]
  0x000001c64d19f000 JavaThread "pool-28-thread-1" [_thread_blocked, id=31460, stack(0x000000a787400000,0x000000a787900000)]
  0x000001c638837000 JavaThread "pool-29-thread-1" [_thread_blocked, id=3048, stack(0x000000a787900000,0x000000a787e00000)]
  0x000001c638831000 JavaThread "pool-30-thread-1" [_thread_blocked, id=26500, stack(0x000000a787e00000,0x000000a788300000)]
  0x000001c638832000 JavaThread "pool-31-thread-1" [_thread_blocked, id=32808, stack(0x000000a788300000,0x000000a788800000)]
  0x000001c638837800 JavaThread "pool-32-thread-1" [_thread_blocked, id=16052, stack(0x000000a788800000,0x000000a788d00000)]
  0x000001c6073a4000 JavaThread "pool-33-thread-1" [_thread_blocked, id=34792, stack(0x000000a788d00000,0x000000a789200000)]
  0x000001c6073a6800 JavaThread "pool-34-thread-1" [_thread_blocked, id=33372, stack(0x000000a789200000,0x000000a789700000)]
  0x000001c6c6e55000 JavaThread "pool-35-thread-1" [_thread_blocked, id=26896, stack(0x000000a789700000,0x000000a789c00000)]
  0x000001c6c6e54800 JavaThread "pool-36-thread-1" [_thread_blocked, id=9540, stack(0x000000a789c00000,0x000000a78a100000)]
  0x000001c6c6e5a000 JavaThread "pool-37-thread-1" [_thread_blocked, id=31064, stack(0x000000a78a100000,0x000000a78a600000)]
  0x000001c6c6e58800 JavaThread "pool-38-thread-1" [_thread_blocked, id=32332, stack(0x000000a78a600000,0x000000a78ab00000)]
  0x000001c6c6e59000 JavaThread "pool-39-thread-1" [_thread_blocked, id=19044, stack(0x000000a78ab00000,0x000000a78b000000)]
  0x000001c6c6e5b800 JavaThread "pool-40-thread-1" [_thread_blocked, id=29332, stack(0x000000a78b000000,0x000000a78b500000)]
  0x000001c6c6e5f000 JavaThread "Thread-1309" [_thread_in_native, id=29948, stack(0x000000a782f00000,0x000000a783000000)]
  0x000001c6c6e56800 JavaThread "Image Animator 2" daemon [_thread_blocked, id=31756, stack(0x000000a781e00000,0x000000a782300000)]
  0x000001c6c6e5d800 JavaThread "Timer-0" [_thread_blocked, id=23912, stack(0x000000a78bd00000,0x000000a78c200000)]
  0x000001c6c6e5f800 JavaThread "Monitor File Timestamp Swing Worker Thread" [_thread_blocked, id=20208, stack(0x000000a78c400000,0x000000a78c900000)]
  0x000001c6602e3000 JavaThread "Thread-5780" [_thread_in_native, id=18412, stack(0x000000a784000000,0x000000a784100000)]
  0x000001c6c6e61800 JavaThread "Program Device Thread" [_thread_in_native, id=23668, stack(0x000000a78e100000,0x000000a78e600000)]
  0x000001c6c6e60800 JavaThread "Image Fetcher 0" daemon [_thread_blocked, id=1664, stack(0x000000a78b600000,0x000000a78bb00000)]
  0x000001c6c6e5c800 JavaThread "Image Fetcher 1" daemon [_thread_blocked, id=8540, stack(0x000000a78c900000,0x000000a78ce00000)]

Other Threads:
  0x000001c60909e000 VMThread "VM Thread" [stack: 0x000000a7f0100000,0x000000a7f0200000] [id=24232]
  0x000001c6419ba000 WatcherThread [stack: 0x000000a7f2700000,0x000000a7f2800000] [id=31044]
  0x000001c63f17f800 GCTaskThread "GC Thread#0" [stack: 0x000000a7efc00000,0x000000a7efd00000] [id=22324]
  0x000001c61d5dc800 GCTaskThread "GC Thread#1" [stack: 0x000000a7f5200000,0x000000a7f5300000] [id=20200]
  0x000001c61d895000 GCTaskThread "GC Thread#2" [stack: 0x000000a7f5300000,0x000000a7f5400000] [id=22652]
  0x000001c61d67a800 GCTaskThread "GC Thread#3" [stack: 0x000000a7f5400000,0x000000a7f5500000] [id=28680]
  0x000001c60825f800 GCTaskThread "GC Thread#4" [stack: 0x000000a7f5500000,0x000000a7f5600000] [id=18040]
  0x000001c608260800 GCTaskThread "GC Thread#5" [stack: 0x000000a7f5600000,0x000000a7f5700000] [id=31660]
  0x000001c607c47800 GCTaskThread "GC Thread#6" [stack: 0x000000a7f5700000,0x000000a7f5800000] [id=4216]
  0x000001c607c48000 GCTaskThread "GC Thread#7" [stack: 0x000000a7f5800000,0x000000a7f5900000] [id=27612]
  0x000001c61dcf2800 GCTaskThread "GC Thread#8" [stack: 0x000000a7f5900000,0x000000a7f5a00000] [id=13884]
  0x000001c61dcf3000 GCTaskThread "GC Thread#9" [stack: 0x000000a7f5a00000,0x000000a7f5b00000] [id=27988]
  0x000001c641ada800 ConcurrentGCThread "G1 Main Marker" [stack: 0x000000a7efd00000,0x000000a7efe00000] [id=11724]
  0x000001c6092b3800 ConcurrentGCThread "G1 Conc#0" [stack: 0x000000a7efe00000,0x000000a7eff00000] [id=35740]
  0x000001c61e4d3000 ConcurrentGCThread "G1 Conc#1" [stack: 0x000000a7f5c00000,0x000000a7f5d00000] [id=33152]
  0x000001c61d9a4000 ConcurrentGCThread "G1 Conc#2" [stack: 0x000000a7f5d00000,0x000000a7f5e00000] [id=34884]
  0x000001c60c3f2800 ConcurrentGCThread "G1 Refine#0" [stack: 0x000000a7eff00000,0x000000a7f0000000] [id=7120]
  0x000001c61dca9800 ConcurrentGCThread "G1 Refine#1" [stack: 0x000000a7f5b00000,0x000000a7f5c00000] [id=32600]
  0x000001c620696800 ConcurrentGCThread "G1 Refine#2" [stack: 0x000000a7f6300000,0x000000a7f6400000] [id=31456]
  0x000001c635d0f800 ConcurrentGCThread "G1 Refine#3" [stack: 0x000000a7f7600000,0x000000a7f7700000] [id=10896]
  0x000001c60bfed800 ConcurrentGCThread "G1 Young RemSet Sampling" [stack: 0x000000a7f0000000,0x000000a7f0100000] [id=29344]

Threads with active compile tasks:
C2 CompilerThread034196   !   4       javax.swing.JComponent::_paintImmediately (891 bytes)

VM state:not at safepoint (normal execution)

VM Mutex/Monitor currently owned by a thread: None

OutOfMemory and StackOverflow Exception counts:
OutOfMemoryError java_heap_errors=4
LinkageErrors=236

Heap address: 0x0000000740000000, size: 3072 MB, Compressed Oops mode: Zero based, Oop shift amount: 3
Narrow klass base: 0x0000000800000000, Narrow klass shift: 0
Compressed class space size: 1073741824 Address: 0x0000000800000000

Heap:
 garbage-first heap   total 309248K, used 166097K [0x0000000740000000, 0x0000000800000000)
  region size 1024K, 14 young (14336K), 1 survivors (1024K)
 Metaspace       used 119859K, capacity 121734K, committed 127024K, reserved 1157120K
  class space    used 15954K, capacity 16747K, committed 18560K, reserved 1048576K
Heap Regions: E=young(eden), S=young(survivor), O=old, HS=humongous(starts), HC=humongous(continues), CS=collection set, F=free, A=archive, TAMS=top-at-mark-start (previous, next)
|   0|0x0000000740000000, 0x0000000740100000, 0x0000000740100000|100%|HS|  |TAMS 0x0000000740100000, 0x0000000740000000| Complete 
|   1|0x0000000740100000, 0x0000000740200000, 0x0000000740200000|100%|HC|  |TAMS 0x0000000740200000, 0x0000000740100000| Complete 
|   2|0x0000000740200000, 0x0000000740300000, 0x0000000740300000|100%|HS|  |TAMS 0x0000000740300000, 0x0000000740200000| Complete 
|   3|0x0000000740300000, 0x00000007403fffd8, 0x0000000740400000| 99%| O|  |TAMS 0x00000007403fffd8, 0x0000000740300000| Untracked 
|   4|0x0000000740400000, 0x00000007404ffff8, 0x0000000740500000| 99%| O|  |TAMS 0x00000007404ffff8, 0x0000000740400000| Untracked 
|   5|0x0000000740500000, 0x0000000740600000, 0x0000000740600000|100%| O|  |TAMS 0x0000000740600000, 0x0000000740500000| Untracked 
|   6|0x0000000740600000, 0x00000007406ffff8, 0x0000000740700000| 99%| O|  |TAMS 0x00000007406ffff8, 0x0000000740600000| Untracked 
|   7|0x0000000740700000, 0x0000000740800000, 0x0000000740800000|100%| O|  |TAMS 0x0000000740800000, 0x0000000740700000| Untracked 
|   8|0x0000000740800000, 0x00000007408fff90, 0x0000000740900000| 99%| O|  |TAMS 0x00000007408fff90, 0x0000000740800000| Untracked 
|   9|0x0000000740900000, 0x0000000740a00000, 0x0000000740a00000|100%| O|  |TAMS 0x0000000740a00000, 0x0000000740900000| Untracked 
|  10|0x0000000740a00000, 0x0000000740afffe8, 0x0000000740b00000| 99%| O|  |TAMS 0x0000000740afffe8, 0x0000000740a00000| Untracked 
|  11|0x0000000740b00000, 0x0000000740bffff0, 0x0000000740c00000| 99%| O|  |TAMS 0x0000000740bffff0, 0x0000000740b00000| Untracked 
|  12|0x0000000740c00000, 0x0000000740cffff8, 0x0000000740d00000| 99%| O|  |TAMS 0x0000000740cffff8, 0x0000000740c00000| Untracked 
|  13|0x0000000740d00000, 0x0000000740dffff8, 0x0000000740e00000| 99%| O|  |TAMS 0x0000000740dffff8, 0x0000000740d00000| Untracked 
|  14|0x0000000740e00000, 0x0000000740f00000, 0x0000000740f00000|100%| O|  |TAMS 0x0000000740f00000, 0x0000000740e00000| Untracked 
|  15|0x0000000740f00000, 0x0000000741000000, 0x0000000741000000|100%| O|  |TAMS 0x0000000741000000, 0x0000000740f00000| Untracked 
|  16|0x0000000741000000, 0x00000007410ffff0, 0x0000000741100000| 99%| O|  |TAMS 0x00000007410ffff0, 0x0000000741000000| Untracked 
|  17|0x0000000741100000, 0x00000007411ffff8, 0x0000000741200000| 99%| O|  |TAMS 0x00000007411ffff8, 0x0000000741100000| Untracked 
|  18|0x0000000741200000, 0x00000007412ffff8, 0x0000000741300000| 99%| O|  |TAMS 0x00000007412ffff8, 0x0000000741200000| Untracked 
|  19|0x0000000741300000, 0x00000007413ffff0, 0x0000000741400000| 99%| O|  |TAMS 0x00000007413ffff0, 0x0000000741300000| Untracked 
|  20|0x0000000741400000, 0x00000007414ffff8, 0x0000000741500000| 99%| O|  |TAMS 0x00000007414ffff8, 0x0000000741400000| Untracked 
|  21|0x0000000741500000, 0x0000000741600000, 0x0000000741600000|100%|HS|  |TAMS 0x0000000741600000, 0x0000000741500000| Complete 
|  22|0x0000000741600000, 0x00000007416fffc0, 0x0000000741700000| 99%| O|  |TAMS 0x00000007416fffc0, 0x0000000741600000| Untracked 
|  23|0x0000000741700000, 0x00000007417ffca0, 0x0000000741800000| 99%| O|  |TAMS 0x00000007417ffca0, 0x0000000741700000| Untracked 
|  24|0x0000000741800000, 0x00000007418fffb8, 0x0000000741900000| 99%| O|  |TAMS 0x00000007418fffb8, 0x0000000741800000| Untracked 
|  25|0x0000000741900000, 0x00000007419fffd0, 0x0000000741a00000| 99%| O|  |TAMS 0x00000007419fffd0, 0x0000000741900000| Untracked 
|  26|0x0000000741a00000, 0x0000000741afff60, 0x0000000741b00000| 99%| O|  |TAMS 0x0000000741afff60, 0x0000000741a00000| Untracked 
|  27|0x0000000741b00000, 0x0000000741bfffd0, 0x0000000741c00000| 99%| O|  |TAMS 0x0000000741bfffd0, 0x0000000741b00000| Untracked 
|  28|0x0000000741c00000, 0x0000000741cffff8, 0x0000000741d00000| 99%| O|  |TAMS 0x0000000741cffff8, 0x0000000741c00000| Untracked 
|  29|0x0000000741d00000, 0x0000000741dfffc8, 0x0000000741e00000| 99%| O|  |TAMS 0x0000000741dfffc8, 0x0000000741d00000| Untracked 
|  30|0x0000000741e00000, 0x0000000741efffe8, 0x0000000741f00000| 99%| O|  |TAMS 0x0000000741efffe8, 0x0000000741e00000| Untracked 
|  31|0x0000000741f00000, 0x0000000741fffff0, 0x0000000742000000| 99%| O|  |TAMS 0x0000000741fffff0, 0x0000000741f00000| Untracked 
|  32|0x0000000742000000, 0x0000000742100000, 0x0000000742100000|100%| O|  |TAMS 0x0000000742100000, 0x0000000742000000| Untracked 
|  33|0x0000000742100000, 0x0000000742200000, 0x0000000742200000|100%| O|  |TAMS 0x0000000742200000, 0x0000000742100000| Untracked 
|  34|0x0000000742200000, 0x00000007422ffff8, 0x0000000742300000| 99%| O|  |TAMS 0x00000007422ffff8, 0x0000000742200000| Untracked 
|  35|0x0000000742300000, 0x00000007423fffe8, 0x0000000742400000| 99%| O|  |TAMS 0x00000007423fffe8, 0x0000000742300000| Untracked 
|  36|0x0000000742400000, 0x00000007424ffff0, 0x0000000742500000| 99%| O|  |TAMS 0x00000007424ffff0, 0x0000000742400000| Untracked 
|  37|0x0000000742500000, 0x00000007425ffff0, 0x0000000742600000| 99%| O|  |TAMS 0x00000007425ffff0, 0x0000000742500000| Untracked 
|  38|0x0000000742600000, 0x00000007426ffff0, 0x0000000742700000| 99%| O|  |TAMS 0x00000007426ffff0, 0x0000000742600000| Untracked 
|  39|0x0000000742700000, 0x0000000742800000, 0x0000000742800000|100%| O|  |TAMS 0x0000000742800000, 0x0000000742700000| Untracked 
|  40|0x0000000742800000, 0x00000007428fffe8, 0x0000000742900000| 99%| O|  |TAMS 0x00000007428fffe8, 0x0000000742800000| Untracked 
|  41|0x0000000742900000, 0x00000007429fffe0, 0x0000000742a00000| 99%| O|  |TAMS 0x00000007429fffe0, 0x0000000742900000| Untracked 
|  42|0x0000000742a00000, 0x0000000742b00000, 0x0000000742b00000|100%| O|  |TAMS 0x0000000742b00000, 0x0000000742a00000| Untracked 
|  43|0x0000000742b00000, 0x0000000742c00000, 0x0000000742c00000|100%| O|  |TAMS 0x0000000742c00000, 0x0000000742b00000| Untracked 
|  44|0x0000000742c00000, 0x0000000742d00000, 0x0000000742d00000|100%| O|  |TAMS 0x0000000742d00000, 0x0000000742c00000| Untracked 
|  45|0x0000000742d00000, 0x0000000742dfffe8, 0x0000000742e00000| 99%| O|  |TAMS 0x0000000742dfffe8, 0x0000000742d00000| Untracked 
|  46|0x0000000742e00000, 0x0000000742efffe8, 0x0000000742f00000| 99%| O|  |TAMS 0x0000000742efffe8, 0x0000000742e00000| Untracked 
|  47|0x0000000742f00000, 0x0000000742fffe00, 0x0000000743000000| 99%| O|  |TAMS 0x0000000742fffe00, 0x0000000742f00000| Untracked 
|  48|0x0000000743000000, 0x00000007430fff88, 0x0000000743100000| 99%| O|  |TAMS 0x00000007430fff88, 0x0000000743000000| Untracked 
|  49|0x0000000743100000, 0x00000007431ffee0, 0x0000000743200000| 99%| O|  |TAMS 0x00000007431ffee0, 0x0000000743100000| Untracked 
|  50|0x0000000743200000, 0x0000000743300000, 0x0000000743300000|100%| O|  |TAMS 0x0000000743300000, 0x0000000743200000| Untracked 
|  51|0x0000000743300000, 0x00000007433ffff0, 0x0000000743400000| 99%| O|  |TAMS 0x00000007433ffff0, 0x0000000743300000| Untracked 
|  52|0x0000000743400000, 0x00000007434fff38, 0x0000000743500000| 99%| O|  |TAMS 0x00000007434fff38, 0x0000000743400000| Untracked 
|  53|0x0000000743500000, 0x00000007435ffcf0, 0x0000000743600000| 99%| O|  |TAMS 0x00000007435ffcf0, 0x0000000743500000| Untracked 
|  54|0x0000000743600000, 0x0000000743700000, 0x0000000743700000|100%| O|  |TAMS 0x0000000743700000, 0x0000000743600000| Untracked 
|  55|0x0000000743700000, 0x00000007437ffff0, 0x0000000743800000| 99%| O|  |TAMS 0x00000007437ffff0, 0x0000000743700000| Untracked 
|  56|0x0000000743800000, 0x00000007438ffff8, 0x0000000743900000| 99%| O|  |TAMS 0x00000007438ffff8, 0x0000000743800000| Untracked 
|  57|0x0000000743900000, 0x00000007439ffff8, 0x0000000743a00000| 99%| O|  |TAMS 0x00000007439ffff8, 0x0000000743900000| Untracked 
|  58|0x0000000743a00000, 0x0000000743affff8, 0x0000000743b00000| 99%| O|  |TAMS 0x0000000743affff8, 0x0000000743a00000| Untracked 
|  59|0x0000000743b00000, 0x0000000743bffff8, 0x0000000743c00000| 99%| O|  |TAMS 0x0000000743bffff8, 0x0000000743b00000| Untracked 
|  60|0x0000000743c00000, 0x0000000743cfffe8, 0x0000000743d00000| 99%| O|  |TAMS 0x0000000743cfffe8, 0x0000000743c00000| Untracked 
|  61|0x0000000743d00000, 0x0000000743e00000, 0x0000000743e00000|100%| O|  |TAMS 0x0000000743e00000, 0x0000000743d00000| Untracked 
|  62|0x0000000743e00000, 0x0000000743efff40, 0x0000000743f00000| 99%| O|  |TAMS 0x0000000743efff40, 0x0000000743e00000| Untracked 
|  63|0x0000000743f00000, 0x0000000743fffff0, 0x0000000744000000| 99%| O|  |TAMS 0x0000000743fffff0, 0x0000000743f00000| Untracked 
|  64|0x0000000744000000, 0x00000007440ffeb0, 0x0000000744100000| 99%| O|  |TAMS 0x00000007440ffeb0, 0x0000000744000000| Untracked 
|  65|0x0000000744100000, 0x00000007441fffe0, 0x0000000744200000| 99%| O|  |TAMS 0x00000007441fffe0, 0x0000000744100000| Untracked 
|  66|0x0000000744200000, 0x00000007442ffff8, 0x0000000744300000| 99%| O|  |TAMS 0x00000007442ffff8, 0x0000000744200000| Untracked 
|  67|0x0000000744300000, 0x0000000744400000, 0x0000000744400000|100%|HS|  |TAMS 0x0000000744400000, 0x0000000744300000| Complete 
|  68|0x0000000744400000, 0x0000000744500000, 0x0000000744500000|100%|HC|  |TAMS 0x0000000744500000, 0x0000000744400000| Complete 
|  69|0x0000000744500000, 0x0000000744600000, 0x0000000744600000|100%|HC|  |TAMS 0x0000000744600000, 0x0000000744500000| Complete 
|  70|0x0000000744600000, 0x00000007446ffff8, 0x0000000744700000| 99%| O|  |TAMS 0x00000007446ffff8, 0x0000000744600000| Untracked 
|  71|0x0000000744700000, 0x00000007447ffff0, 0x0000000744800000| 99%| O|  |TAMS 0x00000007447ffff0, 0x0000000744700000| Untracked 
|  72|0x0000000744800000, 0x0000000744900000, 0x0000000744900000|100%| O|  |TAMS 0x0000000744900000, 0x0000000744800000| Untracked 
|  73|0x0000000744900000, 0x00000007449ffff0, 0x0000000744a00000| 99%| O|  |TAMS 0x00000007449ffff0, 0x0000000744900000| Untracked 
|  74|0x0000000744a00000, 0x0000000744b00000, 0x0000000744b00000|100%| O|  |TAMS 0x0000000744b00000, 0x0000000744a00000| Untracked 
|  75|0x0000000744b00000, 0x0000000744bfffe8, 0x0000000744c00000| 99%| O|  |TAMS 0x0000000744bfffe8, 0x0000000744b00000| Untracked 
|  76|0x0000000744c00000, 0x0000000744cffd08, 0x0000000744d00000| 99%| O|  |TAMS 0x0000000744cffd08, 0x0000000744c00000| Untracked 
|  77|0x0000000744d00000, 0x0000000744dfffe8, 0x0000000744e00000| 99%| O|  |TAMS 0x0000000744dfffe8, 0x0000000744d00000| Untracked 
|  78|0x0000000744e00000, 0x0000000744f00000, 0x0000000744f00000|100%| O|  |TAMS 0x0000000744f00000, 0x0000000744e00000| Untracked 
|  79|0x0000000744f00000, 0x0000000745000000, 0x0000000745000000|100%| O|  |TAMS 0x0000000745000000, 0x0000000744f00000| Untracked 
|  80|0x0000000745000000, 0x00000007450ffff8, 0x0000000745100000| 99%| O|  |TAMS 0x00000007450ffff8, 0x0000000745000000| Untracked 
|  81|0x0000000745100000, 0x00000007451ffff0, 0x0000000745200000| 99%| O|  |TAMS 0x00000007451ffff0, 0x0000000745100000| Untracked 
|  82|0x0000000745200000, 0x00000007452ffd68, 0x0000000745300000| 99%| O|  |TAMS 0x00000007452ffd68, 0x0000000745200000| Untracked 
|  83|0x0000000745300000, 0x00000007453fffe8, 0x0000000745400000| 99%| O|  |TAMS 0x00000007453fffe8, 0x0000000745300000| Untracked 
|  84|0x0000000745400000, 0x00000007454fffe8, 0x0000000745500000| 99%| O|  |TAMS 0x00000007454fffe8, 0x0000000745400000| Untracked 
|  85|0x0000000745500000, 0x00000007455ffff0, 0x0000000745600000| 99%| O|  |TAMS 0x00000007455ffff0, 0x0000000745500000| Untracked 
|  86|0x0000000745600000, 0x00000007456fffe8, 0x0000000745700000| 99%| O|  |TAMS 0x00000007456fffe8, 0x0000000745600000| Untracked 
|  87|0x0000000745700000, 0x0000000745800000, 0x0000000745800000|100%| O|  |TAMS 0x0000000745800000, 0x0000000745700000| Untracked 
|  88|0x0000000745800000, 0x0000000745900000, 0x0000000745900000|100%| O|  |TAMS 0x0000000745900000, 0x0000000745800000| Untracked 
|  89|0x0000000745900000, 0x00000007459ffff8, 0x0000000745a00000| 99%| O|  |TAMS 0x00000007459ffff8, 0x0000000745900000| Untracked 
|  90|0x0000000745a00000, 0x0000000745afffe8, 0x0000000745b00000| 99%| O|  |TAMS 0x0000000745afffe8, 0x0000000745a00000| Untracked 
|  91|0x0000000745b00000, 0x0000000745c00000, 0x0000000745c00000|100%| O|  |TAMS 0x0000000745c00000, 0x0000000745b00000| Untracked 
|  92|0x0000000745c00000, 0x0000000745cfffe8, 0x0000000745d00000| 99%| O|  |TAMS 0x0000000745cfffe8, 0x0000000745c00000| Untracked 
|  93|0x0000000745d00000, 0x0000000745dffff8, 0x0000000745e00000| 99%| O|  |TAMS 0x0000000745dffff8, 0x0000000745d00000| Untracked 
|  94|0x0000000745e00000, 0x0000000745efffe8, 0x0000000745f00000| 99%| O|  |TAMS 0x0000000745efffe8, 0x0000000745e00000| Untracked 
|  95|0x0000000745f00000, 0x0000000746000000, 0x0000000746000000|100%| O|  |TAMS 0x0000000746000000, 0x0000000745f00000| Untracked 
|  96|0x0000000746000000, 0x00000007460ffff8, 0x0000000746100000| 99%| O|  |TAMS 0x00000007460ffff8, 0x0000000746000000| Untracked 
|  97|0x0000000746100000, 0x00000007461fffd0, 0x0000000746200000| 99%| O|  |TAMS 0x00000007461fffd0, 0x0000000746100000| Untracked 
|  98|0x0000000746200000, 0x00000007462fffe0, 0x0000000746300000| 99%| O|  |TAMS 0x00000007462fffe0, 0x0000000746200000| Untracked 
|  99|0x0000000746300000, 0x00000007463fffc8, 0x0000000746400000| 99%| O|  |TAMS 0x00000007463fffc8, 0x0000000746300000| Untracked 
| 100|0x0000000746400000, 0x00000007464ffee8, 0x0000000746500000| 99%| O|  |TAMS 0x00000007464ffee8, 0x0000000746400000| Untracked 
| 101|0x0000000746500000, 0x00000007465ffff8, 0x0000000746600000| 99%| O|  |TAMS 0x00000007465ffff8, 0x0000000746500000| Untracked 
| 102|0x0000000746600000, 0x00000007466ffff8, 0x0000000746700000| 99%| O|  |TAMS 0x00000007466ffff8, 0x0000000746600000| Untracked 
| 103|0x0000000746700000, 0x00000007467ffff0, 0x0000000746800000| 99%| O|  |TAMS 0x00000007467ffff0, 0x0000000746700000| Untracked 
| 104|0x0000000746800000, 0x00000007468ffff0, 0x0000000746900000| 99%| O|  |TAMS 0x00000007468ffff0, 0x0000000746800000| Untracked 
| 105|0x0000000746900000, 0x00000007469ffff8, 0x0000000746a00000| 99%| O|  |TAMS 0x00000007469ffff8, 0x0000000746900000| Untracked 
| 106|0x0000000746a00000, 0x0000000746affff0, 0x0000000746b00000| 99%| O|  |TAMS 0x0000000746affff0, 0x0000000746a00000| Untracked 
| 107|0x0000000746b00000, 0x0000000746bffff0, 0x0000000746c00000| 99%| O|  |TAMS 0x0000000746bffff0, 0x0000000746b00000| Untracked 
| 108|0x0000000746c00000, 0x0000000746cfffe0, 0x0000000746d00000| 99%| O|  |TAMS 0x0000000746cfffe0, 0x0000000746c00000| Untracked 
| 109|0x0000000746d00000, 0x0000000746dfff18, 0x0000000746e00000| 99%| O|  |TAMS 0x0000000746dfff18, 0x0000000746d00000| Untracked 
| 110|0x0000000746e00000, 0x0000000746effff8, 0x0000000746f00000| 99%| O|  |TAMS 0x0000000746effff8, 0x0000000746e00000| Untracked 
| 111|0x0000000746f00000, 0x0000000747000000, 0x0000000747000000|100%| O|  |TAMS 0x0000000747000000, 0x0000000746f00000| Untracked 
| 112|0x0000000747000000, 0x00000007470ffff0, 0x0000000747100000| 99%| O|  |TAMS 0x00000007470ffff0, 0x0000000747000000| Untracked 
| 113|0x0000000747100000, 0x0000000747200000, 0x0000000747200000|100%| O|  |TAMS 0x0000000747200000, 0x0000000747100000| Untracked 
| 114|0x0000000747200000, 0x00000007472fbca0, 0x0000000747300000| 98%| O|  |TAMS 0x00000007472fbca0, 0x0000000747200000| Untracked 
| 115|0x0000000747300000, 0x00000007473fff38, 0x0000000747400000| 99%| O|  |TAMS 0x00000007473fff38, 0x0000000747300000| Untracked 
| 116|0x0000000747400000, 0x00000007474fffe8, 0x0000000747500000| 99%| O|  |TAMS 0x00000007474fffe8, 0x0000000747400000| Untracked 
| 117|0x0000000747500000, 0x00000007475fffe8, 0x0000000747600000| 99%| O|  |TAMS 0x00000007475fffe8, 0x0000000747500000| Untracked 
| 118|0x0000000747600000, 0x0000000747700000, 0x0000000747700000|100%| O|  |TAMS 0x0000000747700000, 0x0000000747600000| Untracked 
| 119|0x0000000747700000, 0x0000000747800000, 0x0000000747800000|100%|HS|  |TAMS 0x0000000747800000, 0x0000000747700000| Untracked 
| 120|0x0000000747800000, 0x00000007478ffe68, 0x0000000747900000| 99%| O|  |TAMS 0x00000007478ffe68, 0x0000000747800000| Untracked 
| 121|0x0000000747900000, 0x00000007479fffc0, 0x0000000747a00000| 99%| O|  |TAMS 0x00000007479fffc0, 0x0000000747900000| Untracked 
| 122|0x0000000747a00000, 0x0000000747b00000, 0x0000000747b00000|100%| O|  |TAMS 0x0000000747b00000, 0x0000000747a00000| Untracked 
| 123|0x0000000747b00000, 0x0000000747bfffe8, 0x0000000747c00000| 99%| O|  |TAMS 0x0000000747bfffe8, 0x0000000747b00000| Untracked 
| 124|0x0000000747c00000, 0x0000000747cce790, 0x0000000747d00000| 80%| O|  |TAMS 0x0000000747cce790, 0x0000000747c00000| Untracked 
| 125|0x0000000747d00000, 0x0000000747e00000, 0x0000000747e00000|100%|HS|  |TAMS 0x0000000747e00000, 0x0000000747d00000| Complete 
| 126|0x0000000747e00000, 0x0000000747f00000, 0x0000000747f00000|100%|HC|  |TAMS 0x0000000747f00000, 0x0000000747e00000| Complete 
| 127|0x0000000747f00000, 0x0000000747fffff0, 0x0000000748000000| 99%| O|  |TAMS 0x0000000747fffff0, 0x0000000747f00000| Untracked 
| 128|0x0000000748000000, 0x0000000748100000, 0x0000000748100000|100%| O|  |TAMS 0x0000000748100000, 0x0000000748000000| Untracked 
| 129|0x0000000748100000, 0x00000007481e0630, 0x0000000748200000| 87%| O|  |TAMS 0x00000007481e0630, 0x0000000748100000| Untracked 
| 130|0x0000000748200000, 0x00000007482d45a0, 0x0000000748300000| 82%| O|  |TAMS 0x00000007482d45a0, 0x0000000748200000| Untracked 
| 131|0x0000000748300000, 0x0000000748381820, 0x0000000748400000| 50%| O|  |TAMS 0x0000000748381820, 0x0000000748300000| Untracked 
| 132|0x0000000748400000, 0x00000007484d17e0, 0x0000000748500000| 81%| O|  |TAMS 0x00000007484d17e0, 0x0000000748400000| Untracked 
| 133|0x0000000748500000, 0x0000000748526180, 0x0000000748600000| 14%| O|  |TAMS 0x0000000748526180, 0x0000000748500000| Untracked 
| 134|0x0000000748600000, 0x0000000748650ed8, 0x0000000748700000| 31%| O|  |TAMS 0x0000000748650ed8, 0x0000000748600000| Untracked 
| 135|0x0000000748700000, 0x0000000748800000, 0x0000000748800000|100%|HS|  |TAMS 0x0000000748800000, 0x0000000748700000| Complete 
| 136|0x0000000748800000, 0x0000000748900000, 0x0000000748900000|100%|HC|  |TAMS 0x0000000748900000, 0x0000000748800000| Complete 
| 137|0x0000000748900000, 0x0000000748a00000, 0x0000000748a00000|100%|HC|  |TAMS 0x0000000748a00000, 0x0000000748900000| Complete 
| 138|0x0000000748a00000, 0x0000000748b00000, 0x0000000748b00000|100%|HS|  |TAMS 0x0000000748a00000, 0x0000000748a00000| Complete 
| 139|0x0000000748b00000, 0x0000000748c00000, 0x0000000748c00000|100%|HC|  |TAMS 0x0000000748b00000, 0x0000000748b00000| Complete 
| 140|0x0000000748c00000, 0x0000000748d00000, 0x0000000748d00000|100%|HC|  |TAMS 0x0000000748c00000, 0x0000000748c00000| Complete 
| 141|0x0000000748d00000, 0x0000000748e00000, 0x0000000748e00000|100%|HC|  |TAMS 0x0000000748d00000, 0x0000000748d00000| Complete 
| 142|0x0000000748e00000, 0x0000000748e00000, 0x0000000748f00000|  0%| F|  |TAMS 0x0000000748e00000, 0x0000000748e00000| Untracked 
| 143|0x0000000748f00000, 0x0000000748f00000, 0x0000000749000000|  0%| F|  |TAMS 0x0000000748f00000, 0x0000000748f00000| Untracked 
| 144|0x0000000749000000, 0x0000000749000000, 0x0000000749100000|  0%| F|  |TAMS 0x0000000749000000, 0x0000000749000000| Untracked 
| 145|0x0000000749100000, 0x0000000749100000, 0x0000000749200000|  0%| F|  |TAMS 0x0000000749100000, 0x0000000749100000| Untracked 
| 146|0x0000000749200000, 0x0000000749200000, 0x0000000749300000|  0%| F|  |TAMS 0x0000000749200000, 0x0000000749200000| Untracked 
| 147|0x0000000749300000, 0x0000000749300000, 0x0000000749400000|  0%| F|  |TAMS 0x0000000749300000, 0x0000000749300000| Untracked 
| 148|0x0000000749400000, 0x0000000749400000, 0x0000000749500000|  0%| F|  |TAMS 0x0000000749400000, 0x0000000749400000| Untracked 
| 149|0x0000000749500000, 0x0000000749500000, 0x0000000749600000|  0%| F|  |TAMS 0x0000000749500000, 0x0000000749500000| Untracked 
| 150|0x0000000749600000, 0x0000000749600000, 0x0000000749700000|  0%| F|  |TAMS 0x0000000749600000, 0x0000000749600000| Untracked 
| 151|0x0000000749700000, 0x0000000749700000, 0x0000000749800000|  0%| F|  |TAMS 0x0000000749700000, 0x0000000749700000| Untracked 
| 152|0x0000000749800000, 0x0000000749800000, 0x0000000749900000|  0%| F|  |TAMS 0x0000000749800000, 0x0000000749800000| Untracked 
| 153|0x0000000749900000, 0x0000000749900000, 0x0000000749a00000|  0%| F|  |TAMS 0x0000000749900000, 0x0000000749900000| Untracked 
| 154|0x0000000749a00000, 0x0000000749a00000, 0x0000000749b00000|  0%| F|  |TAMS 0x0000000749a00000, 0x0000000749a00000| Untracked 
| 155|0x0000000749b00000, 0x0000000749b00000, 0x0000000749c00000|  0%| F|  |TAMS 0x0000000749b00000, 0x0000000749b00000| Untracked 
| 156|0x0000000749c00000, 0x0000000749c00000, 0x0000000749d00000|  0%| F|  |TAMS 0x0000000749c00000, 0x0000000749c00000| Untracked 
| 157|0x0000000749d00000, 0x0000000749d00000, 0x0000000749e00000|  0%| F|  |TAMS 0x0000000749d00000, 0x0000000749d00000| Untracked 
| 158|0x0000000749e00000, 0x0000000749e00000, 0x0000000749f00000|  0%| F|  |TAMS 0x0000000749e00000, 0x0000000749e00000| Untracked 
| 159|0x0000000749f00000, 0x000000074a000000, 0x000000074a000000|100%|HS|  |TAMS 0x000000074a000000, 0x0000000749f00000| Complete 
| 160|0x000000074a000000, 0x000000074a100000, 0x000000074a100000|100%|HC|  |TAMS 0x000000074a100000, 0x000000074a000000| Complete 
| 161|0x000000074a100000, 0x000000074a100000, 0x000000074a200000|  0%| F|  |TAMS 0x000000074a100000, 0x000000074a100000| Untracked 
| 162|0x000000074a200000, 0x000000074a200000, 0x000000074a300000|  0%| F|  |TAMS 0x000000074a200000, 0x000000074a200000| Untracked 
| 163|0x000000074a300000, 0x000000074a300000, 0x000000074a400000|  0%| F|  |TAMS 0x000000074a300000, 0x000000074a300000| Untracked 
| 164|0x000000074a400000, 0x000000074a400000, 0x000000074a500000|  0%| F|  |TAMS 0x000000074a400000, 0x000000074a400000| Untracked 
| 165|0x000000074a500000, 0x000000074a500000, 0x000000074a600000|  0%| F|  |TAMS 0x000000074a500000, 0x000000074a500000| Untracked 
| 166|0x000000074a600000, 0x000000074a700000, 0x000000074a700000|100%|HS|  |TAMS 0x000000074a700000, 0x000000074a600000| Complete 
| 167|0x000000074a700000, 0x000000074a800000, 0x000000074a800000|100%|HC|  |TAMS 0x000000074a800000, 0x000000074a700000| Complete 
| 168|0x000000074a800000, 0x000000074a900000, 0x000000074a900000|100%|HC|  |TAMS 0x000000074a900000, 0x000000074a800000| Complete 
| 169|0x000000074a900000, 0x000000074aa00000, 0x000000074aa00000|100%|HC|  |TAMS 0x000000074aa00000, 0x000000074a900000| Complete 
| 170|0x000000074aa00000, 0x000000074ab00000, 0x000000074ab00000|100%|HC|  |TAMS 0x000000074ab00000, 0x000000074aa00000| Complete 
| 171|0x000000074ab00000, 0x000000074ac00000, 0x000000074ac00000|100%|HC|  |TAMS 0x000000074ac00000, 0x000000074ab00000| Complete 
| 172|0x000000074ac00000, 0x000000074ad00000, 0x000000074ad00000|100%|HC|  |TAMS 0x000000074ad00000, 0x000000074ac00000| Complete 
| 173|0x000000074ad00000, 0x000000074ae00000, 0x000000074ae00000|100%|HC|  |TAMS 0x000000074ae00000, 0x000000074ad00000| Complete 
| 174|0x000000074ae00000, 0x000000074ae00000, 0x000000074af00000|  0%| F|  |TAMS 0x000000074ae00000, 0x000000074ae00000| Untracked 
| 175|0x000000074af00000, 0x000000074af00000, 0x000000074b000000|  0%| F|  |TAMS 0x000000074af00000, 0x000000074af00000| Untracked 
| 176|0x000000074b000000, 0x000000074b000000, 0x000000074b100000|  0%| F|  |TAMS 0x000000074b000000, 0x000000074b000000| Untracked 
| 177|0x000000074b100000, 0x000000074b100000, 0x000000074b200000|  0%| F|  |TAMS 0x000000074b100000, 0x000000074b100000| Untracked 
| 178|0x000000074b200000, 0x000000074b200000, 0x000000074b300000|  0%| F|  |TAMS 0x000000074b200000, 0x000000074b200000| Untracked 
| 179|0x000000074b300000, 0x000000074b300000, 0x000000074b400000|  0%| F|  |TAMS 0x000000074b300000, 0x000000074b300000| Untracked 
| 180|0x000000074b400000, 0x000000074b400000, 0x000000074b500000|  0%| F|  |TAMS 0x000000074b400000, 0x000000074b400000| Untracked 
| 181|0x000000074b500000, 0x000000074b500000, 0x000000074b600000|  0%| F|  |TAMS 0x000000074b500000, 0x000000074b500000| Untracked 
| 182|0x000000074b600000, 0x000000074b600000, 0x000000074b700000|  0%| F|  |TAMS 0x000000074b600000, 0x000000074b600000| Untracked 
| 183|0x000000074b700000, 0x000000074b700000, 0x000000074b800000|  0%| F|  |TAMS 0x000000074b700000, 0x000000074b700000| Untracked 
| 184|0x000000074b800000, 0x000000074b800000, 0x000000074b900000|  0%| F|  |TAMS 0x000000074b800000, 0x000000074b800000| Untracked 
| 185|0x000000074b900000, 0x000000074b900000, 0x000000074ba00000|  0%| F|  |TAMS 0x000000074b900000, 0x000000074b900000| Untracked 
| 186|0x000000074ba00000, 0x000000074ba00000, 0x000000074bb00000|  0%| F|  |TAMS 0x000000074ba00000, 0x000000074ba00000| Untracked 
| 187|0x000000074bb00000, 0x000000074bb00000, 0x000000074bc00000|  0%| F|  |TAMS 0x000000074bb00000, 0x000000074bb00000| Untracked 
| 188|0x000000074bc00000, 0x000000074bc00000, 0x000000074bd00000|  0%| F|  |TAMS 0x000000074bc00000, 0x000000074bc00000| Untracked 
| 189|0x000000074bd00000, 0x000000074bd00000, 0x000000074be00000|  0%| F|  |TAMS 0x000000074bd00000, 0x000000074bd00000| Untracked 
| 190|0x000000074be00000, 0x000000074be00000, 0x000000074bf00000|  0%| F|  |TAMS 0x000000074be00000, 0x000000074be00000| Untracked 
| 191|0x000000074bf00000, 0x000000074bf00000, 0x000000074c000000|  0%| F|  |TAMS 0x000000074bf00000, 0x000000074bf00000| Untracked 
| 192|0x000000074c000000, 0x000000074c000000, 0x000000074c100000|  0%| F|  |TAMS 0x000000074c000000, 0x000000074c000000| Untracked 
| 193|0x000000074c100000, 0x000000074c100000, 0x000000074c200000|  0%| F|  |TAMS 0x000000074c100000, 0x000000074c100000| Untracked 
| 194|0x000000074c200000, 0x000000074c200000, 0x000000074c300000|  0%| F|  |TAMS 0x000000074c200000, 0x000000074c200000| Untracked 
| 195|0x000000074c300000, 0x000000074c300000, 0x000000074c400000|  0%| F|  |TAMS 0x000000074c300000, 0x000000074c300000| Untracked 
| 196|0x000000074c400000, 0x000000074c400000, 0x000000074c500000|  0%| F|  |TAMS 0x000000074c400000, 0x000000074c400000| Untracked 
| 197|0x000000074c500000, 0x000000074c500000, 0x000000074c600000|  0%| F|  |TAMS 0x000000074c500000, 0x000000074c500000| Untracked 
| 198|0x000000074c600000, 0x000000074c600000, 0x000000074c700000|  0%| F|  |TAMS 0x000000074c600000, 0x000000074c600000| Untracked 
| 199|0x000000074c700000, 0x000000074c700000, 0x000000074c800000|  0%| F|  |TAMS 0x000000074c700000, 0x000000074c700000| Untracked 
| 200|0x000000074c800000, 0x000000074c800000, 0x000000074c900000|  0%| F|  |TAMS 0x000000074c800000, 0x000000074c800000| Untracked 
| 201|0x000000074c900000, 0x000000074c900000, 0x000000074ca00000|  0%| F|  |TAMS 0x000000074c900000, 0x000000074c900000| Untracked 
| 202|0x000000074ca00000, 0x000000074ca00000, 0x000000074cb00000|  0%| F|  |TAMS 0x000000074ca00000, 0x000000074ca00000| Untracked 
| 203|0x000000074cb00000, 0x000000074cb00000, 0x000000074cc00000|  0%| F|  |TAMS 0x000000074cb00000, 0x000000074cb00000| Untracked 
| 204|0x000000074cc00000, 0x000000074cc00000, 0x000000074cd00000|  0%| F|  |TAMS 0x000000074cc00000, 0x000000074cc00000| Untracked 
| 205|0x000000074cd00000, 0x000000074cd00000, 0x000000074ce00000|  0%| F|  |TAMS 0x000000074cd00000, 0x000000074cd00000| Untracked 
| 206|0x000000074ce00000, 0x000000074ce00000, 0x000000074cf00000|  0%| F|  |TAMS 0x000000074ce00000, 0x000000074ce00000| Untracked 
| 207|0x000000074cf00000, 0x000000074cf00000, 0x000000074d000000|  0%| F|  |TAMS 0x000000074cf00000, 0x000000074cf00000| Untracked 
| 208|0x000000074d000000, 0x000000074d000000, 0x000000074d100000|  0%| F|  |TAMS 0x000000074d000000, 0x000000074d000000| Untracked 
| 209|0x000000074d100000, 0x000000074d100000, 0x000000074d200000|  0%| F|  |TAMS 0x000000074d100000, 0x000000074d100000| Untracked 
| 210|0x000000074d200000, 0x000000074d200000, 0x000000074d300000|  0%| F|  |TAMS 0x000000074d200000, 0x000000074d200000| Untracked 
| 211|0x000000074d300000, 0x000000074d300000, 0x000000074d400000|  0%| F|  |TAMS 0x000000074d300000, 0x000000074d300000| Untracked 
| 212|0x000000074d400000, 0x000000074d400000, 0x000000074d500000|  0%| F|  |TAMS 0x000000074d400000, 0x000000074d400000| Untracked 
| 213|0x000000074d500000, 0x000000074d500000, 0x000000074d600000|  0%| F|  |TAMS 0x000000074d500000, 0x000000074d500000| Untracked 
| 214|0x000000074d600000, 0x000000074d600000, 0x000000074d700000|  0%| F|  |TAMS 0x000000074d600000, 0x000000074d600000| Untracked 
| 215|0x000000074d700000, 0x000000074d700000, 0x000000074d800000|  0%| F|  |TAMS 0x000000074d700000, 0x000000074d700000| Untracked 
| 216|0x000000074d800000, 0x000000074d800000, 0x000000074d900000|  0%| F|  |TAMS 0x000000074d800000, 0x000000074d800000| Untracked 
| 217|0x000000074d900000, 0x000000074d900000, 0x000000074da00000|  0%| F|  |TAMS 0x000000074d900000, 0x000000074d900000| Untracked 
| 218|0x000000074da00000, 0x000000074da00000, 0x000000074db00000|  0%| F|  |TAMS 0x000000074da00000, 0x000000074da00000| Untracked 
| 219|0x000000074db00000, 0x000000074db00000, 0x000000074dc00000|  0%| F|  |TAMS 0x000000074db00000, 0x000000074db00000| Untracked 
| 220|0x000000074dc00000, 0x000000074dc00000, 0x000000074dd00000|  0%| F|  |TAMS 0x000000074dc00000, 0x000000074dc00000| Untracked 
| 221|0x000000074dd00000, 0x000000074dd00000, 0x000000074de00000|  0%| F|  |TAMS 0x000000074dd00000, 0x000000074dd00000| Untracked 
| 222|0x000000074de00000, 0x000000074de00000, 0x000000074df00000|  0%| F|  |TAMS 0x000000074de00000, 0x000000074de00000| Untracked 
| 223|0x000000074df00000, 0x000000074df00000, 0x000000074e000000|  0%| F|  |TAMS 0x000000074df00000, 0x000000074df00000| Untracked 
| 224|0x000000074e000000, 0x000000074e000000, 0x000000074e100000|  0%| F|  |TAMS 0x000000074e000000, 0x000000074e000000| Untracked 
| 225|0x000000074e100000, 0x000000074e100000, 0x000000074e200000|  0%| F|  |TAMS 0x000000074e100000, 0x000000074e100000| Untracked 
| 226|0x000000074e200000, 0x000000074e200000, 0x000000074e300000|  0%| F|  |TAMS 0x000000074e200000, 0x000000074e200000| Untracked 
| 227|0x000000074e300000, 0x000000074e300000, 0x000000074e400000|  0%| F|  |TAMS 0x000000074e300000, 0x000000074e300000| Untracked 
| 228|0x000000074e400000, 0x000000074e400000, 0x000000074e500000|  0%| F|  |TAMS 0x000000074e400000, 0x000000074e400000| Untracked 
| 229|0x000000074e500000, 0x000000074e500000, 0x000000074e600000|  0%| F|  |TAMS 0x000000074e500000, 0x000000074e500000| Untracked 
| 230|0x000000074e600000, 0x000000074e600000, 0x000000074e700000|  0%| F|  |TAMS 0x000000074e600000, 0x000000074e600000| Untracked 
| 231|0x000000074e700000, 0x000000074e700000, 0x000000074e800000|  0%| F|  |TAMS 0x000000074e700000, 0x000000074e700000| Untracked 
| 232|0x000000074e800000, 0x000000074e800000, 0x000000074e900000|  0%| F|  |TAMS 0x000000074e800000, 0x000000074e800000| Untracked 
| 233|0x000000074e900000, 0x000000074e900000, 0x000000074ea00000|  0%| F|  |TAMS 0x000000074e900000, 0x000000074e900000| Untracked 
| 234|0x000000074ea00000, 0x000000074ea00000, 0x000000074eb00000|  0%| F|  |TAMS 0x000000074ea00000, 0x000000074ea00000| Untracked 
| 235|0x000000074eb00000, 0x000000074eb00000, 0x000000074ec00000|  0%| F|  |TAMS 0x000000074eb00000, 0x000000074eb00000| Untracked 
| 236|0x000000074ec00000, 0x000000074ec00000, 0x000000074ed00000|  0%| F|  |TAMS 0x000000074ec00000, 0x000000074ec00000| Untracked 
| 237|0x000000074ed00000, 0x000000074ed00000, 0x000000074ee00000|  0%| F|  |TAMS 0x000000074ed00000, 0x000000074ed00000| Untracked 
| 238|0x000000074ee00000, 0x000000074ee00000, 0x000000074ef00000|  0%| F|  |TAMS 0x000000074ee00000, 0x000000074ee00000| Untracked 
| 239|0x000000074ef00000, 0x000000074ef00000, 0x000000074f000000|  0%| F|  |TAMS 0x000000074ef00000, 0x000000074ef00000| Untracked 
| 240|0x000000074f000000, 0x000000074f000000, 0x000000074f100000|  0%| F|  |TAMS 0x000000074f000000, 0x000000074f000000| Untracked 
| 241|0x000000074f100000, 0x000000074f1ed410, 0x000000074f200000| 92%| S|CS|TAMS 0x000000074f100000, 0x000000074f100000| Complete 
| 242|0x000000074f200000, 0x000000074f200000, 0x000000074f300000|  0%| F|  |TAMS 0x000000074f200000, 0x000000074f200000| Untracked 
| 243|0x000000074f300000, 0x000000074f300000, 0x000000074f400000|  0%| F|  |TAMS 0x000000074f300000, 0x000000074f300000| Untracked 
| 244|0x000000074f400000, 0x000000074f400000, 0x000000074f500000|  0%| F|  |TAMS 0x000000074f400000, 0x000000074f400000| Untracked 
| 245|0x000000074f500000, 0x000000074f500000, 0x000000074f600000|  0%| F|  |TAMS 0x000000074f500000, 0x000000074f500000| Untracked 
| 246|0x000000074f600000, 0x000000074f600000, 0x000000074f700000|  0%| F|  |TAMS 0x000000074f600000, 0x000000074f600000| Untracked 
| 247|0x000000074f700000, 0x000000074f700000, 0x000000074f800000|  0%| F|  |TAMS 0x000000074f700000, 0x000000074f700000| Untracked 
| 248|0x000000074f800000, 0x000000074f800000, 0x000000074f900000|  0%| F|  |TAMS 0x000000074f800000, 0x000000074f800000| Untracked 
| 249|0x000000074f900000, 0x000000074f900000, 0x000000074fa00000|  0%| F|  |TAMS 0x000000074f900000, 0x000000074f900000| Untracked 
| 250|0x000000074fa00000, 0x000000074fa00000, 0x000000074fb00000|  0%| F|  |TAMS 0x000000074fa00000, 0x000000074fa00000| Untracked 
| 251|0x000000074fb00000, 0x000000074fb00000, 0x000000074fc00000|  0%| F|  |TAMS 0x000000074fb00000, 0x000000074fb00000| Untracked 
| 252|0x000000074fc00000, 0x000000074fc00000, 0x000000074fd00000|  0%| F|  |TAMS 0x000000074fc00000, 0x000000074fc00000| Untracked 
| 253|0x000000074fd00000, 0x000000074fd00000, 0x000000074fe00000|  0%| F|  |TAMS 0x000000074fd00000, 0x000000074fd00000| Untracked 
| 254|0x000000074fe00000, 0x000000074fe00000, 0x000000074ff00000|  0%| F|  |TAMS 0x000000074fe00000, 0x000000074fe00000| Untracked 
| 255|0x000000074ff00000, 0x000000074ff00000, 0x0000000750000000|  0%| F|  |TAMS 0x000000074ff00000, 0x000000074ff00000| Untracked 
| 256|0x0000000750000000, 0x0000000750000000, 0x0000000750100000|  0%| F|  |TAMS 0x0000000750000000, 0x0000000750000000| Untracked 
| 257|0x0000000750100000, 0x0000000750100000, 0x0000000750200000|  0%| F|  |TAMS 0x0000000750100000, 0x0000000750100000| Untracked 
| 258|0x0000000750200000, 0x0000000750200000, 0x0000000750300000|  0%| F|  |TAMS 0x0000000750200000, 0x0000000750200000| Untracked 
| 259|0x0000000750300000, 0x0000000750300000, 0x0000000750400000|  0%| F|  |TAMS 0x0000000750300000, 0x0000000750300000| Untracked 
| 260|0x0000000750400000, 0x0000000750400000, 0x0000000750500000|  0%| F|  |TAMS 0x0000000750400000, 0x0000000750400000| Untracked 
| 261|0x0000000750500000, 0x0000000750500000, 0x0000000750600000|  0%| F|  |TAMS 0x0000000750500000, 0x0000000750500000| Untracked 
| 262|0x0000000750600000, 0x0000000750600000, 0x0000000750700000|  0%| F|  |TAMS 0x0000000750600000, 0x0000000750600000| Untracked 
| 263|0x0000000750700000, 0x0000000750700000, 0x0000000750800000|  0%| F|  |TAMS 0x0000000750700000, 0x0000000750700000| Untracked 
| 264|0x0000000750800000, 0x0000000750800000, 0x0000000750900000|  0%| F|  |TAMS 0x0000000750800000, 0x0000000750800000| Untracked 
| 265|0x0000000750900000, 0x0000000750900000, 0x0000000750a00000|  0%| F|  |TAMS 0x0000000750900000, 0x0000000750900000| Untracked 
| 266|0x0000000750a00000, 0x0000000750a00000, 0x0000000750b00000|  0%| F|  |TAMS 0x0000000750a00000, 0x0000000750a00000| Untracked 
| 267|0x0000000750b00000, 0x0000000750b00000, 0x0000000750c00000|  0%| F|  |TAMS 0x0000000750b00000, 0x0000000750b00000| Untracked 
| 268|0x0000000750c00000, 0x0000000750c00000, 0x0000000750d00000|  0%| F|  |TAMS 0x0000000750c00000, 0x0000000750c00000| Untracked 
| 269|0x0000000750d00000, 0x0000000750d00000, 0x0000000750e00000|  0%| F|  |TAMS 0x0000000750d00000, 0x0000000750d00000| Untracked 
| 270|0x0000000750e00000, 0x0000000750e00000, 0x0000000750f00000|  0%| F|  |TAMS 0x0000000750e00000, 0x0000000750e00000| Untracked 
| 271|0x0000000750f00000, 0x0000000750f00000, 0x0000000751000000|  0%| F|  |TAMS 0x0000000750f00000, 0x0000000750f00000| Untracked 
| 272|0x0000000751000000, 0x0000000751000000, 0x0000000751100000|  0%| F|  |TAMS 0x0000000751000000, 0x0000000751000000| Untracked 
| 273|0x0000000751100000, 0x0000000751100000, 0x0000000751200000|  0%| F|  |TAMS 0x0000000751100000, 0x0000000751100000| Untracked 
| 274|0x0000000751200000, 0x0000000751200000, 0x0000000751300000|  0%| F|  |TAMS 0x0000000751200000, 0x0000000751200000| Untracked 
| 275|0x0000000751300000, 0x0000000751300000, 0x0000000751400000|  0%| F|  |TAMS 0x0000000751300000, 0x0000000751300000| Untracked 
| 276|0x0000000751400000, 0x0000000751400000, 0x0000000751500000|  0%| F|  |TAMS 0x0000000751400000, 0x0000000751400000| Untracked 
| 277|0x0000000751500000, 0x0000000751500000, 0x0000000751600000|  0%| F|  |TAMS 0x0000000751500000, 0x0000000751500000| Untracked 
| 278|0x0000000751600000, 0x0000000751600000, 0x0000000751700000|  0%| F|  |TAMS 0x0000000751600000, 0x0000000751600000| Untracked 
| 279|0x0000000751700000, 0x0000000751700000, 0x0000000751800000|  0%| F|  |TAMS 0x0000000751700000, 0x0000000751700000| Untracked 
| 280|0x0000000751800000, 0x0000000751800000, 0x0000000751900000|  0%| F|  |TAMS 0x0000000751800000, 0x0000000751800000| Untracked 
| 281|0x0000000751900000, 0x0000000751900000, 0x0000000751a00000|  0%| F|  |TAMS 0x0000000751900000, 0x0000000751900000| Untracked 
| 282|0x0000000751a00000, 0x0000000751a00000, 0x0000000751b00000|  0%| F|  |TAMS 0x0000000751a00000, 0x0000000751a00000| Untracked 
| 283|0x0000000751b00000, 0x0000000751b00000, 0x0000000751c00000|  0%| F|  |TAMS 0x0000000751b00000, 0x0000000751b00000| Untracked 
| 284|0x0000000751c00000, 0x0000000751c00000, 0x0000000751d00000|  0%| F|  |TAMS 0x0000000751c00000, 0x0000000751c00000| Untracked 
| 285|0x0000000751d00000, 0x0000000751d00000, 0x0000000751e00000|  0%| F|  |TAMS 0x0000000751d00000, 0x0000000751d00000| Untracked 
| 286|0x0000000751e00000, 0x0000000751e00000, 0x0000000751f00000|  0%| F|  |TAMS 0x0000000751e00000, 0x0000000751e00000| Untracked 
| 287|0x0000000751f00000, 0x0000000751f00000, 0x0000000752000000|  0%| F|  |TAMS 0x0000000751f00000, 0x0000000751f00000| Untracked 
| 288|0x0000000752000000, 0x0000000752000000, 0x0000000752100000|  0%| F|  |TAMS 0x0000000752000000, 0x0000000752000000| Untracked 
| 289|0x0000000752100000, 0x0000000752107aa8, 0x0000000752200000|  2%| E|  |TAMS 0x0000000752100000, 0x0000000752100000| Complete 
| 290|0x0000000752200000, 0x0000000752300000, 0x0000000752300000|100%| E|CS|TAMS 0x0000000752200000, 0x0000000752200000| Complete 
| 291|0x0000000752300000, 0x0000000752400000, 0x0000000752400000|100%| E|CS|TAMS 0x0000000752300000, 0x0000000752300000| Complete 
| 292|0x0000000752400000, 0x0000000752500000, 0x0000000752500000|100%| E|CS|TAMS 0x0000000752400000, 0x0000000752400000| Complete 
| 293|0x0000000752500000, 0x0000000752600000, 0x0000000752600000|100%| E|CS|TAMS 0x0000000752500000, 0x0000000752500000| Complete 
| 294|0x0000000752600000, 0x0000000752700000, 0x0000000752700000|100%| E|CS|TAMS 0x0000000752600000, 0x0000000752600000| Complete 
| 295|0x0000000752700000, 0x0000000752800000, 0x0000000752800000|100%| E|CS|TAMS 0x0000000752700000, 0x0000000752700000| Complete 
| 296|0x0000000752800000, 0x0000000752900000, 0x0000000752900000|100%| E|CS|TAMS 0x0000000752800000, 0x0000000752800000| Complete 
| 297|0x0000000752900000, 0x0000000752a00000, 0x0000000752a00000|100%| E|CS|TAMS 0x0000000752900000, 0x0000000752900000| Complete 
| 298|0x0000000752a00000, 0x0000000752b00000, 0x0000000752b00000|100%| E|CS|TAMS 0x0000000752a00000, 0x0000000752a00000| Complete 
| 299|0x0000000752b00000, 0x0000000752c00000, 0x0000000752c00000|100%| E|CS|TAMS 0x0000000752b00000, 0x0000000752b00000| Complete 
| 300|0x0000000752c00000, 0x0000000752d00000, 0x0000000752d00000|100%| E|CS|TAMS 0x0000000752c00000, 0x0000000752c00000| Complete 
| 301|0x0000000752d00000, 0x0000000752e00000, 0x0000000752e00000|100%| E|CS|TAMS 0x0000000752d00000, 0x0000000752d00000| Complete 

Card table byte_map: [0x000001c609d80000,0x000001c60a380000] _byte_map_base: 0x000001c606380000

Marking Bits (Prev, Next): (CMBitMap*) 0x000001c63cfb9968, (CMBitMap*) 0x000001c63cfb99a0
 Prev Bits: [0x000001c6151c0000, 0x000001c6181c0000)
 Next Bits: [0x000001c6181c0000, 0x000001c61b1c0000)

Polling page: 0x000001c6034d0000

Metaspace:

Usage:
  Non-class:    102.53 MB capacity,   101.47 MB ( 99%) used,   809.68 KB ( <1%) free+waste,   273.00 KB ( <1%) overhead. 
      Class:     16.35 MB capacity,    15.58 MB ( 95%) used,   669.30 KB (  4%) free+waste,   122.88 KB ( <1%) overhead. 
       Both:    118.88 MB capacity,   117.05 MB ( 98%) used,     1.44 MB (  1%) free+waste,   395.88 KB ( <1%) overhead. 

Virtual space:
  Non-class space:      106.00 MB reserved,     105.92 MB (>99%) committed 
      Class space:        1.00 GB reserved,      18.13 MB (  2%) committed 
             Both:        1.10 GB reserved,     124.05 MB ( 11%) committed 

Chunk freelists:
   Non-Class:  434.63 KB
       Class:  226.63 KB
        Both:  661.25 KB

CodeHeap 'non-profiled nmethods': size=120000Kb used=32486Kb max_used=33809Kb free=87513Kb
 bounds [0x000001c62b4f0000, 0x000001c62d610000, 0x000001c632a20000]
CodeHeap 'profiled nmethods': size=120000Kb used=54570Kb max_used=57671Kb free=65429Kb
 bounds [0x000001c623fc0000, 0x000001c627880000, 0x000001c62b4f0000]
CodeHeap 'non-nmethods': size=5760Kb used=2038Kb max_used=2087Kb free=3722Kb
 bounds [0x000001c623a20000, 0x000001c623c90000, 0x000001c623fc0000]
 total_blobs=51428 nmethods=24293 adapters=1673
 compilation: enabled
              stopped_count=0, restarted_count=0
 full_count=0

Compilation events (10 events):
Event: 6084.294 Thread 0x000001c641141800 nmethod 34192 0x000001c62bb86390 code [0x000001c62bb86660, 0x000001c62bb87588]
Event: 6084.294 Thread 0x000001c641141800 34189       4       ui.utils.lnf.HSyntheticaJideTabbedPaneUI::getContentBorderInsets (270 bytes)
Event: 6084.303 Thread 0x000001c641141800 nmethod 34189 0x000001c62b99f590 code [0x000001c62b99f760, 0x000001c62b99fb68]
Event: 6085.446 Thread 0x000001c641141800 34193       4       sun.java2d.pipe.Region::getIntersectionXYXY (108 bytes)
Event: 6085.448 Thread 0x000001c641141800 nmethod 34193 0x000001c62b99f110 code [0x000001c62b99f2c0, 0x000001c62b99f498]
Event: 6085.651 Thread 0x000001c641141800 34194   !   4       javax.swing.JComponent::_paintImmediately (891 bytes)
Event: 6086.572 Thread 0x000001c641141800 nmethod 34194 0x000001c62d5fbb90 code [0x000001c62d5fc320, 0x000001c62d6077e8]
Event: 6086.588 Thread 0x000001c641141800 34195       4       javax.swing.RepaintManager::paint (93 bytes)
Event: 6086.787 Thread 0x000001c641141800 nmethod 34195 0x000001c62c10a290 code [0x000001c62c10a6e0, 0x000001c62c10d958]
Event: 6087.000 Thread 0x000001c641141800 34196   !   4       javax.swing.JComponent::_paintImmediately (891 bytes)

GC Heap History (10 events):
Event: 5991.815 GC heap before
{Heap before GC invocations=1521 (full 160):
 garbage-first heap   total 309248K, used 231401K [0x0000000740000000, 0x0000000800000000)
  region size 1024K, 60 young (61440K), 1 survivors (1024K)
 Metaspace       used 119916K, capacity 121886K, committed 127024K, reserved 1157120K
  class space    used 15991K, capacity 16824K, committed 18560K, reserved 1048576K
}
Event: 5992.351 GC heap after
{Heap after GC invocations=1522 (full 160):
 garbage-first heap   total 309248K, used 171116K [0x0000000740000000, 0x0000000800000000)
  region size 1024K, 1 young (1024K), 1 survivors (1024K)
 Metaspace       used 119916K, capacity 121886K, committed 127024K, reserved 1157120K
  class space    used 15991K, capacity 16824K, committed 18560K, reserved 1048576K
}
Event: 6082.154 GC heap before
{Heap before GC invocations=1523 (full 160):
 garbage-first heap   total 309248K, used 222316K [0x0000000740000000, 0x0000000800000000)
  region size 1024K, 52 young (53248K), 1 survivors (1024K)
 Metaspace       used 119922K, capacity 121858K, committed 127024K, reserved 1157120K
  class space    used 15975K, capacity 16789K, committed 18560K, reserved 1048576K
}
Event: 6082.204 GC heap after
{Heap after GC invocations=1524 (full 160):
 garbage-first heap   total 309248K, used 171014K [0x0000000740000000, 0x0000000800000000)
  region size 1024K, 1 young (1024K), 1 survivors (1024K)
 Metaspace       used 119922K, capacity 121858K, committed 127024K, reserved 1157120K
  class space    used 15975K, capacity 16789K, committed 18560K, reserved 1048576K
}
Event: 6083.936 GC heap before
{Heap before GC invocations=1525 (full 160):
 garbage-first heap   total 309248K, used 209926K [0x0000000740000000, 0x0000000800000000)
  region size 1024K, 60 young (61440K), 1 survivors (1024K)
 Metaspace       used 119858K, capacity 121734K, committed 127024K, reserved 1157120K
  class space    used 15954K, capacity 16747K, committed 18560K, reserved 1048576K
}
Event: 6083.944 GC heap after
{Heap after GC invocations=1526 (full 160):
 garbage-first heap   total 309248K, used 149692K [0x0000000740000000, 0x0000000800000000)
  region size 1024K, 1 young (1024K), 1 survivors (1024K)
 Metaspace       used 119858K, capacity 121734K, committed 127024K, reserved 1157120K
  class space    used 15954K, capacity 16747K, committed 18560K, reserved 1048576K
}
Event: 6084.046 GC heap before
{Heap before GC invocations=1526 (full 160):
 garbage-first heap   total 309248K, used 158908K [0x0000000740000000, 0x0000000800000000)
  region size 1024K, 11 young (11264K), 1 survivors (1024K)
 Metaspace       used 119859K, capacity 121734K, committed 127024K, reserved 1157120K
  class space    used 15954K, capacity 16747K, committed 18560K, reserved 1048576K
}
Event: 6084.049 GC heap after
{Heap after GC invocations=1527 (full 160):
 garbage-first heap   total 309248K, used 149440K [0x0000000740000000, 0x0000000800000000)
  region size 1024K, 1 young (1024K), 1 survivors (1024K)
 Metaspace       used 119859K, capacity 121734K, committed 127024K, reserved 1157120K
  class space    used 15954K, capacity 16747K, committed 18560K, reserved 1048576K
}
Event: 6084.553 GC heap before
{Heap before GC invocations=1528 (full 160):
 garbage-first heap   total 309248K, used 213952K [0x0000000740000000, 0x0000000800000000)
  region size 1024K, 60 young (61440K), 1 survivors (1024K)
 Metaspace       used 119859K, capacity 121734K, committed 127024K, reserved 1157120K
  class space    used 15954K, capacity 16747K, committed 18560K, reserved 1048576K
}
Event: 6084.556 GC heap after
{Heap after GC invocations=1529 (full 160):
 garbage-first heap   total 309248K, used 153809K [0x0000000740000000, 0x0000000800000000)
  region size 1024K, 1 young (1024K), 1 survivors (1024K)
 Metaspace       used 119859K, capacity 121734K, committed 127024K, reserved 1157120K
  class space    used 15954K, capacity 16747K, committed 18560K, reserved 1048576K
}

Deoptimization events (10 events):
Event: 6082.598 Thread 0x000001c607c49800 Uncommon trap: reason=class_check action=maybe_recompile pc=0x000001c62c138afc method=java.lang.Throwable.<init>()V @ 24 c2
Event: 6082.756 Thread 0x000001c607c49800 Uncommon trap: reason=unstable_if action=reinterpret pc=0x000001c62bfc9d50 method=ui.utils.swing.g.i.b(Ljava/lang/String;III)I @ 3 c2
Event: 6082.758 Thread 0x000001c607c49800 Uncommon trap: reason=unstable_if action=reinterpret pc=0x000001c62be3769c method=java.lang.Math.abs(J)J @ 3 c2
Event: 6084.009 Thread 0x000001c607c49800 Uncommon trap: reason=unstable_if action=reinterpret pc=0x000001c62bcf7770 method=com.jidesoft.chart.Chart.titleHeight()I @ 9 c2
Event: 6084.010 Thread 0x000001c607c49800 Uncommon trap: reason=predicate action=maybe_recompile pc=0x000001c62b935f1c method=com.jidesoft.chart.Chart.i()V @ 515 c2
Event: 6084.065 Thread 0x000001c607c49800 Uncommon trap: reason=unstable_if action=reinterpret pc=0x000001c62c653e74 method=javax.swing.JComponent.paintToOffscreen(Ljava/awt/Graphics;IIIIII)V @ 12 c2
Event: 6084.065 Thread 0x000001c607c49800 Uncommon trap: reason=unstable_if action=reinterpret pc=0x000001c62d214c24 method=javax.swing.JComponent.paintChildren(Ljava/awt/Graphics;)V @ 498 c2
Event: 6084.086 Thread 0x000001c607c49800 Uncommon trap: reason=unstable_if action=reinterpret pc=0x000001c62be8eb50 method=javax.swing.JComponent.adjustPaintFlags()V @ 40 c2
Event: 6086.572 Thread 0x000001c607c49800 Uncommon trap: reason=profile_predicate action=maybe_recompile pc=0x000001c62d602b64 method=javax.swing.RepaintManager$PaintManager.paintDoubleBufferedImpl(Ljavax/swing/JComponent;Ljava/awt/Image;Ljava/awt/Graphics;IIII)V @ 63 c2
Event: 6086.591 Thread 0x000001c607c49800 Uncommon trap: reason=profile_predicate action=maybe_recompile pc=0x000001c62d602b64 method=javax.swing.RepaintManager$PaintManager.paintDoubleBufferedImpl(Ljavax/swing/JComponent;Ljava/awt/Image;Ljava/awt/Graphics;IIII)V @ 63 c2

Classes redefined (0 events):
No events

Internal exceptions (10 events):
Event: 6047.852 Thread 0x000001c607c49800 Exception <a 'java/io/IOException'{0x0000000751323108}> (0x0000000751323108) thrown at [t:/workspace/open/src/hotspot/share/prims/jni.cpp, line 615]
Event: 6047.852 Thread 0x000001c607c49800 Exception <a 'java/io/IOException'{0x0000000751323e18}> (0x0000000751323e18) thrown at [t:/workspace/open/src/hotspot/share/prims/jni.cpp, line 615]
Event: 6047.852 Thread 0x000001c607c49800 Exception <a 'java/io/IOException'{0x00000007513246b0}> (0x00000007513246b0) thrown at [t:/workspace/open/src/hotspot/share/prims/jni.cpp, line 615]
Event: 6047.852 Thread 0x000001c607c49800 Exception <a 'java/io/IOException'{0x00000007513253a8}> (0x00000007513253a8) thrown at [t:/workspace/open/src/hotspot/share/prims/jni.cpp, line 615]
Event: 6047.852 Thread 0x000001c607c49800 Exception <a 'java/io/IOException'{0x0000000751325c40}> (0x0000000751325c40) thrown at [t:/workspace/open/src/hotspot/share/prims/jni.cpp, line 615]
Event: 6082.036 Thread 0x000001c607c49800 Implicit null exception at 0x000001c62ce5c7fc to 0x000001c62ce64e4a
Event: 6082.598 Thread 0x000001c607c49800 Exception <a 'sun/nio/fs/WindowsException'{0x000000075298b370}> (0x000000075298b370) thrown at [t:/workspace/open/src/hotspot/share/prims/jni.cpp, line 615]
Event: 6082.598 Thread 0x000001c607c49800 Exception <a 'sun/nio/fs/WindowsException'{0x000000075298b6c0}> (0x000000075298b6c0) thrown at [t:/workspace/open/src/hotspot/share/prims/jni.cpp, line 615]
Event: 6084.123 Thread 0x000001c607c49800 Exception <a 'sun/nio/fs/WindowsException'{0x000000075283b578}> (0x000000075283b578) thrown at [t:/workspace/open/src/hotspot/share/prims/jni.cpp, line 615]
Event: 6084.123 Thread 0x000001c607c49800 Exception <a 'sun/nio/fs/WindowsException'{0x000000075283b8c8}> (0x000000075283b8c8) thrown at [t:/workspace/open/src/hotspot/share/prims/jni.cpp, line 615]

Events (10 events):
Event: 6084.226 Executing VM operation: CGC_Operation
Event: 6084.227 Executing VM operation: CGC_Operation done
Event: 6084.553 Executing VM operation: G1CollectForAllocation
Event: 6084.556 Executing VM operation: G1CollectForAllocation done
Event: 6086.550 Thread 0x000001c607c49800 Uncommon trap: trap_request=0xffffffbe fr.pc=0x000001c62d602b64 relative=0x0000000000006844
Event: 6086.572 Thread 0x000001c607c49800 DEOPT PACKING pc=0x000001c62d602b64 sp=0x000000a7f47f5a40
Event: 6086.572 Thread 0x000001c607c49800 DEOPT UNPACKING pc=0x000001c623a491af sp=0x000000a7f47f5740 mode 2
Event: 6086.591 Thread 0x000001c607c49800 Uncommon trap: trap_request=0xffffffbe fr.pc=0x000001c62d602b64 relative=0x0000000000006844
Event: 6086.591 Thread 0x000001c607c49800 DEOPT PACKING pc=0x000001c62d602b64 sp=0x000000a7f47f5a40
Event: 6086.593 Thread 0x000001c607c49800 DEOPT UNPACKING pc=0x000001c623a491af sp=0x000000a7f47f5740 mode 2


Dynamic libraries:
0x00007ff61b3d0000 - 0x00007ff61b3ff000 	C:\Xilinx\Vivado\2020.2\bin\unwrapped\win64.o\vivado.exe
0x00007ff88e800000 - 0x00007ff88ea09000 	C:\WINDOWS\SYSTEM32\ntdll.dll
0x00007ff88d4a0000 - 0x00007ff88d55d000 	C:\WINDOWS\System32\KERNEL32.DLL
0x00007ff88bda0000 - 0x00007ff88c119000 	C:\WINDOWS\System32\KERNELBASE.dll
0x00007ff88c570000 - 0x00007ff88c681000 	C:\WINDOWS\System32\ucrtbase.dll
0x00007ff877410000 - 0x00007ff87749d000 	C:\WINDOWS\SYSTEM32\MSVCP140.dll
0x00007ff8774a0000 - 0x00007ff8774bb000 	C:\WINDOWS\SYSTEM32\VCRUNTIME140.dll
0x00007ff877400000 - 0x00007ff87740c000 	C:\WINDOWS\SYSTEM32\VCRUNTIME140_1.dll
0x00007ff8864a0000 - 0x00007ff8864b3000 	C:\Xilinx\Vivado\2020.2\lib\win64.o\libboost_signals.dll
0x00007ff886480000 - 0x00007ff886498000 	C:\Xilinx\Vivado\2020.2\lib\win64.o\librdi_commonmain.dll
0x00007ff887ed0000 - 0x00007ff887ed9000 	C:\Xilinx\Vivado\2020.2\lib\win64.o\librdi_commonversion.dll
0x00007ff886450000 - 0x00007ff886472000 	C:\Xilinx\Vivado\2020.2\lib\win64.o\libboost_filesystem.dll
0x00007ff88caa0000 - 0x00007ff88cb4e000 	C:\WINDOWS\System32\ADVAPI32.dll
0x00007ff88ceb0000 - 0x00007ff88cf53000 	C:\WINDOWS\System32\msvcrt.dll
0x00007ff88dd20000 - 0x00007ff88ddbe000 	C:\WINDOWS\System32\sechost.dll
0x00007ff88dac0000 - 0x00007ff88dbe0000 	C:\WINDOWS\System32\RPCRT4.dll
0x00007ff819280000 - 0x00007ff819419000 	C:\Xilinx\Vivado\2020.2\lib\win64.o\librdi_commonxillic.dll
0x00007ff88cbe0000 - 0x00007ff88cd8c000 	C:\WINDOWS\System32\USER32.dll
0x00007ff88c450000 - 0x00007ff88c476000 	C:\WINDOWS\System32\win32u.dll
0x00007ff88d370000 - 0x00007ff88d399000 	C:\WINDOWS\System32\GDI32.dll
0x00007ff88c290000 - 0x00007ff88c3a2000 	C:\WINDOWS\System32\gdi32full.dll
0x00007ff88c3b0000 - 0x00007ff88c44d000 	C:\WINDOWS\System32\msvcp_win.dll
0x00007ff88cf60000 - 0x00007ff88cfcf000 	C:\WINDOWS\System32\WS2_32.dll
0x000000006f210000 - 0x000000006f33b000 	C:\Xilinx\Vivado\2020.2\lib\win64.o\tcl85t.dll
0x00007ff8878f0000 - 0x00007ff8878f9000 	C:\Xilinx\Vivado\2020.2\lib\win64.o\libboost_system.dll
0x00007ff818fa0000 - 0x00007ff81927b000 	C:\Xilinx\Vivado\2020.2\lib\win64.o\libXil_lmgr11.dll
0x00007ff88dc20000 - 0x00007ff88dd0c000 	C:\WINDOWS\System32\COMDLG32.dll
0x00007ff88c720000 - 0x00007ff88ca99000 	C:\WINDOWS\System32\combase.dll
0x00007ff88d9d0000 - 0x00007ff88daba000 	C:\WINDOWS\System32\shcore.dll
0x00007ff88cd90000 - 0x00007ff88cded000 	C:\WINDOWS\System32\SHLWAPI.dll
0x00007ff88e000000 - 0x00007ff88e7b8000 	C:\WINDOWS\System32\SHELL32.dll
0x00007ff88d3a0000 - 0x00007ff88d476000 	C:\WINDOWS\System32\OLEAUT32.dll
0x00007ff88de30000 - 0x00007ff88dfca000 	C:\WINDOWS\System32\ole32.dll
0x00007ff88c480000 - 0x00007ff88c4e7000 	C:\WINDOWS\System32\WINTRUST.dll
0x00007ff88c120000 - 0x00007ff88c282000 	C:\WINDOWS\System32\CRYPT32.dll
0x00007ff818e80000 - 0x00007ff818f91000 	C:\Xilinx\Vivado\2020.2\lib\win64.o\libboost_regex.dll
0x00007ff80ec20000 - 0x00007ff80fa12600 	C:\Xilinx\Vivado\2020.2\lib\win64.o\libisl_iostreams.dll
0x00007ff88b6c0000 - 0x00007ff88b6e7000 	C:\WINDOWS\SYSTEM32\bcrypt.dll
0x00007ff87ab30000 - 0x00007ff87ab4a000 	C:\WINDOWS\SYSTEM32\NETAPI32.dll
0x00007ff868330000 - 0x00007ff8683e2000 	C:\WINDOWS\WinSxS\amd64_microsoft.windows.common-controls_6595b64144ccf1df_5.82.22000.1_none_271a8fad6a2d1b1e\COMCTL32.dll
0x00007ff87c030000 - 0x00007ff87c039000 	C:\WINDOWS\SYSTEM32\WSOCK32.dll
0x00007ff8875f0000 - 0x00007ff88760e000 	C:\WINDOWS\SYSTEM32\dhcpcsvc.DLL
0x00007ff80daa0000 - 0x00007ff80ec17000 	C:\Xilinx\Vivado\2020.2\lib\win64.o\librdi_common.dll
0x00007ff879570000 - 0x00007ff879580000 	C:\Xilinx\Vivado\2020.2\lib\win64.o\libboost_date_time.dll
0x00007ff86c120000 - 0x00007ff86c13e000 	C:\Xilinx\Vivado\2020.2\lib\win64.o\libboost_thread.dll
0x00007ff8770a0000 - 0x00007ff8770b6000 	C:\Xilinx\Vivado\2020.2\lib\win64.o\libboost_iostreams.dll
0x00007ff863910000 - 0x00007ff863933000 	C:\Xilinx\Vivado\2020.2\lib\win64.o\libisl_iosutils.dll
0x00007ff86c100000 - 0x00007ff86c11a000 	C:\Xilinx\Vivado\2020.2\lib\win64.o\pthreadVC2.dll
0x00007ff86c1e0000 - 0x00007ff86c1ec000 	C:\Xilinx\Vivado\2020.2\lib\win64.o\libboost_xilinx.dll
0x00007ff8242b0000 - 0x00007ff824323000 	C:\Xilinx\Vivado\2020.2\lib\win64.o\libboost_program_options.dll
0x00007ff818a70000 - 0x00007ff818af2000 	C:\Xilinx\Vivado\2020.2\lib\win64.o\libhdlpsolve.dll
0x00007ff80d730000 - 0x00007ff80da9e000 	C:\Xilinx\Vivado\2020.2\lib\win64.o\libCOIN-all.dll
0x00007ff8189c0000 - 0x00007ff818a65000 	C:\Xilinx\Vivado\2020.2\lib\win64.o\libhdxml.dll
0x00007ff868500000 - 0x00007ff86851c000 	C:\Xilinx\Vivado\2020.2\lib\win64.o\librdiconfig.dll
0x00007ff861c20000 - 0x00007ff861c48000 	C:\Xilinx\Vivado\2020.2\lib\win64.o\libisl_sysinfo.dll
0x00007ff87a630000 - 0x00007ff87ab2a000 	C:\WINDOWS\SYSTEM32\WININET.dll
0x00007ff886b10000 - 0x00007ff886c1c000 	C:\WINDOWS\SYSTEM32\WINHTTP.dll
0x00007ff885b00000 - 0x00007ff885cef000 	C:\WINDOWS\SYSTEM32\urlmon.dll
0x00007ff83ea70000 - 0x00007ff83ead5000 	C:\Xilinx\Vivado\2020.2\lib\win64.o\liblmx6.0.dll
0x00007ff85bd70000 - 0x00007ff85bd9e000 	C:\WINDOWS\SYSTEM32\VCOMP140.DLL
0x00007ff85aa90000 - 0x00007ff85aab1000 	C:\Xilinx\Vivado\2020.2\lib\win64.o\librdizlib.dll
0x00007ff8857f0000 - 0x00007ff885aa3000 	C:\WINDOWS\SYSTEM32\iertutil.dll
0x00007ff885ad0000 - 0x00007ff885af8000 	C:\WINDOWS\SYSTEM32\srvcli.dll
0x00007ff88a9f0000 - 0x00007ff88a9fc000 	C:\WINDOWS\SYSTEM32\netutils.dll
0x00007ff868a50000 - 0x00007ff868a5c000 	C:\Xilinx\Vivado\2020.2\lib\win64.o\libboost_chrono.dll
0x00007ff801a20000 - 0x00007ff803937000 	C:\Xilinx\Vivado\2020.2\lib\win64.o\gurobi90.dll
0x00007ff88cdf0000 - 0x00007ff88ce50000 	C:\WINDOWS\System32\WLDAP32.dll
0x00007ff88dd10000 - 0x00007ff88dd18000 	C:\WINDOWS\System32\Normaliz.dll
0x0000000012000000 - 0x0000000012270000 	C:\Xilinx\Vivado\2020.2\lib\win64.o\xerces-c_3_1.dll
0x00007ff88b300000 - 0x00007ff88b367000 	C:\WINDOWS\SYSTEM32\MSWSOCK.DLL
0x00007ff88dbe0000 - 0x00007ff88dc11000 	C:\WINDOWS\System32\IMM32.DLL
0x00007ff88b5a0000 - 0x00007ff88b5b2000 	C:\WINDOWS\SYSTEM32\MSASN1.dll
0x00007ff88aed0000 - 0x00007ff88aee8000 	C:\WINDOWS\SYSTEM32\kernel.appcore.dll
0x00007ff80d200000 - 0x00007ff80d722000 	C:\Xilinx\Vivado\2020.2\lib\win64.o\librdi_commontasks.dll
0x00007ff884a50000 - 0x00007ff884a5a000 	C:\WINDOWS\SYSTEM32\VERSION.dll
0x00007ff807ae0000 - 0x00007ff808603000 	C:\Xilinx\Vivado\2020.2\tps\win64\jre11.0.2\bin\server\jvm.dll
0x00007ff88d0f0000 - 0x00007ff88d0f8000 	C:\WINDOWS\System32\PSAPI.DLL
0x00007ff8854e0000 - 0x00007ff885513000 	C:\WINDOWS\SYSTEM32\WINMM.dll
0x00007ff80cf20000 - 0x00007ff80d1f5000 	C:\Xilinx\Vivado\2020.2\lib\win64.o\librdi_sio.dll
0x00007ff88aa00000 - 0x00007ff88aa2d000 	C:\WINDOWS\SYSTEM32\IPHLPAPI.DLL
0x00007ff889e60000 - 0x00007ff88a6c7000 	C:\WINDOWS\SYSTEM32\windows.storage.dll
0x00007ff889cf0000 - 0x00007ff889e56000 	C:\WINDOWS\SYSTEM32\wintypes.dll
0x00007ffff0070000 - 0x00007ffff2b2e000 	C:\Xilinx\Vivado\2020.2\lib\win64.o\librdi_tcltasks.dll
0x00007ff807630000 - 0x00007ff807ad6000 	C:\Xilinx\Vivado\2020.2\lib\win64.o\librdi_bitstream.dll
0x00007ff815170000 - 0x00007ff815266000 	C:\Xilinx\Vivado\2020.2\lib\win64.o\librdi_chipscope.dll
0x00007ff816d40000 - 0x00007ff816dbe000 	C:\Xilinx\Vivado\2020.2\lib\win64.o\librdi_boarddep.dll
0x00007ff80cd60000 - 0x00007ff80cf13000 	C:\Xilinx\Vivado\2020.2\lib\win64.o\librdi_board.dll
0x00007ff80ca60000 - 0x00007ff80cc4a000 	C:\Xilinx\Vivado\2020.2\lib\win64.o\librdi_chipscopeimpl.dll
0x00007ff810fe0000 - 0x00007ff811141000 	C:\Xilinx\Vivado\2020.2\lib\win64.o\librdi_containers.dll
0x00007fffe8790000 - 0x00007fffea4f1000 	C:\Xilinx\Vivado\2020.2\lib\win64.o\librdi_designutils.dll
0x00007fffe6960000 - 0x00007fffe878c000 	C:\Xilinx\Vivado\2020.2\lib\win64.o\librdi_constraints.dll
0x00007ff8041c0000 - 0x00007ff804528000 	C:\Xilinx\Vivado\2020.2\lib\win64.o\librdi_dlyest.dll
0x00007ff803b60000 - 0x00007ff8041bd000 	C:\Xilinx\Vivado\2020.2\lib\win64.o\librdi_drc.dll
0x00007ff813570000 - 0x00007ff813623000 	C:\Xilinx\Vivado\2020.2\lib\win64.o\librdi_dsp.dll
0x00007fffe45a0000 - 0x00007fffe695d000 	C:\Xilinx\Vivado\2020.2\lib\win64.o\librdi_coregen.dll
0x00007ff801300000 - 0x00007ff801a18000 	C:\Xilinx\Vivado\2020.2\lib\win64.o\librdi_coregenipxact.dll
0x00007ff800fe0000 - 0x00007ff8012fd000 	C:\Xilinx\Vivado\2020.2\lib\win64.o\librdi_guitools.dll
0x00007ff82c3c0000 - 0x00007ff82c42b000 	C:\Xilinx\Vivado\2020.2\lib\win64.o\librdi_hdf.dll
0x00007fffbe5e0000 - 0x00007fffd6bbf000 	C:\Xilinx\Vivado\2020.2\lib\win64.o\librdi_device.dll
0x00007ff80c7e0000 - 0x00007ff80ca57000 	C:\Xilinx\Vivado\2020.2\lib\win64.o\librdi_hip_devdesign.dll
0x00007ff800910000 - 0x00007ff800fd2000 	C:\Xilinx\Vivado\2020.2\lib\win64.o\librdi_filemgmt.dll
0x00007ff8074e0000 - 0x00007ff807627000 	C:\Xilinx\Vivado\2020.2\lib\win64.o\librdi_hip_perf_analysis.dll
0x00007ff815810000 - 0x00007ff815882000 	C:\Xilinx\Vivado\2020.2\lib\win64.o\librdi_memoryarray.dll
0x00007ff8002c0000 - 0x00007ff80090c000 	C:\Xilinx\Vivado\2020.2\lib\win64.o\librdi_memdata.dll
0x00007fffbca00000 - 0x00007fffbe5d4000 	C:\Xilinx\Vivado\2020.2\lib\win64.o\librdi_implflow.dll
0x00007fffba5b0000 - 0x00007fffbc9f4000 	C:\Xilinx\Vivado\2020.2\lib\win64.o\librdi_mig.dll
0x00007ff83ba40000 - 0x00007ff83ba94000 	C:\Xilinx\Vivado\2020.2\lib\win64.o\librdi_pfi.dll
0x00007fffef940000 - 0x00007ffff006c000 	C:\Xilinx\Vivado\2020.2\lib\win64.o\librdi_netlist.dll
0x00007fffef120000 - 0x00007fffef937000 	C:\Xilinx\Vivado\2020.2\lib\win64.o\librdi_power.dll
0x00007fffe4200000 - 0x00007fffe459e000 	C:\Xilinx\Vivado\2020.2\lib\win64.o\librdi_platform.dll
0x00007fffe3b80000 - 0x00007fffe41f4000 	C:\Xilinx\Vivado\2020.2\lib\win64.o\librdi_project.dll
0x00007fffe3370000 - 0x00007fffe3b7c000 	C:\Xilinx\Vivado\2020.2\lib\win64.o\librdi_rsb.dll
0x00007fffb9e80000 - 0x00007fffba5a2000 	C:\Xilinx\Vivado\2020.2\lib\win64.o\librdi_psta.dll
0x00007fffb9950000 - 0x00007fffb9e7b000 	C:\Xilinx\Vivado\2020.2\lib\win64.o\librdi_runs.dll
0x00007ff803a50000 - 0x00007ff803b59000 	C:\Xilinx\Vivado\2020.2\lib\win64.o\librdi_runsbase.dll
0x00007ff800040000 - 0x00007ff8002b4000 	C:\Xilinx\Vivado\2020.2\lib\win64.o\librdi_simdata.dll
0x00007fffef000000 - 0x00007fffef116000 	C:\Xilinx\Vivado\2020.2\lib\win64.o\librdi_xhub.dll
0x00007ff811bf0000 - 0x00007ff811c97000 	C:\Xilinx\Vivado\2020.2\lib\win64.o\librdi_xhubtasks.dll
0x00007fffe3180000 - 0x00007fffe336b000 	C:\Xilinx\Vivado\2020.2\lib\win64.o\librdi_advchipscopeimpl.dll
0x00007fffb6740000 - 0x00007fffb9947000 	C:\Xilinx\Vivado\2020.2\lib\win64.o\librdi_place.dll
0x00007fffb57b0000 - 0x00007fffb6731000 	C:\Xilinx\Vivado\2020.2\lib\win64.o\librdi_timing.dll
0x00007ff848300000 - 0x00007ff848347000 	C:\Xilinx\Vivado\2020.2\lib\win64.o\libboost_serialization.dll
0x00007ff8086a0000 - 0x00007ff80878b000 	C:\Xilinx\Vivado\2020.2\lib\win64.o\librdi_ipconfig_readwrite.dll
0x00007ff815950000 - 0x00007ff8159ba000 	C:\Xilinx\Vivado\2020.2\lib\win64.o\librdi_noc_frameworks.dll
0x00007fffb54b0000 - 0x00007fffb57ab000 	C:\Xilinx\Vivado\2020.2\lib\win64.o\librdi_hip_config.dll
0x00007fffb4f60000 - 0x00007fffb54ae000 	C:\Xilinx\Vivado\2020.2\lib\win64.o\librdi_xdm.dll
0x00007ff8134d0000 - 0x00007ff81356e000 	C:\Xilinx\Vivado\2020.2\lib\win64.o\libise.dll
0x00007ff83e320000 - 0x00007ff83e367000 	C:\Xilinx\Vivado\2020.2\lib\win64.o\librdi_wavedata_SimpleApi.dll

dbghelp: loaded successfully - version: 4.0.5 - missing functions: none
symbol engine: initialized successfully - sym options: 0x614 - pdb path: .;C:\Xilinx\Vivado\2020.2\bin\unwrapped\win64.o;C:\WINDOWS\SYSTEM32;C:\Xilinx\Vivado\2020.2\lib\win64.o;C:\WINDOWS\WinSxS\amd64_microsoft.windows.common-controls_6595b64144ccf1df_5.82.22000.1_none_271a8fad6a2d1b1e;C:\Xilinx\Vivado\2020.2\tps\win64\jre11.0.2\bin\server;C:\Users\erosc\AppData\Local\Programs\Python\Python38;C:\Xilinx\Vivado\2020.2\tps\win64\jre11.0.2\bin;C:\ProgramData\A-Volute\A-Volute.Nahimic\Modules\Scheduled\x64;C:\WINDOWS\WinSxS\amd64_microsoft.windows.common-controls_6595b64144ccf1df_6.0.22000.120_none_9d947278b86cc467;C:\Xilinx\Vivado\2020.2\tps\win64\javafx-sdk-11.0.2\bin;C:\Windows\System32\DriverStore\FileRepository\iigd_dch.inf_amd64_3e62be9c39fb0007;C:\WINDOWS\System32\DriverStore\FileRepository\nvmii.inf_amd64_8b5b230f24be9bde

VM Arguments:
jvm_args: -Dsun.java2d.pmoffscreen=false -Dhttps.protocols=TLSv1,TLSv1.1,TLSv1.2 -Dsun.java2d.xrender=false -Dsun.java2d.d3d=false -Dsun.awt.nopixfmt=true -Dsun.java2d.dpiaware=true -Dsun.java2d.uiScale.enabled=false -Xverify:none -Dswing.aatext=true -XX:-UsePerfData -Djdk.map.althashing.threshold=512 -XX:StringTableSize=4072 --add-opens=java.base/java.nio=ALL-UNNAMED --add-opens=java.desktop/sun.swing=ALL-UNNAMED --add-opens=java.desktop/javax.swing=ALL-UNNAMED --add-opens=java.desktop/javax.swing.tree=ALL-UNNAMED --add-opens=java.desktop/javax.swing.plaf.basic=ALL-UNNAMED --add-opens=java.desktop/javax.swing.plaf.synth=ALL-UNNAMED --add-opens=java.desktop/com.sun.awt=ALL-UNNAMED -XX:NewSize=60m -XX:MaxNewSize=60m -Xms128m -Xmx3072m -Xss5m 
java_command: <unknown>
java_class_path (initial): C:/Xilinx/Vivado/2020.2\lib\classes\alloy.jar;C:/Xilinx/Vivado/2020.2\lib\classes\ArchiveSummary.jar;C:/Xilinx/Vivado/2020.2\lib\classes\autoesl-models.jar;C:/Xilinx/Vivado/2020.2\lib\classes\autopilot.scelaborator.jar;C:/Xilinx/Vivado/2020.2\lib\classes\autopilot.sourceprocessor.jar;C:/Xilinx/Vivado/2020.2\lib\classes\autopilot.tbprocessor.jar;C:/Xilinx/Vivado/2020.2\lib\classes\batik-anim.jar;C:/Xilinx/Vivado/2020.2\lib\classes\batik-awt-util.jar;C:/Xilinx/Vivado/2020.2\lib\classes\batik-bridge.jar;C:/Xilinx/Vivado/2020.2\lib\classes\batik-codec.jar;C:/Xilinx/Vivado/2020.2\lib\classes\batik-css.jar;C:/Xilinx/Vivado/2020.2\lib\classes\batik-dom.jar;C:/Xilinx/Vivado/2020.2\lib\classes\batik-ext.jar;C:/Xilinx/Vivado/2020.2\lib\classes\batik-gui-util.jar;C:/Xilinx/Vivado/2020.2\lib\classes\batik-gvt.jar;C:/Xilinx/Vivado/2020.2\lib\classes\batik-parser.jar;C:/Xilinx/Vivado/2020.2\lib\classes\batik-script.jar;C:/Xilinx/Vivado/2020.2\lib\classes\batik-svg-dom.jar;C:/Xilinx/Vivado/2020.2\lib\classes\batik-swing.jar;C:/Xilinx/Vivado/2020.2\lib\classes\batik-transcoder.jar;C:/Xilinx/Vivado/2020.2\lib\classes\batik-util.jar;C:/Xilinx/Vivado/2020.2\lib\classes\batik-xml.jar;C:/Xilinx/Vivado/2020.2\lib\classes\com.google.gson_2.8.2.v20180104-1110.jar;C:/Xilinx/Vivado/2020.2\lib\classes\com.google.guava_27.1.0.v20190517-1946.jar;C:/Xilinx/Vivado/2020.2\lib\classes\com.ibm.icu_4.4.2.v20110208.jar;C:/Xilinx/Vivado/2020.2\lib\classes\com.sigasi.hdt.connection_4.9.0.202009050929.jar;C:/Xilinx/Vivado/2020.2\lib\classes\com.sigasi.hdt.epl_4.9.0.202009050929.jar;C:/Xilinx/Vivado/2020.2\lib\classes\com.sigasi.hdt.project_4.9.0.202009050929.jar;C:/Xilinx/Vivado/2020.2\lib\classes\com.sigasi.hdt.readonlyfilesystem_4.9.0.202009050929.jar;C:/Xilinx/Vivado/2020.2\lib\classes\com.sigasi.lcm_4.9.0.202009050929.jar;C:/Xilinx/Vivado/2020.2\lib\classes\com.sigasi.sdk.client_4.9.0.202009050929.jar;C:/Xilinx/Vivado/2020.2\lib\classes\com.xilinx.hls.services.jar;C:/Xili
Launcher Type: generic

[Global flags]
     bool BytecodeVerificationLocal                = false                                     {product} {command line}
     bool BytecodeVerificationRemote               = false                                     {product} {command line}
     intx CICompilerCount                          = 4                                         {product} {ergonomic}
     uint ConcGCThreads                            = 3                                         {product} {ergonomic}
     uint G1ConcRefinementThreads                  = 10                                        {product} {ergonomic}
   size_t G1HeapRegionSize                         = 1048576                                   {product} {ergonomic}
    uintx GCDrainStackTargetSize                   = 64                                        {product} {ergonomic}
   size_t InitialHeapSize                          = 134217728                                 {product} {command line}
   size_t MarkStackSize                            = 4194304                                   {product} {ergonomic}
   size_t MaxHeapSize                              = 3221225472                                {product} {command line}
   size_t MaxNewSize                               = 62914560                                  {product} {command line}
   size_t MinHeapDeltaBytes                        = 1048576                                   {product} {ergonomic}
   size_t NewSize                                  = 62914560                                  {product} {command line}
    uintx NonNMethodCodeHeapSize                   = 5835340                                {pd product} {ergonomic}
    uintx NonProfiledCodeHeapSize                  = 122911450                              {pd product} {ergonomic}
    uintx ProfiledCodeHeapSize                     = 122911450                              {pd product} {ergonomic}
    uintx ReservedCodeCacheSize                    = 251658240                              {pd product} {ergonomic}
     bool SegmentedCodeCache                       = true                                      {product} {ergonomic}
    uintx StringTableSize                          = 4072                                      {product} {command line}
     intx ThreadStackSize                          = 5120                                   {pd product} {command line}
     bool UseCompressedClassPointers               = true                                 {lp64_product} {ergonomic}
     bool UseCompressedOops                        = true                                 {lp64_product} {ergonomic}
     bool UseG1GC                                  = true                                      {product} {ergonomic}
     bool UseLargePagesIndividualAllocation        = false                                  {pd product} {ergonomic}
     bool UsePerfData                              = false                                     {product} {command line}

Logging:
Log output configuration:
 #0: stdout all=warning uptime,level,tags
 #1: stderr all=off uptime,level,tags

Environment Variables:
PATH=C:/Xilinx/Vivado/2020.2\gnuwin\bin;C:/Xilinx/Vivado/2020.2\gnu\microblaze\nt\bin;C:/Xilinx/Vivado/2020.2/bin;C:/Xilinx/Vivado/2020.2/tps/win64/javafx-sdk-11.0.2/lib;C:/Xilinx/Vivado/2020.2/tps/win64/javafx-sdk-11.0.2/bin;C:/Xilinx/Vivado/2020.2/lib/win64.o;C:/Xilinx/Vivado/2020.2/tps/win64/jre11.0.2/bin/server;C:/Xilinx/Vivado/2020.2/tps/win64/jre11.0.2/bin;C:/Xilinx/Vivado/2020.2/ids_lite/ISE/bin/nt64;C:/Xilinx/Vivado/2020.2/ids_lite/ISE/lib/nt64;C:/Xilinx/Vitis_HLS/2020.2/bin;C:\Program Files (x86)\VMware\VMware Player\bin\;C:\Windows\system32;C:\Windows;C:\Windows\System32\Wbem;C:\Windows\System32\WindowsPowerShell\v1.0\;C:\Windows\System32\OpenSSH\;C:\Program Files (x86)\NVIDIA Corporation\PhysX\Common;C:\Program Files\NVIDIA Corporation\NVIDIA NvDLISR;C:\Program Files\MATLAB\R2020b\runtime\win64;C:\Program Files\MATLAB\R2020b\bin;C:\Program Files\MiKTeX\miktex\bin\x64\;C:\Program Files\AutoFirmaJA\AutoFirmaJA;C:\Program Files\AutoFirma\AutoFirma;C:\Program Files\Microsoft SQL Server\Client SDK\ODBC\170\Tools\Binn\;C:\Program Files (x86)\Microsoft SQL Server\150\Tools\Binn\;C:\Program Files\Microsoft SQL Server\150\Tools\Binn\;C:\Program Files\Microsoft SQL Server\150\DTS\Binn\;C:\Program Files\PuTTY\;C:\Users\erosc\AppData\Local\Programs\Python\Python38\Scripts\;C:\Users\erosc\AppData\Local\Programs\Python\Python38\;C:\Users\erosc\AppData\Local\Microsoft\WindowsApps;C:\Program Files\JetBrains\PyCharm Community Edition 2020.3.3\bin;;C:\Program Files (x86)\Nmap;C:\MinGW\bin;C:/Xilinx/Vivado/2020.2\tps\mingw\6.2.0\win64.o\nt\bin;C:/Xilinx/Vivado/2020.2\tps\mingw\6.2.0\win64.o\nt\libexec\gcc\x86_64-w64-mingw32\6.2.0;C:/Xilinx/Vivado/2020.2\tps\win64\python-3.8.3;C:/Xilinx/Vivado/2020.2\tps\win64\python-3.8.3\bin;C:/Xilinx/Vivado/2020.2\tps\win64\python-3.8.3\lib;C:/Xilinx/Vivado/2020.2\tps\win64\python-3.8.3\lib\site-packages
USERNAME=erosc
OS=Windows_NT
PROCESSOR_IDENTIFIER=Intel64 Family 6 Model 165 Stepping 2, GenuineIntel



---------------  S Y S T E M  ---------------

OS: Windows 10 , 64 bit Build 22000 (10.0.22000.708)

CPU:total 12 (initial active 12) (6 cores per cpu, 2 threads per core) family 6 model 165 stepping 2, cmov, cx8, fxsr, mmx, sse, sse2, sse3, ssse3, sse4.1, sse4.2, popcnt, avx, avx2, aes, clmul, erms, 3dnowpref, lzcnt, ht, tsc, tscinvbit, bmi1, bmi2, adx, fma

Memory: 4k page, system-wide physical 32584M (5991M free)
TotalPageFile size 130888M (AvailPageFile size 36M)
current process WorkingSet (physical memory assigned to process): 3426M, peak: 25402M
current process commit charge ("private bytes"): 119070M, peak: 119070M

vm_info: OpenJDK 64-Bit Server VM (11.0.2+9) for windows-amd64 JRE (11.0.2+9), built on Jan 18 2019 05:23:22 by "mach5one" with MS VC++ 15.5 (VS2017)

END.
