#-----------------------------------------------------------
# Vivado v2020.1 (64-bit)
# SW Build 2902540 on Wed May 27 19:54:49 MDT 2020
# IP Build 2902112 on Wed May 27 22:43:36 MDT 2020
# Start of session at: Thu Mar 23 15:22:12 2023
# Process ID: 1260
# Current directory: C:/Users/erosc/Desktop/Vivado/MS2XS_01.xpr/MS2XS_01
# Command line: vivado.exe -gui_launcher_event rodinguilauncherevent8040 C:\Users\erosc\Desktop\Vivado\MS2XS_01.xpr\MS2XS_01\MS2XS_01.xpr
# Log file: C:/Users/erosc/Desktop/Vivado/MS2XS_01.xpr/MS2XS_01/vivado.log
# Journal file: C:/Users/erosc/Desktop/Vivado/MS2XS_01.xpr/MS2XS_01\vivado.jou
#-----------------------------------------------------------
start_gui
open_project C:/Users/erosc/Desktop/Vivado/MS2XS_01.xpr/MS2XS_01/MS2XS_01.xpr
Scanning sources...
Finished scanning sources
CRITICAL WARNING: [Project 1-532] XML ERROR: Project Option SimulatorGccInstallDirModelSim has no valid value
CRITICAL WARNING: [Project 1-532] XML ERROR: Project Option SimulatorGccInstallDirQuesta has no valid value
CRITICAL WARNING: [Project 1-532] XML ERROR: Project Option SimulatorGccInstallDirIES has no valid value
CRITICAL WARNING: [Project 1-532] XML ERROR: Project Option SimulatorGccInstallDirXcelium has no valid value
CRITICAL WARNING: [Project 1-532] XML ERROR: Project Option SimulatorGccInstallDirVCS has no valid value
CRITICAL WARNING: [Project 1-532] XML ERROR: Project Option SimulatorGccInstallDirRiviera has no valid value
CRITICAL WARNING: [Project 1-532] XML ERROR: Project Option SimulatorGccInstallDirActiveHdl has no valid value
CRITICAL WARNING: [Board 49-67] The board_part definition was not found for tul.com.tw:pynq-z2:part0:1.0. This can happen sometimes when you use custom board part. You can resolve this issue by setting 'board.repoPaths' parameter, pointing to the location of custom board files. Valid board_part values can be retrieved with the 'get_board_parts' Tcl command.
WARNING: [IP_Flow 19-395] Problem validating against XML schema: see 'xilinx:componentInstanceExtensions' : Bad end of element
CRITICAL WARNING: [IP_Flow 19-5097] Unable to determine VLNV from IP file; verify it has the correct syntax: C:/Users/erosc/Desktop/Vivado/MS2XS_01.xpr/MS2XS_01/MS2XS_01.srcs/sources_1/bd/BD/ip/BD_processing_system7_0_0/BD_processing_system7_0_0.xci
WARNING: [IP_Flow 19-395] Problem validating against XML schema: see 'xilinx:componentInstanceExtensions' : Bad end of element
CRITICAL WARNING: [IP_Flow 19-5097] Unable to determine VLNV from IP file; verify it has the correct syntax: C:/Users/erosc/Desktop/Vivado/MS2XS_01.xpr/MS2XS_01/MS2XS_01.srcs/sources_1/bd/BD/ip/BD_axi_dma_0_0/BD_axi_dma_0_0.xci
INFO: [IP_Flow 19-234] Refreshing IP repositories
WARNING: [IP_Flow 19-3685] Ignored loading user repository 'c:/Users/erosc/Desktop/Vivado/MS2XS_01.xpr/MS2XS_01/MS2XS_01.ipdefs/ntru_ip_repo_0/SEL_AXI_IN_1.0'. The path is contained within another repository.
INFO: [IP_Flow 19-1700] Loaded user IP repository 'c:/Users/erosc/Desktop/Vivado/MS2XS_01.xpr/MS2XS_01/MS2XS_01.ipdefs/ntru_ip_repo_0'.
INFO: [IP_Flow 19-1700] Loaded user IP repository 'c:/Users/erosc/Desktop/Vivado/SHA_2_Implementations'.
INFO: [IP_Flow 19-2313] Loaded Vivado IP repository 'C:/Xilinx/Vivado/2020.1/data/ip'.
WARNING: [IP_Flow 19-395] Problem validating against XML schema: see 'xilinx:componentInstanceExtensions' : Bad end of element
CRITICAL WARNING: [IP_Flow 19-5097] Unable to determine VLNV from IP file; verify it has the correct syntax: C:/Users/erosc/Desktop/Vivado/MS2XS_01.xpr/MS2XS_01/MS2XS_01.srcs/sources_1/bd/BD/ip/BD_rst_ps7_0_100M_0/BD_rst_ps7_0_100M_0.xci
WARNING: [IP_Flow 19-395] Problem validating against XML schema: see 'xilinx:componentInstanceExtensions' : Bad end of element
CRITICAL WARNING: [IP_Flow 19-5097] Unable to determine VLNV from IP file; verify it has the correct syntax: C:/Users/erosc/Desktop/Vivado/MS2XS_01.xpr/MS2XS_01/MS2XS_01.srcs/sources_1/bd/BD/ip/BD_axi_smc_0/BD_axi_smc_0.xci
WARNING: [IP_Flow 19-395] Problem validating against XML schema: see 'xilinx:componentInstanceExtensions' : Bad end of element
CRITICAL WARNING: [IP_Flow 19-5097] Unable to determine VLNV from IP file; verify it has the correct syntax: C:/Users/erosc/Desktop/Vivado/MS2XS_01.xpr/MS2XS_01/MS2XS_01.srcs/sources_1/bd/BD/ip/BD_ms2xs_mult11bit_0_1/BD_ms2xs_mult11bit_0_1.xci
WARNING: [IP_Flow 19-395] Problem validating against XML schema: see 'xilinx:componentInstanceExtensions' : Bad end of element
CRITICAL WARNING: [IP_Flow 19-5097] Unable to determine VLNV from IP file; verify it has the correct syntax: C:/Users/erosc/Desktop/Vivado/MS2XS_01.xpr/MS2XS_01/MS2XS_01.srcs/sources_1/bd/BD/ip/BD_ms2xs_0_0/BD_ms2xs_0_0.xci
WARNING: [IP_Flow 19-395] Problem validating against XML schema: see 'xilinx:componentInstanceExtensions' : Bad end of element
CRITICAL WARNING: [IP_Flow 19-5097] Unable to determine VLNV from IP file; verify it has the correct syntax: C:/Users/erosc/Desktop/Vivado/MS2XS_01.xpr/MS2XS_01/MS2XS_01.srcs/sources_1/bd/BD/ip/BD_system_ila_0_0/BD_system_ila_0_0.xci
WARNING: [IP_Flow 19-395] Problem validating against XML schema: see 'xilinx:componentInstanceExtensions' : Bad end of element
CRITICAL WARNING: [IP_Flow 19-5097] Unable to determine VLNV from IP file; verify it has the correct syntax: C:/Users/erosc/Desktop/Vivado/MS2XS_01.xpr/MS2XS_01/MS2XS_01.srcs/sources_1/bd/BD/ip/BD_xbar_0/BD_xbar_0.xci
WARNING: [IP_Flow 19-395] Problem validating against XML schema: see 'xilinx:componentInstanceExtensions' : Bad end of element
CRITICAL WARNING: [IP_Flow 19-5097] Unable to determine VLNV from IP file; verify it has the correct syntax: C:/Users/erosc/Desktop/Vivado/MS2XS_01.xpr/MS2XS_01/MS2XS_01.srcs/sources_1/bd/BD/ip/BD_axis_switch_0_0/BD_axis_switch_0_0.xci
WARNING: [IP_Flow 19-395] Problem validating against XML schema: see 'xilinx:componentInstanceExtensions' : Bad end of element
CRITICAL WARNING: [IP_Flow 19-5097] Unable to determine VLNV from IP file; verify it has the correct syntax: C:/Users/erosc/Desktop/Vivado/MS2XS_01.xpr/MS2XS_01/MS2XS_01.srcs/sources_1/bd/BD/ip/BD_axis_switch_0_1/BD_axis_switch_0_1.xci
WARNING: [IP_Flow 19-395] Problem validating against XML schema: see 'xilinx:componentInstanceExtensions' : Bad end of element
CRITICAL WARNING: [IP_Flow 19-5097] Unable to determine VLNV from IP file; verify it has the correct syntax: C:/Users/erosc/Desktop/Vivado/MS2XS_01.xpr/MS2XS_01/MS2XS_01.srcs/sources_1/bd/BD/ip/BD_auto_pc_0/BD_auto_pc_0.xci
WARNING: [BD 41-1663] The design 'BD.bd' cannot be modified due to following reason(s):
* Project is read-only. Please run 'save_project_as' before making any change to the bd-design. 

WARNING: [BD 41-1661] One or more IPs have been locked in the design 'BD.bd'. Please run report_ip_status for more details and recommendations on how to fix this issue.
List of locked IPs:
BD_ps7_0_axi_periph_0

WARNING: [Project 1-231] Project 'MS2XS_01.xpr' was created with a future version and may or may not perform reliably with this version of Vivado. It has been opened in read-only mode for the protection of unrecognized data. Use 'File | Save Project As...' if you wish to alter a copy of the project.
update_compile_order -fileset sources_1
open_bd_design {C:/Users/erosc/Desktop/Vivado/MS2XS_01.xpr/MS2XS_01/MS2XS_01.srcs/sources_1/bd/BD/BD.bd}
ERROR: [Project 1-228] Project 'MS2XS_01' is read-only. To save your work, please use the 'File | Save Project As...' command first.
ERROR: [Ip 78-90] Error in initialization of Rule object 'xilinx.com:bd_rule:oran_radio_if:1.0'
Adding component instance block -- xilinx.com:ip:processing_system7:5.5 - processing_system7_0
INFO: [BD 41-434] Could not find an IP with XCI file by name: BD_processing_system7_0_0 
WARNING: [IP_Flow 19-2162] IP 'BD_processing_system7_0_0' is locked:
* Project containing IP 'BD_processing_system7_0_0' is read-only.
ERROR: [IP_Flow 19-2322] Failed to set user parameter 'PCW_ACT_APU_PERIPHERAL_FREQMHZ' value '650.000000' for IP 'processing_system7_0'.
WARNING: [BD 41-176] The physical port 'S_AXI_GP2_rd_socket' specified in the portmap, is not found on the block! 
WARNING: [BD 41-176] The physical port 'S_AXI_GP2_wr_socket' specified in the portmap, is not found on the block! 
WARNING: [BD 41-176] The physical port 'S_AXI_GP3_rd_socket' specified in the portmap, is not found on the block! 
WARNING: [BD 41-176] The physical port 'S_AXI_GP3_wr_socket' specified in the portmap, is not found on the block! 
ERROR: [IP_Flow 19-2322] Failed to set user parameter 'M_AXI_GP0.ADDR_WIDTH' value '32' for IP 'processing_system7_0'.
ERROR: [IP_Flow 19-2322] Failed to set user parameter 'FCLK_CLK0.CLK_DOMAIN' value 'BD_processing_system7_0_0_FCLK_CLK0' for IP 'processing_system7_0'.
ERROR: [BD 41-145] Parameter FCLK_CLK0.CLK_DOMAIN not found on block processing_system7_0 
ERROR: [IP_Flow 19-2322] Failed to set user parameter 'PCW_ACT_APU_PERIPHERAL_FREQMHZ' value '650.000000' for IP 'processing_system7_0'.
WARNING: [BD 41-176] The physical port 'S_AXI_GP2_rd_socket' specified in the portmap, is not found on the block! 
WARNING: [BD 41-176] The physical port 'S_AXI_GP2_wr_socket' specified in the portmap, is not found on the block! 
WARNING: [BD 41-176] The physical port 'S_AXI_GP3_rd_socket' specified in the portmap, is not found on the block! 
WARNING: [BD 41-176] The physical port 'S_AXI_GP3_wr_socket' specified in the portmap, is not found on the block! 
Adding component instance block -- xilinx.com:ip:axi_dma:7.1 - axi_dma_0
INFO: [BD 41-434] Could not find an IP with XCI file by name: BD_axi_dma_0_0 
WARNING: [IP_Flow 19-2162] IP 'BD_axi_dma_0_0' is locked:
* Project containing IP 'BD_axi_dma_0_0' is read-only.
ERROR: [IP_Flow 19-2322] Failed to set user parameter 'c_include_sg' value '0' for IP 'axi_dma_0'.
ERROR: [IP_Flow 19-2322] Failed to set user parameter 'S_AXI_LITE.ADDR_WIDTH' value '10' for IP 'axi_dma_0'.
ERROR: [IP_Flow 19-2322] Failed to set user parameter 'M_AXI_SG.ADDR_WIDTH' value '32' for IP 'axi_dma_0'.
ERROR: [IP_Flow 19-2322] Failed to set user parameter 'M_AXI_MM2S.ADDR_WIDTH' value '32' for IP 'axi_dma_0'.
ERROR: [IP_Flow 19-2322] Failed to set user parameter 'M_AXI_S2MM.ADDR_WIDTH' value '32' for IP 'axi_dma_0'.
ERROR: [IP_Flow 19-2322] Failed to set user parameter 'M_AXIS_MM2S.HAS_TKEEP' value '1' for IP 'axi_dma_0'.
ERROR: [IP_Flow 19-2322] Failed to set user parameter 'S_AXIS_S2MM.HAS_TKEEP' value '1' for IP 'axi_dma_0'.
ERROR: [IP_Flow 19-2322] Failed to set user parameter 'M_AXIS_CNTRL.HAS_TKEEP' value '1' for IP 'axi_dma_0'.
ERROR: [IP_Flow 19-2322] Failed to set user parameter 'S_AXIS_STS.HAS_TKEEP' value '1' for IP 'axi_dma_0'.
ERROR: [IP_Flow 19-2322] Failed to set user parameter 'c_include_sg' value '0' for IP 'axi_dma_0'.
Adding component instance block -- xilinx.com:ip:smartconnect:1.0 - axi_smc
INFO: [BD 41-434] Could not find an IP with XCI file by name: BD_axi_smc_0 
WARNING: [IP_Flow 19-2162] IP 'BD_axi_smc_0' is locked:
* Project containing IP 'BD_axi_smc_0' is read-only.
ERROR: [IP_Flow 19-2322] Failed to set user parameter 'NUM_SI' value '2' for IP 'axi_smc'.
ERROR: [IP_Flow 19-2322] Failed to set user parameter 'NUM_SI' value '2' for IP 'axi_smc'.
ERROR: [IP_Flow 19-2322] Failed to set user parameter 'S00_AXI.NUM_READ_OUTSTANDING' value '16' for IP 'axi_smc'.
ERROR: [BD 41-145] Parameter S00_AXI.NUM_READ_OUTSTANDING not found on block axi_smc 
ERROR: [IP_Flow 19-2322] Failed to set user parameter 'S00_AXI.NUM_WRITE_OUTSTANDING' value '2' for IP 'axi_smc'.
ERROR: [BD 41-145] Parameter S00_AXI.NUM_WRITE_OUTSTANDING not found on block axi_smc 
ERROR: [IP_Flow 19-2322] Failed to set user parameter 'S01_AXI.NUM_READ_OUTSTANDING' value '2' for IP 'axi_smc'.
ERROR: [BD 41-145] Parameter S01_AXI.NUM_READ_OUTSTANDING not found on block axi_smc 
ERROR: [IP_Flow 19-2322] Failed to set user parameter 'S01_AXI.NUM_WRITE_OUTSTANDING' value '16' for IP 'axi_smc'.
ERROR: [BD 41-145] Parameter S01_AXI.NUM_WRITE_OUTSTANDING not found on block axi_smc 
ERROR: [IP_Flow 19-2322] Failed to set user parameter 'M00_AXI.MAX_BURST_LENGTH' value '8' for IP 'axi_smc'.
ERROR: [BD 41-145] Parameter M00_AXI.MAX_BURST_LENGTH not found on block axi_smc 
ERROR: [IP_Flow 19-2322] Failed to set user parameter 'M00_AXI.NUM_READ_OUTSTANDING' value '16' for IP 'axi_smc'.
ERROR: [BD 41-145] Parameter M00_AXI.NUM_READ_OUTSTANDING not found on block axi_smc 
ERROR: [IP_Flow 19-2322] Failed to set user parameter 'M00_AXI.NUM_WRITE_OUTSTANDING' value '16' for IP 'axi_smc'.
ERROR: [BD 41-145] Parameter M00_AXI.NUM_WRITE_OUTSTANDING not found on block axi_smc 
ERROR: [IP_Flow 19-2322] Failed to set user parameter 'M00_AXI.RUSER_BITS_PER_BYTE' value '0' for IP 'axi_smc'.
ERROR: [BD 41-145] Parameter M00_AXI.RUSER_BITS_PER_BYTE not found on block axi_smc 
ERROR: [IP_Flow 19-2322] Failed to set user parameter 'M00_AXI.SUPPORTS_NARROW_BURST' value '0' for IP 'axi_smc'.
ERROR: [BD 41-145] Parameter M00_AXI.SUPPORTS_NARROW_BURST not found on block axi_smc 
ERROR: [IP_Flow 19-2322] Failed to set user parameter 'M00_AXI.WUSER_BITS_PER_BYTE' value '0' for IP 'axi_smc'.
ERROR: [BD 41-145] Parameter M00_AXI.WUSER_BITS_PER_BYTE not found on block axi_smc 
Adding component instance block -- xilinx.com:ip:axi_interconnect:2.1 - ps7_0_axi_periph
Adding component instance block -- xilinx.com:ip:axi_crossbar:2.1 - xbar
INFO: [BD 41-434] Could not find an IP with XCI file by name: BD_xbar_0 
WARNING: [IP_Flow 19-2162] IP 'BD_xbar_0' is locked:
* Project containing IP 'BD_xbar_0' is read-only.
ERROR: [IP_Flow 19-2322] Failed to set user parameter 'NUM_MI' value '3' for IP 'xbar'.
ERROR: [IP_Flow 19-2322] Failed to set user parameter 'S00_AXI.ADDR_WIDTH' value '32' for IP 'ps7_0_axi_periph/xbar'.
ERROR: [IP_Flow 19-2322] Failed to set user parameter 'M00_AXI.ADDR_WIDTH' value '32' for IP 'ps7_0_axi_periph/xbar'.
ERROR: [IP_Flow 19-2322] Failed to set user parameter 'M01_AXI.ADDR_WIDTH' value '32' for IP 'ps7_0_axi_periph/xbar'.
ERROR: [IP_Flow 19-2322] Failed to set user parameter 'NUM_MI' value '3' for IP 'ps7_0_axi_periph/xbar'.
Adding component instance block -- xilinx.com:ip:axi_protocol_converter:2.1 - auto_pc
INFO: [BD 41-434] Could not find an IP with XCI file by name: BD_auto_pc_0 
WARNING: [IP_Flow 19-2162] IP 'BD_auto_pc_0' is locked:
* Project containing IP 'BD_auto_pc_0' is read-only.
ERROR: [IP_Flow 19-2322] Failed to set user parameter 'MI_PROTOCOL' value 'AXI4LITE' for IP 'auto_pc'.
ERROR: [IP_Flow 19-2322] Failed to set user parameter 'S_AXI.ADDR_WIDTH' value '32' for IP 'ps7_0_axi_periph/s00_couplers/auto_pc'.
ERROR: [IP_Flow 19-2322] Failed to set user parameter 'M_AXI.ADDR_WIDTH' value '32' for IP 'ps7_0_axi_periph/s00_couplers/auto_pc'.
ERROR: [IP_Flow 19-2322] Failed to set user parameter 'MI_PROTOCOL' value 'AXI4LITE' for IP 'ps7_0_axi_periph/s00_couplers/auto_pc'.
CRITICAL WARNING: [BD 41-2161] Unable to find interface <M02_AXI> in cell <xbar> while setting up interface connections during loading of BD file.
Adding component instance block -- xilinx.com:ip:proc_sys_reset:5.0 - rst_ps7_0_100M
INFO: [BD 41-434] Could not find an IP with XCI file by name: BD_rst_ps7_0_100M_0 
WARNING: [IP_Flow 19-2162] IP 'BD_rst_ps7_0_100M_0' is locked:
* Project containing IP 'BD_rst_ps7_0_100M_0' is read-only.
Adding component instance block -- IMSE-CNM:HwSec:ms2xs_mult11bit:1.0 - ms2xs_mult11bit_0
INFO: [BD 41-434] Could not find an IP with XCI file by name: BD_ms2xs_mult11bit_0_1 
WARNING: [IP_Flow 19-2162] IP 'BD_ms2xs_mult11bit_0_0' is locked:
* Project containing IP 'BD_ms2xs_mult11bit_0_0' is read-only.
ERROR: [IP_Flow 19-2322] Failed to set user parameter 'M' value '1' for IP 'ms2xs_mult11bit_0'.
ERROR: [IP_Flow 19-2322] Failed to set user parameter 'DIN_AXIS.HAS_TKEEP' value '0' for IP 'ms2xs_mult11bit_0'.
ERROR: [IP_Flow 19-2322] Failed to set user parameter 'DOUT_AXIS.HAS_TKEEP' value '0' for IP 'ms2xs_mult11bit_0'.
ERROR: [IP_Flow 19-2322] Failed to set user parameter 'M' value '1' for IP 'ms2xs_mult11bit_0'.
Adding component instance block -- IMSE-CNM:HwSec:ms2xs:8.0 - ms2xs_0
INFO: [BD 41-434] Could not find an IP with XCI file by name: BD_ms2xs_0_0 
WARNING: [IP_Flow 19-2162] IP 'BD_ms2xs_0_0' is locked:
* Project containing IP 'BD_ms2xs_0_0' is read-only.
ERROR: [IP_Flow 19-2322] Failed to set user parameter 'DIN_AXIS.HAS_TKEEP' value '0' for IP 'ms2xs_0'.
ERROR: [IP_Flow 19-2322] Failed to set user parameter 'DOUT_AXIS.HAS_TKEEP' value '0' for IP 'ms2xs_0'.
Adding component instance block -- xilinx.com:ip:system_ila:1.1 - system_ila_0
INFO: [BD 41-434] Could not find an IP with XCI file by name: BD_system_ila_0_0 
WARNING: [IP_Flow 19-2162] IP 'BD_system_ila_0_0' is locked:
* Project containing IP 'BD_system_ila_0_0' is read-only.
ERROR: [IP_Flow 19-2322] Failed to set user parameter 'ALL_PROBE_SAME_MU_CNT' value '4' for IP 'system_ila_0'.
ERROR: [IP_Flow 19-2322] Failed to set user parameter 'ALL_PROBE_SAME_MU_CNT' value '4' for IP 'system_ila_0'.
Adding component instance block -- xilinx.com:ip:axis_switch:1.1 - axis_switch_0
INFO: [BD 41-434] Could not find an IP with XCI file by name: BD_axis_switch_0_0 
WARNING: [IP_Flow 19-2162] IP 'BD_axis_switch_0_0' is locked:
* Project containing IP 'BD_axis_switch_0_0' is read-only.
ERROR: [IP_Flow 19-2322] Failed to set user parameter 'DECODER_REG' value '1' for IP 'axis_switch_0'.
ERROR: [IP_Flow 19-2322] Failed to set user parameter 'M00_AXIS.HAS_TKEEP' value '0' for IP 'axis_switch_0'.
ERROR: [IP_Flow 19-2322] Failed to set user parameter 'DECODER_REG' value '1' for IP 'axis_switch_0'.
Adding component instance block -- xilinx.com:ip:axis_switch:1.1 - axis_switch_1
INFO: [BD 41-434] Could not find an IP with XCI file by name: BD_axis_switch_0_1 
WARNING: [IP_Flow 19-2162] IP 'BD_axis_switch_1_0' is locked:
* Project containing IP 'BD_axis_switch_1_0' is read-only.
ERROR: [IP_Flow 19-2322] Failed to set user parameter 'DECODER_REG' value '0' for IP 'axis_switch_1'.
ERROR: [IP_Flow 19-2322] Failed to set user parameter 'M00_AXIS.HAS_TKEEP' value '0' for IP 'axis_switch_1'.
ERROR: [IP_Flow 19-2322] Failed to set user parameter 'DECODER_REG' value '0' for IP 'axis_switch_1'.
CRITICAL WARNING: [BD 41-2161] Unable to find interface <S_AXI_CTRL> in cell <axis_switch_1> while setting up interface connections during loading of BD file.
CRITICAL WARNING: [BD 41-2161] Unable to find interface <M01_AXIS> in cell <axis_switch_0> while setting up interface connections during loading of BD file.
ERROR: [BD 41-352] Error propagating port maps. An interface pin on a non-hierarchical block must have a port map: /system_ila_0/SLOT_2_AXIS
ERROR: [BD 41-352] Error propagating port maps. An interface pin on a non-hierarchical block must have a port map: /axi_smc/S01_AXI
CRITICAL WARNING: [BD 41-177] The types of the interfaces 'S_AXI_HP0'(:::) and 'M00_AXI'(xilinx.com:interface:aximm:1.0) are incompatible. They cannot be connected.
ERROR: [BD 41-352] Error propagating port maps. An interface pin on a non-hierarchical block must have a port map: /system_ila_0/SLOT_0_AXIS
ERROR: [BD 41-352] Error propagating port maps. An interface pin on a non-hierarchical block must have a port map: /system_ila_0/SLOT_3_AXIS
ERROR: [BD 41-352] Error propagating port maps. An interface pin on a non-hierarchical block must have a port map: /system_ila_0/SLOT_1_AXIS
ERROR: [BD 41-352] Error propagating port maps. An interface pin on a non-hierarchical block must have a port map: /axi_smc/S00_AXI
CRITICAL WARNING: [BD 41-2161] Unable to find interface <S_AXI_CTRL> in cell <axis_switch_0> while setting up interface connections during loading of BD file.
ERROR: [BD 41-352] Error propagating port maps. An interface pin on a non-hierarchical block must have a port map: /system_ila_0/SLOT_4_AXI
CRITICAL WARNING: [BD 41-2162] Unable to find pin <S_AXI_HP0_ACLK> in cell <processing_system7_0> while setting up net connections during loading of BD file.
CRITICAL WARNING: [BD 41-2162] Unable to find pin <aclk> in cell <axi_smc> while setting up net connections during loading of BD file.
CRITICAL WARNING: [BD 41-2162] Unable to find pin <clk> in cell <system_ila_0> while setting up net connections during loading of BD file.
CRITICAL WARNING: [BD 41-2162] Unable to find pin <s_axi_ctrl_aclk> in cell <axis_switch_0> while setting up net connections during loading of BD file.
CRITICAL WARNING: [BD 41-2162] Unable to find pin <s_axi_ctrl_aclk> in cell <axis_switch_1> while setting up net connections during loading of BD file.
CRITICAL WARNING: [BD 41-2162] Unable to find pin <aresetn> in cell <axi_smc> while setting up net connections during loading of BD file.
CRITICAL WARNING: [BD 41-2162] Unable to find pin <resetn> in cell <system_ila_0> while setting up net connections during loading of BD file.
CRITICAL WARNING: [BD 41-2162] Unable to find pin <s_axi_ctrl_aresetn> in cell <axis_switch_0> while setting up net connections during loading of BD file.
CRITICAL WARNING: [BD 41-2162] Unable to find pin <s_axi_ctrl_aresetn> in cell <axis_switch_1> while setting up net connections during loading of BD file.
CRITICAL WARNING: [BD 41-1289] Cannot find slave segment </axis_switch_0/S_AXI_CTRL/Reg>. Cannot create segment <SEG_axis_switch_0_Reg> at <0x43C0_0000 [ 64K ]> in Address Space </processing_system7_0/Data>.
WARNING: [BD 41-705] Could not load assignment of </axis_switch_0/S_AXI_CTRL/Reg> into address space </processing_system7_0/Data>
CRITICAL WARNING: [BD 41-1289] Cannot find slave segment </axis_switch_1/S_AXI_CTRL/Reg>. Cannot create segment <SEG_axis_switch_1_Reg> at <0x43C1_0000 [ 64K ]> in Address Space </processing_system7_0/Data>.
WARNING: [BD 41-705] Could not load assignment of </axis_switch_1/S_AXI_CTRL/Reg> into address space </processing_system7_0/Data>
CRITICAL WARNING: [BD 41-1289] Cannot find slave segment </processing_system7_0/S_AXI_HP0/HP0_DDR_LOWOCM>. Cannot create segment <SEG_processing_system7_0_HP0_DDR_LOWOCM> at <0x0000_0000 [ 512M ]> in Address Space </axi_dma_0/Data_MM2S>.
WARNING: [BD 41-705] Could not load assignment of </processing_system7_0/S_AXI_HP0/HP0_DDR_LOWOCM> into address space </axi_dma_0/Data_MM2S>
CRITICAL WARNING: [BD 41-1289] Cannot find slave segment </processing_system7_0/S_AXI_HP0/HP0_DDR_LOWOCM>. Cannot create segment <SEG_processing_system7_0_HP0_DDR_LOWOCM> at <0x0000_0000 [ 512M ]> in Address Space </axi_dma_0/Data_S2MM>.
WARNING: [BD 41-705] Could not load assignment of </processing_system7_0/S_AXI_HP0/HP0_DDR_LOWOCM> into address space </axi_dma_0/Data_S2MM>
Successfully read diagram <BD> from BD file <C:/Users/erosc/Desktop/Vivado/MS2XS_01.xpr/MS2XS_01/MS2XS_01.srcs/sources_1/bd/BD/BD.bd>
INFO: [BD 41-433] 
Design successfully migrated to use XCI files...
Wrote  : <C:/Users/erosc/Desktop/Vivado/MS2XS_01.xpr/MS2XS_01/MS2XS_01.srcs/sources_1/bd/BD/ui/bd_206cfb42.ui> 
open_bd_design: Time (s): cpu = 00:00:04 ; elapsed = 00:00:08 . Memory (MB): peak = 1445.918 ; gain = 165.133
ERROR: [Common 17-39] 'open_bd_design' failed due to earlier errors.
exit
INFO: [Common 17-206] Exiting Vivado at Thu Mar 23 15:56:21 2023...
