#-----------------------------------------------------------
# Vivado v2020.2 (64-bit)
# SW Build 3064766 on Wed Nov 18 09:12:45 MST 2020
# IP Build 3064653 on Wed Nov 18 14:17:31 MST 2020
# Start of session at: Sun Oct  9 14:11:01 2022
# Process ID: 15692
# Current directory: C:/Users/erosc/Desktop/Vivado/ms2xs_mult11bit_v1_0_project/ms2xs_mult11bit_v1_0_project
# Command line: vivado.exe -gui_launcher_event rodinguilauncherevent47132 C:\Users\erosc\Desktop\Vivado\ms2xs_mult11bit_v1_0_project\ms2xs_mult11bit_v1_0_project\ms2xs_mult11bit_v1_0_project.xpr
# Log file: C:/Users/erosc/Desktop/Vivado/ms2xs_mult11bit_v1_0_project/ms2xs_mult11bit_v1_0_project/vivado.log
# Journal file: C:/Users/erosc/Desktop/Vivado/ms2xs_mult11bit_v1_0_project/ms2xs_mult11bit_v1_0_project\vivado.jou
#-----------------------------------------------------------
start_gui
open_project C:/Users/erosc/Desktop/Vivado/ms2xs_mult11bit_v1_0_project/ms2xs_mult11bit_v1_0_project/ms2xs_mult11bit_v1_0_project.xpr
INFO: [ProjectBase 1-489] The host OS only allows 260 characters in a normal path. The project is stored in a path with more than 80 characters. If you experience issues with IP, Block Designs, or files not being found, please consider moving the project to a location with a shorter path. Alternately consider using the OS subst command to map part of the path to a drive letter.
Current project path is 'C:/Users/erosc/Desktop/Vivado/ms2xs_mult11bit_v1_0_project/ms2xs_mult11bit_v1_0_project'
WARNING: [filemgmt 56-3] IP Repository Path: Could not find the directory 'C:/Users/erosc/Desktop/Vivado/SHA_2_Implementations/SHA2_512_1.0'.
WARNING: [filemgmt 56-3] Default IP Output Path : Could not find the directory 'C:/Users/erosc/Desktop/Vivado/ms2xs_mult11bit_v1_0_project/ms2xs_mult11bit_v1_0_project/ms2xs_mult11bit_v1_0_project.gen/sources_1'.
Scanning sources...
Finished scanning sources
INFO: [IP_Flow 19-234] Refreshing IP repositories
WARNING: [IP_Flow 19-2248] Failed to load user IP repository 'c:/Users/erosc/Desktop/Vivado/SHA_2_Implementations/SHA2_512_1.0'; Can't find the specified path.
If this directory should no longer be in your list of user repositories, go to the IP Settings dialog and remove it.
INFO: [IP_Flow 19-1700] Loaded user IP repository 'c:/Users/erosc/Desktop/Vivado/MS2XS_01.xpr/MS2XS_01/MS2XS_01.ipdefs/ntru_ip_repo_0'.
INFO: [IP_Flow 19-2313] Loaded Vivado IP repository 'C:/Xilinx/Vivado/2020.2/data/ip'.
open_project: Time (s): cpu = 00:00:12 ; elapsed = 00:00:06 . Memory (MB): peak = 1107.117 ; gain = 0.000
update_compile_order -fileset sources_1
launch_simulation
Command: launch_simulation 
INFO: [Vivado 12-5682] Launching behavioral simulation in 'C:/Users/erosc/Desktop/Vivado/ms2xs_mult11bit_v1_0_project/ms2xs_mult11bit_v1_0_project/ms2xs_mult11bit_v1_0_project.sim/sim_1/behav/xsim'
INFO: [SIM-utils-51] Simulation object is 'sim_1'
INFO: [SIM-utils-54] Inspecting design source files for 'ms2xs_mult11bit_v1_0' in fileset 'sim_1'...
INFO: [USF-XSim-97] Finding global include files...
INFO: [USF-XSim-98] Fetching design files from 'sim_1'...
INFO: [USF-XSim-2] XSim::Compile design
INFO: [USF-XSim-61] Executing 'COMPILE and ANALYZE' step in 'C:/Users/erosc/Desktop/Vivado/ms2xs_mult11bit_v1_0_project/ms2xs_mult11bit_v1_0_project/ms2xs_mult11bit_v1_0_project.sim/sim_1/behav/xsim'
"xvlog --incr --relax -prj ms2xs_mult11bit_v1_0_vlog.prj"
ERROR: [XSIM 43-3268] Logical library name '"../../../../../../MS2XS_01.xpr/MS2XS_01/MS2XS_01.ipdefs/ntru_ip_repo_0/ms2xs_mult11bit_1.0/src/AU_11x11.v"' should not contain white space, new line, /, \, = or .
ERROR: [XSIM 43-3217] ms2xs_mult11bit_v1_0_vlog.prj (line 2): Incorrect project file syntax. Correct syntax is one of: vhdl <worklib> <file>, verilog <worklib> <file> [<file> ...] [[-d <macro>] ...] [[-i <include>] ...], or NOSORT. Presence of NOSORT on a line of its own disables file order sorting.
INFO: [USF-XSim-69] 'compile' step finished in '1' seconds
INFO: [USF-XSim-99] Step results log file:'C:/Users/erosc/Desktop/Vivado/ms2xs_mult11bit_v1_0_project/ms2xs_mult11bit_v1_0_project/ms2xs_mult11bit_v1_0_project.sim/sim_1/behav/xsim/xvlog.log'
ERROR: [USF-XSim-62] 'compile' step failed with error(s). Please check the Tcl console output or 'C:/Users/erosc/Desktop/Vivado/ms2xs_mult11bit_v1_0_project/ms2xs_mult11bit_v1_0_project/ms2xs_mult11bit_v1_0_project.sim/sim_1/behav/xsim/xvlog.log' file for more information.
ERROR: [Vivado 12-4473] Detected error while running simulation. Please correct the issue and retry this operation.
ERROR: [Common 17-39] 'launch_simulation' failed due to earlier errors.
exit
INFO: [Common 17-206] Exiting Vivado at Sun Oct  9 15:43:55 2022...
