#-----------------------------------------------------------
# Vivado v2020.1 (64-bit)
# SW Build 2902540 on Wed May 27 19:54:49 MDT 2020
# IP Build 2902112 on Wed May 27 22:43:36 MDT 2020
# Start of session at: Thu Mar 23 15:29:43 2023
# Process ID: 20436
# Current directory: C:/Users/erosc/Desktop/Vivado/ms2xs_mult11bit_v1_0_project/ms2xs_mult11bit_v1_0_project
# Command line: vivado.exe -gui_launcher_event rodinguilauncherevent7620 C:\Users\erosc\Desktop\Vivado\ms2xs_mult11bit_v1_0_project\ms2xs_mult11bit_v1_0_project\ms2xs_mult11bit_v1_0_project.xpr
# Log file: C:/Users/erosc/Desktop/Vivado/ms2xs_mult11bit_v1_0_project/ms2xs_mult11bit_v1_0_project/vivado.log
# Journal file: C:/Users/erosc/Desktop/Vivado/ms2xs_mult11bit_v1_0_project/ms2xs_mult11bit_v1_0_project\vivado.jou
#-----------------------------------------------------------
start_gui
open_project C:/Users/erosc/Desktop/Vivado/ms2xs_mult11bit_v1_0_project/ms2xs_mult11bit_v1_0_project/ms2xs_mult11bit_v1_0_project.xpr
INFO: [ProjectBase 1-489] The host OS only allows 260 characters in a normal path. The project is stored in a path with more than 80 characters. If you experience issues with IP, Block Designs, or files not being found, please consider moving the project to a location with a shorter path. Alternately consider using the OS subst command to map part of the path to a drive letter.
Current project path is 'C:/Users/erosc/Desktop/Vivado/ms2xs_mult11bit_v1_0_project/ms2xs_mult11bit_v1_0_project'
WARNING: [filemgmt 56-99] Vivado Synthesis ignores library specification for Verilog or SystemVerilog files. [C:/Users/erosc/Desktop/Vivado/MS2XS_01.xpr/MS2XS_01/MS2XS_01.ipdefs/ntru_ip_repo_0/ms2xs_mult11bit_1.0/src/AU_11x11.v:]
WARNING: [filemgmt 56-99] Vivado Synthesis ignores library specification for Verilog or SystemVerilog files. [C:/Users/erosc/Desktop/Vivado/MS2XS_01.xpr/MS2XS_01/MS2XS_01.ipdefs/ntru_ip_repo_0/ms2xs_mult11bit_1.0/src/AUs.v:]
WARNING: [filemgmt 56-99] Vivado Synthesis ignores library specification for Verilog or SystemVerilog files. [C:/Users/erosc/Desktop/Vivado/MS2XS_01.xpr/MS2XS_01/MS2XS_01.ipdefs/ntru_ip_repo_0/ms2xs_mult11bit_1.0/src/Control.v:]
WARNING: [filemgmt 56-99] Vivado Synthesis ignores library specification for Verilog or SystemVerilog files. [C:/Users/erosc/Desktop/Vivado/MS2XS_01.xpr/MS2XS_01/MS2XS_01.ipdefs/ntru_ip_repo_0/ms2xs_mult11bit_1.0/src/MS2XS.v:]
WARNING: [filemgmt 56-99] Vivado Synthesis ignores library specification for Verilog or SystemVerilog files. [C:/Users/erosc/Desktop/Vivado/MS2XS_01.xpr/MS2XS_01/MS2XS_01.ipdefs/ntru_ip_repo_0/ms2xs_mult11bit_1.0/src/Mems.v:]
WARNING: [filemgmt 56-99] Vivado Synthesis ignores library specification for Verilog or SystemVerilog files. [C:/Users/erosc/Desktop/Vivado/MS2XS_01.xpr/MS2XS_01/MS2XS_01.ipdefs/ntru_ip_repo_0/ms2xs_mult11bit_1.0/src/axis_in.v:]
WARNING: [filemgmt 56-99] Vivado Synthesis ignores library specification for Verilog or SystemVerilog files. [C:/Users/erosc/Desktop/Vivado/MS2XS_01.xpr/MS2XS_01/MS2XS_01.ipdefs/ntru_ip_repo_0/ms2xs_mult11bit_1.0/src/axis_out.v:]
WARNING: [filemgmt 56-99] Vivado Synthesis ignores library specification for Verilog or SystemVerilog files. [C:/Users/erosc/Desktop/Vivado/MS2XS_01.xpr/MS2XS_01/MS2XS_01.ipdefs/ntru_ip_repo_0/ms2xs_mult11bit_1.0/hdl/ms2xs_mult11bit_v1_0.v:]
Scanning sources...
Finished scanning sources
CRITICAL WARNING: [Project 1-532] XML ERROR: Project Option SimulatorGccInstallDirModelSim has no valid value
CRITICAL WARNING: [Project 1-532] XML ERROR: Project Option SimulatorGccInstallDirQuesta has no valid value
CRITICAL WARNING: [Project 1-532] XML ERROR: Project Option SimulatorGccInstallDirIES has no valid value
CRITICAL WARNING: [Project 1-532] XML ERROR: Project Option SimulatorGccInstallDirXcelium has no valid value
CRITICAL WARNING: [Project 1-532] XML ERROR: Project Option SimulatorGccInstallDirVCS has no valid value
CRITICAL WARNING: [Project 1-532] XML ERROR: Project Option SimulatorGccInstallDirRiviera has no valid value
CRITICAL WARNING: [Project 1-532] XML ERROR: Project Option SimulatorGccInstallDirActiveHdl has no valid value
WARNING: [filemgmt 56-3] IP Repository Path: Could not find the directory 'C:/Users/erosc/Desktop/Vivado/SHA_2_Implementations/SHA2_512_1.0'.
WARNING: [filemgmt 56-3] Default IP Output Path : Could not find the directory 'C:/Users/erosc/Desktop/Vivado/ms2xs_mult11bit_v1_0_project/ms2xs_mult11bit_v1_0_project/ms2xs_mult11bit_v1_0_project.gen/sources_1'.
CRITICAL WARNING: [Board 49-67] The board_part definition was not found for tul.com.tw:pynq-z2:part0:1.0. This can happen sometimes when you use custom board part. You can resolve this issue by setting 'board.repoPaths' parameter, pointing to the location of custom board files. Valid board_part values can be retrieved with the 'get_board_parts' Tcl command.
WARNING: [Project 1-231] Project 'ms2xs_mult11bit_v1_0_project.xpr' was created with a future version and may or may not perform reliably with this version of Vivado. It has been opened in read-only mode for the protection of unrecognized data. Use 'File | Save Project As...' if you wish to alter a copy of the project.
INFO: [IP_Flow 19-234] Refreshing IP repositories
WARNING: [IP_Flow 19-2248] Failed to load user IP repository 'c:/Users/erosc/Desktop/Vivado/SHA_2_Implementations/SHA2_512_1.0'; Can't find the specified path.
If this directory should no longer be in your list of user repositories, go to the IP Settings dialog and remove it.
INFO: [IP_Flow 19-1700] Loaded user IP repository 'c:/Users/erosc/Desktop/Vivado/MS2XS_01.xpr/MS2XS_01/MS2XS_01.ipdefs/ntru_ip_repo_0'.
INFO: [IP_Flow 19-2313] Loaded Vivado IP repository 'C:/Xilinx/Vivado/2020.1/data/ip'.
update_compile_order -fileset sources_1
synth_design -rtl -name rtl_1
Command: synth_design -rtl -name rtl_1
Starting synth_design
Using part: xc7z020clg400-1
Top: ms2xs_mult11bit_v1_0
INFO: [Device 21-403] Loading part xc7z020clg400-1
---------------------------------------------------------------------------------
Starting RTL Elaboration : Time (s): cpu = 00:00:03 ; elapsed = 00:00:04 . Memory (MB): peak = 1328.844 ; gain = 129.371
---------------------------------------------------------------------------------
INFO: [Synth 8-6157] synthesizing module 'ms2xs_mult11bit_v1_0' [C:/Users/erosc/Desktop/Vivado/MS2XS_01.xpr/MS2XS_01/MS2XS_01.ipdefs/ntru_ip_repo_0/ms2xs_mult11bit_1.0/hdl/ms2xs_mult11bit_v1_0.v:4]
	Parameter M bound to: 2 - type: integer 
	Parameter N bound to: 20 - type: integer 
	Parameter q bound to: 2048 - type: integer 
	Parameter p bound to: 3 - type: integer 
	Parameter C_DIN_AXIS_TDATA_WIDTH bound to: 32 - type: integer 
	Parameter C_DOUT_AXIS_TDATA_WIDTH bound to: 32 - type: integer 
	Parameter C_DOUT_AXIS_START_COUNT bound to: 32 - type: integer 
INFO: [Synth 8-6157] synthesizing module 'ms2xs' [C:/Users/erosc/Desktop/Vivado/MS2XS_01.xpr/MS2XS_01/MS2XS_01.ipdefs/ntru_ip_repo_0/ms2xs_mult11bit_1.0/src/MS2XS.v:9]
	Parameter D_WIDTH bound to: 32 - type: integer 
	Parameter S_COUNT bound to: 32 - type: integer 
	Parameter N bound to: 20 - type: integer 
	Parameter q bound to: 2048 - type: integer 
	Parameter p bound to: 3 - type: integer 
	Parameter M bound to: 2 - type: integer 
INFO: [Synth 8-6157] synthesizing module 'axis_in' [C:/Users/erosc/Desktop/Vivado/MS2XS_01.xpr/MS2XS_01/MS2XS_01.ipdefs/ntru_ip_repo_0/ms2xs_mult11bit_1.0/src/axis_in.v:7]
	Parameter N bound to: 20 - type: integer 
	Parameter M bound to: 2 - type: integer 
	Parameter D_WIDTH bound to: 32 - type: integer 
	Parameter IDLE bound to: 2'b00 
	Parameter WRITE bound to: 2'b01 
INFO: [Synth 8-6155] done synthesizing module 'axis_in' (1#1) [C:/Users/erosc/Desktop/Vivado/MS2XS_01.xpr/MS2XS_01/MS2XS_01.ipdefs/ntru_ip_repo_0/ms2xs_mult11bit_1.0/src/axis_in.v:7]
INFO: [Synth 8-6157] synthesizing module 'axis_out' [C:/Users/erosc/Desktop/Vivado/MS2XS_01.xpr/MS2XS_01/MS2XS_01.ipdefs/ntru_ip_repo_0/ms2xs_mult11bit_1.0/src/axis_out.v:7]
	Parameter N bound to: 20 - type: integer 
	Parameter M bound to: 2 - type: integer 
	Parameter D_WIDTH bound to: 32 - type: integer 
	Parameter S_COUNT bound to: 32 - type: integer 
	Parameter IDLE bound to: 2'b00 
	Parameter INIT_COUNTER bound to: 2'b01 
	Parameter SEND_STREAM bound to: 2'b10 
INFO: [Synth 8-155] case statement is not full and has no default [C:/Users/erosc/Desktop/Vivado/MS2XS_01.xpr/MS2XS_01/MS2XS_01.ipdefs/ntru_ip_repo_0/ms2xs_mult11bit_1.0/src/axis_out.v:65]
INFO: [Synth 8-6155] done synthesizing module 'axis_out' (2#1) [C:/Users/erosc/Desktop/Vivado/MS2XS_01.xpr/MS2XS_01/MS2XS_01.ipdefs/ntru_ip_repo_0/ms2xs_mult11bit_1.0/src/axis_out.v:7]
INFO: [Synth 8-6157] synthesizing module 'control' [C:/Users/erosc/Desktop/Vivado/MS2XS_01.xpr/MS2XS_01/MS2XS_01.ipdefs/ntru_ip_repo_0/ms2xs_mult11bit_1.0/src/Control.v:7]
	Parameter N bound to: 20 - type: integer 
	Parameter q bound to: 2048 - type: integer 
	Parameter p bound to: 3 - type: integer 
	Parameter M bound to: 2 - type: integer 
	Parameter k1 bound to: 9 - type: integer 
	Parameter ncc bound to: 200 - type: integer 
WARNING: [Synth 8-6104] Input port 'n' has an internal driver [C:/Users/erosc/Desktop/Vivado/MS2XS_01.xpr/MS2XS_01/MS2XS_01.ipdefs/ntru_ip_repo_0/ms2xs_mult11bit_1.0/src/Control.v:145]
WARNING: [Synth 8-6104] Input port 'n' has an internal driver [C:/Users/erosc/Desktop/Vivado/MS2XS_01.xpr/MS2XS_01/MS2XS_01.ipdefs/ntru_ip_repo_0/ms2xs_mult11bit_1.0/src/Control.v:145]
WARNING: [Synth 8-6104] Input port 'n' has an internal driver [C:/Users/erosc/Desktop/Vivado/MS2XS_01.xpr/MS2XS_01/MS2XS_01.ipdefs/ntru_ip_repo_0/ms2xs_mult11bit_1.0/src/Control.v:145]
WARNING: [Synth 8-6104] Input port 'n' has an internal driver [C:/Users/erosc/Desktop/Vivado/MS2XS_01.xpr/MS2XS_01/MS2XS_01.ipdefs/ntru_ip_repo_0/ms2xs_mult11bit_1.0/src/Control.v:145]
WARNING: [Synth 8-6104] Input port 'n' has an internal driver [C:/Users/erosc/Desktop/Vivado/MS2XS_01.xpr/MS2XS_01/MS2XS_01.ipdefs/ntru_ip_repo_0/ms2xs_mult11bit_1.0/src/Control.v:145]
INFO: [Synth 8-6155] done synthesizing module 'control' (3#1) [C:/Users/erosc/Desktop/Vivado/MS2XS_01.xpr/MS2XS_01/MS2XS_01.ipdefs/ntru_ip_repo_0/ms2xs_mult11bit_1.0/src/Control.v:7]
WARNING: [Synth 8-689] width (5) of port connection 'addr_e' does not match port width (4) of module 'control' [C:/Users/erosc/Desktop/Vivado/MS2XS_01.xpr/MS2XS_01/MS2XS_01.ipdefs/ntru_ip_repo_0/ms2xs_mult11bit_1.0/src/MS2XS.v:93]
INFO: [Synth 8-6157] synthesizing module 'mems' [C:/Users/erosc/Desktop/Vivado/MS2XS_01.xpr/MS2XS_01/MS2XS_01.ipdefs/ntru_ip_repo_0/ms2xs_mult11bit_1.0/src/Mems.v:7]
	Parameter N bound to: 20 - type: integer 
	Parameter q bound to: 2048 - type: integer 
	Parameter p bound to: 3 - type: integer 
	Parameter M bound to: 2 - type: integer 
INFO: [Synth 8-6157] synthesizing module 'mems_h' [C:/Users/erosc/Desktop/Vivado/MS2XS_01.xpr/MS2XS_01/MS2XS_01.ipdefs/ntru_ip_repo_0/ms2xs_mult11bit_1.0/src/Mems.v:108]
	Parameter N bound to: 20 - type: integer 
	Parameter q bound to: 2048 - type: integer 
	Parameter p bound to: 3 - type: integer 
	Parameter M bound to: 2 - type: integer 
INFO: [Synth 8-6157] synthesizing module 'mem_h' [C:/Users/erosc/Desktop/Vivado/MS2XS_01.xpr/MS2XS_01/MS2XS_01.ipdefs/ntru_ip_repo_0/ms2xs_mult11bit_1.0/src/Mems.v:156]
	Parameter N bound to: 20 - type: integer 
	Parameter q bound to: 2048 - type: integer 
	Parameter p bound to: 3 - type: integer 
INFO: [Synth 8-6155] done synthesizing module 'mem_h' (4#1) [C:/Users/erosc/Desktop/Vivado/MS2XS_01.xpr/MS2XS_01/MS2XS_01.ipdefs/ntru_ip_repo_0/ms2xs_mult11bit_1.0/src/Mems.v:156]
WARNING: [Synth 8-689] width (6) of port connection 'addr_h_w' does not match port width (5) of module 'mem_h' [C:/Users/erosc/Desktop/Vivado/MS2XS_01.xpr/MS2XS_01/MS2XS_01.ipdefs/ntru_ip_repo_0/ms2xs_mult11bit_1.0/src/Mems.v:141]
WARNING: [Synth 8-689] width (6) of port connection 'addr_h_w' does not match port width (5) of module 'mem_h' [C:/Users/erosc/Desktop/Vivado/MS2XS_01.xpr/MS2XS_01/MS2XS_01.ipdefs/ntru_ip_repo_0/ms2xs_mult11bit_1.0/src/Mems.v:141]
INFO: [Synth 8-6155] done synthesizing module 'mems_h' (5#1) [C:/Users/erosc/Desktop/Vivado/MS2XS_01.xpr/MS2XS_01/MS2XS_01.ipdefs/ntru_ip_repo_0/ms2xs_mult11bit_1.0/src/Mems.v:108]
INFO: [Synth 8-6157] synthesizing module 'mem_r' [C:/Users/erosc/Desktop/Vivado/MS2XS_01.xpr/MS2XS_01/MS2XS_01.ipdefs/ntru_ip_repo_0/ms2xs_mult11bit_1.0/src/Mems.v:71]
	Parameter N bound to: 20 - type: integer 
	Parameter q bound to: 2048 - type: integer 
	Parameter p bound to: 3 - type: integer 
INFO: [Synth 8-6155] done synthesizing module 'mem_r' (6#1) [C:/Users/erosc/Desktop/Vivado/MS2XS_01.xpr/MS2XS_01/MS2XS_01.ipdefs/ntru_ip_repo_0/ms2xs_mult11bit_1.0/src/Mems.v:71]
INFO: [Synth 8-6157] synthesizing module 'mems_e' [C:/Users/erosc/Desktop/Vivado/MS2XS_01.xpr/MS2XS_01/MS2XS_01.ipdefs/ntru_ip_repo_0/ms2xs_mult11bit_1.0/src/Mems.v:193]
	Parameter N bound to: 20 - type: integer 
	Parameter q bound to: 2048 - type: integer 
	Parameter p bound to: 3 - type: integer 
	Parameter M bound to: 2 - type: integer 
WARNING: [Synth 8-6104] Input port 'n' has an internal driver [C:/Users/erosc/Desktop/Vivado/MS2XS_01.xpr/MS2XS_01/MS2XS_01.ipdefs/ntru_ip_repo_0/ms2xs_mult11bit_1.0/src/Mems.v:266]
WARNING: [Synth 8-6104] Input port 'n' has an internal driver [C:/Users/erosc/Desktop/Vivado/MS2XS_01.xpr/MS2XS_01/MS2XS_01.ipdefs/ntru_ip_repo_0/ms2xs_mult11bit_1.0/src/Mems.v:266]
WARNING: [Synth 8-6104] Input port 'n' has an internal driver [C:/Users/erosc/Desktop/Vivado/MS2XS_01.xpr/MS2XS_01/MS2XS_01.ipdefs/ntru_ip_repo_0/ms2xs_mult11bit_1.0/src/Mems.v:266]
WARNING: [Synth 8-6104] Input port 'n' has an internal driver [C:/Users/erosc/Desktop/Vivado/MS2XS_01.xpr/MS2XS_01/MS2XS_01.ipdefs/ntru_ip_repo_0/ms2xs_mult11bit_1.0/src/Mems.v:266]
WARNING: [Synth 8-6104] Input port 'n' has an internal driver [C:/Users/erosc/Desktop/Vivado/MS2XS_01.xpr/MS2XS_01/MS2XS_01.ipdefs/ntru_ip_repo_0/ms2xs_mult11bit_1.0/src/Mems.v:266]
WARNING: [Synth 8-6104] Input port 'n' has an internal driver [C:/Users/erosc/Desktop/Vivado/MS2XS_01.xpr/MS2XS_01/MS2XS_01.ipdefs/ntru_ip_repo_0/ms2xs_mult11bit_1.0/src/Mems.v:266]
WARNING: [Synth 8-6104] Input port 'n' has an internal driver [C:/Users/erosc/Desktop/Vivado/MS2XS_01.xpr/MS2XS_01/MS2XS_01.ipdefs/ntru_ip_repo_0/ms2xs_mult11bit_1.0/src/Mems.v:266]
WARNING: [Synth 8-6104] Input port 'n' has an internal driver [C:/Users/erosc/Desktop/Vivado/MS2XS_01.xpr/MS2XS_01/MS2XS_01.ipdefs/ntru_ip_repo_0/ms2xs_mult11bit_1.0/src/Mems.v:266]
WARNING: [Synth 8-6104] Input port 'n' has an internal driver [C:/Users/erosc/Desktop/Vivado/MS2XS_01.xpr/MS2XS_01/MS2XS_01.ipdefs/ntru_ip_repo_0/ms2xs_mult11bit_1.0/src/Mems.v:266]
WARNING: [Synth 8-6104] Input port 'n' has an internal driver [C:/Users/erosc/Desktop/Vivado/MS2XS_01.xpr/MS2XS_01/MS2XS_01.ipdefs/ntru_ip_repo_0/ms2xs_mult11bit_1.0/src/Mems.v:266]
WARNING: [Synth 8-6104] Input port 'n' has an internal driver [C:/Users/erosc/Desktop/Vivado/MS2XS_01.xpr/MS2XS_01/MS2XS_01.ipdefs/ntru_ip_repo_0/ms2xs_mult11bit_1.0/src/Mems.v:266]
WARNING: [Synth 8-6104] Input port 'n' has an internal driver [C:/Users/erosc/Desktop/Vivado/MS2XS_01.xpr/MS2XS_01/MS2XS_01.ipdefs/ntru_ip_repo_0/ms2xs_mult11bit_1.0/src/Mems.v:266]
INFO: [Synth 8-6157] synthesizing module 'mem_e' [C:/Users/erosc/Desktop/Vivado/MS2XS_01.xpr/MS2XS_01/MS2XS_01.ipdefs/ntru_ip_repo_0/ms2xs_mult11bit_1.0/src/Mems.v:273]
	Parameter N bound to: 20 - type: integer 
	Parameter q bound to: 2048 - type: integer 
	Parameter p bound to: 3 - type: integer 
	Parameter M bound to: 2 - type: integer 
	Parameter ne bound to: 9 - type: integer 
INFO: [Synth 8-6155] done synthesizing module 'mem_e' (7#1) [C:/Users/erosc/Desktop/Vivado/MS2XS_01.xpr/MS2XS_01/MS2XS_01.ipdefs/ntru_ip_repo_0/ms2xs_mult11bit_1.0/src/Mems.v:273]
WARNING: [Synth 8-6104] Input port 'n' has an internal driver [C:/Users/erosc/Desktop/Vivado/MS2XS_01.xpr/MS2XS_01/MS2XS_01.ipdefs/ntru_ip_repo_0/ms2xs_mult11bit_1.0/src/Mems.v:266]
WARNING: [Synth 8-6104] Input port 'n' has an internal driver [C:/Users/erosc/Desktop/Vivado/MS2XS_01.xpr/MS2XS_01/MS2XS_01.ipdefs/ntru_ip_repo_0/ms2xs_mult11bit_1.0/src/Mems.v:266]
WARNING: [Synth 8-6104] Input port 'n' has an internal driver [C:/Users/erosc/Desktop/Vivado/MS2XS_01.xpr/MS2XS_01/MS2XS_01.ipdefs/ntru_ip_repo_0/ms2xs_mult11bit_1.0/src/Mems.v:266]
WARNING: [Synth 8-6104] Input port 'n' has an internal driver [C:/Users/erosc/Desktop/Vivado/MS2XS_01.xpr/MS2XS_01/MS2XS_01.ipdefs/ntru_ip_repo_0/ms2xs_mult11bit_1.0/src/Mems.v:266]
WARNING: [Synth 8-6104] Input port 'n' has an internal driver [C:/Users/erosc/Desktop/Vivado/MS2XS_01.xpr/MS2XS_01/MS2XS_01.ipdefs/ntru_ip_repo_0/ms2xs_mult11bit_1.0/src/Mems.v:266]
WARNING: [Synth 8-6104] Input port 'n' has an internal driver [C:/Users/erosc/Desktop/Vivado/MS2XS_01.xpr/MS2XS_01/MS2XS_01.ipdefs/ntru_ip_repo_0/ms2xs_mult11bit_1.0/src/Mems.v:266]
WARNING: [Synth 8-6104] Input port 'n' has an internal driver [C:/Users/erosc/Desktop/Vivado/MS2XS_01.xpr/MS2XS_01/MS2XS_01.ipdefs/ntru_ip_repo_0/ms2xs_mult11bit_1.0/src/Mems.v:266]
WARNING: [Synth 8-6104] Input port 'n' has an internal driver [C:/Users/erosc/Desktop/Vivado/MS2XS_01.xpr/MS2XS_01/MS2XS_01.ipdefs/ntru_ip_repo_0/ms2xs_mult11bit_1.0/src/Mems.v:266]
WARNING: [Synth 8-6104] Input port 'n' has an internal driver [C:/Users/erosc/Desktop/Vivado/MS2XS_01.xpr/MS2XS_01/MS2XS_01.ipdefs/ntru_ip_repo_0/ms2xs_mult11bit_1.0/src/Mems.v:266]
WARNING: [Synth 8-6104] Input port 'n' has an internal driver [C:/Users/erosc/Desktop/Vivado/MS2XS_01.xpr/MS2XS_01/MS2XS_01.ipdefs/ntru_ip_repo_0/ms2xs_mult11bit_1.0/src/Mems.v:266]
WARNING: [Synth 8-6104] Input port 'n' has an internal driver [C:/Users/erosc/Desktop/Vivado/MS2XS_01.xpr/MS2XS_01/MS2XS_01.ipdefs/ntru_ip_repo_0/ms2xs_mult11bit_1.0/src/Mems.v:266]
INFO: [Synth 8-6155] done synthesizing module 'mems_e' (8#1) [C:/Users/erosc/Desktop/Vivado/MS2XS_01.xpr/MS2XS_01/MS2XS_01.ipdefs/ntru_ip_repo_0/ms2xs_mult11bit_1.0/src/Mems.v:193]
INFO: [Synth 8-6155] done synthesizing module 'mems' (9#1) [C:/Users/erosc/Desktop/Vivado/MS2XS_01.xpr/MS2XS_01/MS2XS_01.ipdefs/ntru_ip_repo_0/ms2xs_mult11bit_1.0/src/Mems.v:7]
WARNING: [Synth 8-689] width (5) of port connection 'addr_e' does not match port width (4) of module 'mems' [C:/Users/erosc/Desktop/Vivado/MS2XS_01.xpr/MS2XS_01/MS2XS_01.ipdefs/ntru_ip_repo_0/ms2xs_mult11bit_1.0/src/MS2XS.v:103]
INFO: [Synth 8-6157] synthesizing module 'aus' [C:/Users/erosc/Desktop/Vivado/MS2XS_01.xpr/MS2XS_01/MS2XS_01.ipdefs/ntru_ip_repo_0/ms2xs_mult11bit_1.0/src/AUs.v:7]
	Parameter N bound to: 20 - type: integer 
	Parameter q bound to: 2048 - type: integer 
	Parameter p bound to: 3 - type: integer 
	Parameter M bound to: 2 - type: integer 
INFO: [Synth 8-6157] synthesizing module 'AU_COMP11x11' [C:/Users/erosc/Desktop/Vivado/MS2XS_01.xpr/MS2XS_01/MS2XS_01.ipdefs/ntru_ip_repo_0/ms2xs_mult11bit_1.0/src/AU_11x11.v:21]
INFO: [Synth 8-6157] synthesizing module 'AU_11x11' [C:/Users/erosc/Desktop/Vivado/MS2XS_01.xpr/MS2XS_01/MS2XS_01.ipdefs/ntru_ip_repo_0/ms2xs_mult11bit_1.0/src/AU_11x11.v:36]
INFO: [Synth 8-6157] synthesizing module 'SUMADOR_2NUM_11bit' [C:/Users/erosc/Desktop/Vivado/MS2XS_01.xpr/MS2XS_01/MS2XS_01.ipdefs/ntru_ip_repo_0/ms2xs_mult11bit_1.0/src/AU_11x11.v:70]
INFO: [Synth 8-6157] synthesizing module 'SUMADOR_3bit' [C:/Users/erosc/Desktop/Vivado/MS2XS_01.xpr/MS2XS_01/MS2XS_01.ipdefs/ntru_ip_repo_0/ms2xs_mult11bit_1.0/src/AU_11x11.v:84]
INFO: [Synth 8-6155] done synthesizing module 'SUMADOR_3bit' (10#1) [C:/Users/erosc/Desktop/Vivado/MS2XS_01.xpr/MS2XS_01/MS2XS_01.ipdefs/ntru_ip_repo_0/ms2xs_mult11bit_1.0/src/AU_11x11.v:84]
WARNING: [Synth 8-324] index -1 out of range [C:/Users/erosc/Desktop/Vivado/MS2XS_01.xpr/MS2XS_01/MS2XS_01.ipdefs/ntru_ip_repo_0/ms2xs_mult11bit_1.0/src/AU_11x11.v:79]
INFO: [Synth 8-6155] done synthesizing module 'SUMADOR_2NUM_11bit' (11#1) [C:/Users/erosc/Desktop/Vivado/MS2XS_01.xpr/MS2XS_01/MS2XS_01.ipdefs/ntru_ip_repo_0/ms2xs_mult11bit_1.0/src/AU_11x11.v:70]
INFO: [Synth 8-6155] done synthesizing module 'AU_11x11' (12#1) [C:/Users/erosc/Desktop/Vivado/MS2XS_01.xpr/MS2XS_01/MS2XS_01.ipdefs/ntru_ip_repo_0/ms2xs_mult11bit_1.0/src/AU_11x11.v:36]
INFO: [Synth 8-6155] done synthesizing module 'AU_COMP11x11' (13#1) [C:/Users/erosc/Desktop/Vivado/MS2XS_01.xpr/MS2XS_01/MS2XS_01.ipdefs/ntru_ip_repo_0/ms2xs_mult11bit_1.0/src/AU_11x11.v:21]
INFO: [Synth 8-6155] done synthesizing module 'aus' (14#1) [C:/Users/erosc/Desktop/Vivado/MS2XS_01.xpr/MS2XS_01/MS2XS_01.ipdefs/ntru_ip_repo_0/ms2xs_mult11bit_1.0/src/AUs.v:7]
INFO: [Synth 8-6155] done synthesizing module 'ms2xs' (15#1) [C:/Users/erosc/Desktop/Vivado/MS2XS_01.xpr/MS2XS_01/MS2XS_01.ipdefs/ntru_ip_repo_0/ms2xs_mult11bit_1.0/src/MS2XS.v:9]
INFO: [Synth 8-6155] done synthesizing module 'ms2xs_mult11bit_v1_0' (16#1) [C:/Users/erosc/Desktop/Vivado/MS2XS_01.xpr/MS2XS_01/MS2XS_01.ipdefs/ntru_ip_repo_0/ms2xs_mult11bit_1.0/hdl/ms2xs_mult11bit_v1_0.v:4]
---------------------------------------------------------------------------------
Finished RTL Elaboration : Time (s): cpu = 00:00:04 ; elapsed = 00:00:05 . Memory (MB): peak = 1405.535 ; gain = 206.062
---------------------------------------------------------------------------------
---------------------------------------------------------------------------------
Start Handling Custom Attributes
---------------------------------------------------------------------------------
---------------------------------------------------------------------------------
Finished Handling Custom Attributes : Time (s): cpu = 00:00:04 ; elapsed = 00:00:05 . Memory (MB): peak = 1405.535 ; gain = 206.062
---------------------------------------------------------------------------------
---------------------------------------------------------------------------------
Finished RTL Optimization Phase 1 : Time (s): cpu = 00:00:04 ; elapsed = 00:00:05 . Memory (MB): peak = 1405.535 ; gain = 206.062
---------------------------------------------------------------------------------
Netlist sorting complete. Time (s): cpu = 00:00:00 ; elapsed = 00:00:00.012 . Memory (MB): peak = 1405.535 ; gain = 0.000
INFO: [Project 1-570] Preparing netlist for logic optimization
INFO: [Opt 31-141] Inserted 21 OBUFs to IO ports without IO buffers.

Processing XDC Constraints
Initializing timing engine
Completed Processing XDC Constraints

INFO: [Opt 31-138] Pushed 0 inverter(s) to 0 load pin(s).
Netlist sorting complete. Time (s): cpu = 00:00:00 ; elapsed = 00:00:00.002 . Memory (MB): peak = 1506.906 ; gain = 0.000
INFO: [Project 1-111] Unisim Transformation Summary:
No Unisim elements were transformed.

RTL Elaboration Complete:  : Time (s): cpu = 00:00:09 ; elapsed = 00:00:09 . Memory (MB): peak = 1527.953 ; gain = 328.480
38 Infos, 33 Warnings, 0 Critical Warnings and 0 Errors encountered.
synth_design completed successfully
synth_design: Time (s): cpu = 00:00:12 ; elapsed = 00:00:19 . Memory (MB): peak = 1527.953 ; gain = 328.480
exit
INFO: [Common 17-206] Exiting Vivado at Thu Mar 23 15:56:14 2023...
