#
# A fatal error has been detected by the Java Runtime Environment:
#
#  EXCEPTION_ACCESS_VIOLATION (0xc0000005) at pc=0x00007ffb8605c836, pid=8892, tid=16852
#
# JRE version: OpenJDK Runtime Environment (11.0.2+9) (build 11.0.2+9)
# Java VM: OpenJDK 64-Bit Server VM (11.0.2+9, mixed mode, tiered, compressed oops, g1 gc, windows-amd64)
# Problematic frame:
# C  [librdi_rsb.dll+0x20c836]
#
# No core dump will be written. Minidumps are not enabled by default on client versions of Windows
#
# If you would like to submit a bug report, please visit:
#   http://bugreport.java.com/bugreport/crash.jsp
# The crash happened outside the Java Virtual Machine in native code.
# See problematic frame for where to report the bug.
#

---------------  S U M M A R Y ------------

Command Line: -Dsun.java2d.pmoffscreen=false -Dhttps.protocols=TLSv1,TLSv1.1,TLSv1.2 -Dsun.java2d.xrender=false -Dsun.java2d.d3d=false -Dsun.awt.nopixfmt=true -Dsun.java2d.dpiaware=true -Dsun.java2d.uiScale.enabled=false -Xverify:none -Dswing.aatext=true -XX:-UsePerfData -Djdk.map.althashing.threshold=512 -XX:StringTableSize=4072 --add-opens=java.base/java.nio=ALL-UNNAMED --add-opens=java.desktop/sun.swing=ALL-UNNAMED --add-opens=java.desktop/javax.swing=ALL-UNNAMED --add-opens=java.desktop/javax.swing.tree=ALL-UNNAMED --add-opens=java.desktop/javax.swing.plaf.basic=ALL-UNNAMED --add-opens=java.desktop/javax.swing.plaf.synth=ALL-UNNAMED --add-opens=java.desktop/com.sun.awt=ALL-UNNAMED -XX:NewSize=60m -XX:MaxNewSize=60m -Xms128m -Xmx3072m -Xss5m 

Host: Intel(R) Core(TM) i7-10750H CPU @ 2.60GHz, 12 cores, 31G,  Windows 10 , 64 bit Build 22000 (10.0.22000.318)
Time: Sun Dec 19 13:19:41 2021 Hora estándar romance elapsed time: 779 seconds (0d 0h 12m 59s)

---------------  T H R E A D  ---------------

Current thread (0x0000025de3c21800):  JavaThread "AWT-EventQueue-0" [_thread_in_native, id=16852, stack(0x0000009f33f00000,0x0000009f34400000)]

Stack: [0x0000009f33f00000,0x0000009f34400000],  sp=0x0000009f343f9630,  free space=5093k
Native frames: (J=compiled Java code, j=interpreted, Vv=VM code, C=native code)
C  [librdi_rsb.dll+0x20c836]
C  0x0000025dcd00c02d

Java frames: (J=compiled Java code, j=interpreted, Vv=VM code)
J 14252  ui.data.rsbi.RSBBase_getName(J)Ljava/lang/String; (0 bytes) @ 0x0000025dcd00bf91 [0x0000025dcd00bf40+0x0000000000000051]
J 15061 c2 ui.data.l.X.getName()Ljava/lang/String; (8 bytes) @ 0x0000025dcd147d04 [0x0000025dcd147cc0+0x0000000000000044]
j  ui.views.systembuilder.dK.fQa()Ljava/lang/String;+11
j  ui.dlg.q.a.l.getText()Ljava/lang/String;+11
J 20673 c2 javax.swing.plaf.basic.BasicLabelUI.propertyChange(Ljava/beans/PropertyChangeEvent;)V java.desktop@11.0.2 (77 bytes) @ 0x0000025dcd330d58 [0x0000025dcd3308c0+0x0000000000000498]
J 7163 c2 java.beans.PropertyChangeSupport.firePropertyChange(Ljava/beans/PropertyChangeEvent;)V java.desktop@11.0.2 (81 bytes) @ 0x0000025dcc9f60b4 [0x0000025dcc9f5f60+0x0000000000000154]
J 6251 c2 java.awt.Component.firePropertyChange(Ljava/lang/String;Ljava/lang/Object;Ljava/lang/Object;)V java.desktop@11.0.2 (59 bytes) @ 0x0000025dcc8f9334 [0x0000025dcc8f8f40+0x00000000000003f4]
J 6568 c2 java.awt.Container.updateChildGraphicsData(Ljava/awt/GraphicsConfiguration;)Z java.desktop@11.0.2 (55 bytes) @ 0x0000025dcc9587a4 [0x0000025dcc9584e0+0x00000000000002c4]
J 6568 c2 java.awt.Container.updateChildGraphicsData(Ljava/awt/GraphicsConfiguration;)Z java.desktop@11.0.2 (55 bytes) @ 0x0000025dcc958670 [0x0000025dcc9584e0+0x0000000000000190]
J 6568 c2 java.awt.Container.updateChildGraphicsData(Ljava/awt/GraphicsConfiguration;)Z java.desktop@11.0.2 (55 bytes) @ 0x0000025dcc958670 [0x0000025dcc9584e0+0x0000000000000190]
J 6568 c2 java.awt.Container.updateChildGraphicsData(Ljava/awt/GraphicsConfiguration;)Z java.desktop@11.0.2 (55 bytes) @ 0x0000025dcc958670 [0x0000025dcc9584e0+0x0000000000000190]
J 6568 c2 java.awt.Container.updateChildGraphicsData(Ljava/awt/GraphicsConfiguration;)Z java.desktop@11.0.2 (55 bytes) @ 0x0000025dcc958670 [0x0000025dcc9584e0+0x0000000000000190]
J 6568 c2 java.awt.Container.updateChildGraphicsData(Ljava/awt/GraphicsConfiguration;)Z java.desktop@11.0.2 (55 bytes) @ 0x0000025dcc958670 [0x0000025dcc9584e0+0x0000000000000190]
J 6904 c2 java.awt.Component.setGraphicsConfiguration(Ljava/awt/GraphicsConfiguration;)V java.desktop@11.0.2 (34 bytes) @ 0x0000025dcc9b8ecc [0x0000025dcc9b8de0+0x00000000000000ec]
J 18432 c2 java.awt.Container.addImpl(Ljava/awt/Component;Ljava/lang/Object;I)V java.desktop@11.0.2 (364 bytes) @ 0x0000025dcd520f5c [0x0000025dcd5209e0+0x000000000000057c]
j  javax.swing.JTabbedPane.insertTab(Ljava/lang/String;Ljavax/swing/Icon;Ljava/awt/Component;Ljava/lang/String;I)V+86 java.desktop@11.0.2
j  com.jidesoft.swing.JideTabbedPane.insertTab(Ljava/lang/String;Ljavax/swing/Icon;Ljava/awt/Component;Ljava/lang/String;I)V+45
j  javax.swing.JTabbedPane.addTab(Ljava/lang/String;Ljava/awt/Component;)V+14 java.desktop@11.0.2
j  ui.utils.swing.t.i.c(Ljava/lang/String;Ljava/awt/Component;Lui/frmwork/e/a;)V+3
j  ui.views.cY.aOD()V+175
j  ui.views.cY.iLK()V+52
j  ui.views.cY.ci(Lui/data/bq;)V+64
j  ui.views.cc.ci(Lui/data/bq;)V+52
J 18392 c1 ui.views.cY.a(Lui/frmwork/a/a;)V (194 bytes) @ 0x0000025dc607c654 [0x0000025dc607bb80+0x0000000000000ad4]
J 18303 c1 ui.views.cc.a(Lui/frmwork/a/a;)V (186 bytes) @ 0x0000025dc5c39a9c [0x0000025dc5c38b40+0x0000000000000f5c]
J 19128 c2 ui.frmwork.a.c.j(Lui/frmwork/a/a;)V (94 bytes) @ 0x0000025dcd63b360 [0x0000025dcd63b160+0x0000000000000200]
J 18492 c1 ui.frmwork.a.c.b(Lui/frmwork/a/a;)V (60 bytes) @ 0x0000025dc5ebeb5c [0x0000025dc5ebe780+0x00000000000003dc]
j  ui.data.bt.c(Lui/frmwork/a/a;)V+5
j  ui.data.bt.M(Ljava/lang/Object;Ljava/lang/Object;)V+44
j  ui.data.bt.ex(Ljava/lang/Object;)V+3
j  ui.views.systembuilder.iH.selectionNotify(Lde/concept/nlview/NlviewSelectionNotifyEvent;)V+335
j  de.concept.nlview.Nlview$SelectionNotifySender.run()V+30
j  de.concept.nlview.Nlview.sendSelectionNotify(I)V+38
v  ~StubRoutines::call_stub
j  de.concept.nlview.Nlview.peerMouseRelease(JIIII)V+0
j  de.concept.nlview.Nlview.processMouseEvent(Ljava/awt/event/MouseEvent;)V+124
j  ui.views.systembuilder.hH.processMouseEvent(Ljava/awt/event/MouseEvent;)V+16
J 23157 c2 java.awt.Container.processEvent(Ljava/awt/AWTEvent;)V java.desktop@11.0.2 (22 bytes) @ 0x0000025dcda57be8 [0x0000025dcda57a60+0x0000000000000188]
J 23164 c2 java.awt.Component.dispatchEventImpl(Ljava/awt/AWTEvent;)V java.desktop@11.0.2 (777 bytes) @ 0x0000025dcda5ecac [0x0000025dcda5dd20+0x0000000000000f8c]
J 21233 c2 java.awt.Container.dispatchEventImpl(Ljava/awt/AWTEvent;)V java.desktop@11.0.2 (129 bytes) @ 0x0000025dcd874c58 [0x0000025dcd874c00+0x0000000000000058]
J 20007 c2 java.awt.LightweightDispatcher.retargetMouseEvent(Ljava/awt/Component;ILjava/awt/event/MouseEvent;)V java.desktop@11.0.2 (372 bytes) @ 0x0000025dccec1ea0 [0x0000025dccec1880+0x0000000000000620]
J 16937 c1 java.awt.LightweightDispatcher.processMouseEvent(Ljava/awt/event/MouseEvent;)Z java.desktop@11.0.2 (265 bytes) @ 0x0000025dc73957ac [0x0000025dc7394760+0x000000000000104c]
J 21233 c2 java.awt.Container.dispatchEventImpl(Ljava/awt/AWTEvent;)V java.desktop@11.0.2 (129 bytes) @ 0x0000025dcd874fdc [0x0000025dcd874c00+0x00000000000003dc]
J 16184 c1 java.awt.Window.dispatchEventImpl(Ljava/awt/AWTEvent;)V java.desktop@11.0.2 (23 bytes) @ 0x0000025dc715814c [0x0000025dc7157b20+0x000000000000062c]
J 19667 c2 java.awt.EventQueue$4.run()Ljava/lang/Object; java.desktop@11.0.2 (5 bytes) @ 0x0000025dccb881ec [0x0000025dccb87ce0+0x000000000000050c]
v  ~StubRoutines::call_stub
J 3678  java.security.AccessController.doPrivileged(Ljava/security/PrivilegedAction;Ljava/security/AccessControlContext;)Ljava/lang/Object; java.base@11.0.2 (0 bytes) @ 0x0000025dcc7a2936 [0x0000025dcc7a28c0+0x0000000000000076]
J 21254 c2 java.awt.EventQueue$5.run()Ljava/lang/Object; java.desktop@11.0.2 (5 bytes) @ 0x0000025dcd878774 [0x0000025dcd878500+0x0000000000000274]
v  ~StubRoutines::call_stub
J 3678  java.security.AccessController.doPrivileged(Ljava/security/PrivilegedAction;Ljava/security/AccessControlContext;)Ljava/lang/Object; java.base@11.0.2 (0 bytes) @ 0x0000025dcc7a2936 [0x0000025dcc7a28c0+0x0000000000000076]
J 13747 c2 java.awt.EventQueue.dispatchEvent(Ljava/awt/AWTEvent;)V java.desktop@11.0.2 (80 bytes) @ 0x0000025dccc2b74c [0x0000025dccc2b1c0+0x000000000000058c]
J 13748 c2 ui.frmwork.a.d.dispatchEvent(Ljava/awt/AWTEvent;)V (42 bytes) @ 0x0000025dccc29c54 [0x0000025dccc29b60+0x00000000000000f4]
J 18544 c2 java.awt.EventDispatchThread.pumpOneEventForFilters(I)V java.desktop@11.0.2 (113 bytes) @ 0x0000025dcd546fe0 [0x0000025dcd546ea0+0x0000000000000140]
J 23555% c1 java.awt.EventDispatchThread.pumpEventsForFilter(ILjava/awt/Conditional;Ljava/awt/EventFilter;)V java.desktop@11.0.2 (47 bytes) @ 0x0000025dc7cffbf4 [0x0000025dc7cff8a0+0x0000000000000354]
j  java.awt.EventDispatchThread.pumpEventsForHierarchy(ILjava/awt/Conditional;Ljava/awt/Component;)V+11 java.desktop@11.0.2
j  java.awt.EventDispatchThread.pumpEvents(ILjava/awt/Conditional;)V+4 java.desktop@11.0.2
j  java.awt.EventDispatchThread.pumpEvents(Ljava/awt/Conditional;)V+3 java.desktop@11.0.2
j  java.awt.EventDispatchThread.run()V+9 java.desktop@11.0.2
v  ~StubRoutines::call_stub

siginfo: EXCEPTION_ACCESS_VIOLATION (0xc0000005), reading address 0xffffffffffffffff


Register to memory mapping:

RIP=0x00007ffb8605c836 librdi_rsb.dll
RAX=0x0055002f003a0063 is an unknown value
RBX={method} {0x0000025d846ee2d0} 'dAC' '()J' in 'ui/data/l/Y'
RCX=0x0000025d80dc9990 points into unknown readable memory: 63 00 3a 00 2f 00 55 00
RDX=0x0000009f343f9690 is pointing into the stack for thread: 0x0000025de3c21800
RSP=0x0000009f343f9630 is pointing into the stack for thread: 0x0000025de3c21800
RBP=0x0000009f343f97a0 is pointing into the stack for thread: 0x0000025de3c21800
RSI=0x0 is NULL
RDI=0x00000008000c5928 is a pointer to class: 
java.awt.geom.AffineTransform {0x00000008000c5930}
R8 =0x0000025d80dc9990 points into unknown readable memory: 63 00 3a 00 2f 00 55 00
R9 =0x000000074a5eb008 is an oop: java.awt.geom.AffineTransform 
{0x000000074a5eb008} - klass: 'java/awt/geom/AffineTransform'
R10=0x00007ffb8605c7e0 librdi_rsb.dll
R11=0x0000009f343f9738 is pointing into the stack for thread: 0x0000025de3c21800
R12=0x0 is NULL
R13=0x0000009f343f97d8 is pointing into the stack for thread: 0x0000025de3c21800
R14=0x0000025de3c21b40 points into unknown readable memory: a0 1c 4d be fb 7f 00 00
R15=0x0000025de3c21800 is a thread


Registers:
RAX=0x0055002f003a0063, RBX=0x0000025d846ee2c8, RCX=0x0000025d80dc9990, RDX=0x0000009f343f9690
RSP=0x0000009f343f9630, RBP=0x0000009f343f97a0, RSI=0x0000000000000000, RDI=0x00000008000c5928
R8 =0x0000025d80dc9990, R9 =0x000000074a5eb008, R10=0x00007ffb8605c7e0, R11=0x0000009f343f9738
R12=0x0000000000000000, R13=0x0000009f343f97d8, R14=0x0000025de3c21b40, R15=0x0000025de3c21800
RIP=0x00007ffb8605c836, EFLAGS=0x0000000000010206

Top of Stack: (sp=0x0000009f343f9630)
0x0000009f343f9630:   0000025d80205c00 0000009f00000000
0x0000009f343f9640:   0000000000000000 0000000000000022
0x0000009f343f9650:   0000025de3c21b40 fffffffffffffffe
0x0000009f343f9660:   0000000000000000 0000009f343f9719
0x0000009f343f9670:   0000000745ea4668 0000000745ea4af0
0x0000009f343f9680:   0000000000000007 00007ffb00000009
0x0000009f343f9690:   00000007413062d0 00007ffbe8bd495e
0x0000009f343f96a0:   0000000000000000 00007ffbbdbf2f9f
0x0000009f343f96b0:   0000000745ea3100 0000000745ea34e8
0x0000009f343f96c0:   0000000000000000 000000000000000f
0x0000009f343f96d0:   00000007413062d0 00000000e8bd469d
0x0000009f343f96e0:   0000000000000000 0000000000000000
0x0000009f343f96f0:   e807551800000002 00000007413062b8
0x0000009f343f9700:   0000009f343f97b8 0000000745ea4af0
0x0000009f343f9710:   0000f3b400000000 00000f625ebe8322
0x0000009f343f9720:   0000009f343f9790 00000008000c5928 

Instructions: (pc=0x00007ffb8605c836)
0x00007ffb8605c816:   0f 6f 05 d3 d5 3a 00 f3 41 0f 7f 43 88 c6 84 24
0x00007ffb8605c826:   80 00 00 00 00 49 8b 00 48 8d 54 24 60 49 8b c8
0x00007ffb8605c836:   ff 50 10 48 8b d8 48 8d 84 24 80 00 00 00 48 3b
0x00007ffb8605c846:   c3 74 37 48 8d 8c 24 80 00 00 00 e8 9a ae e1 ff 


Stack slot to memory mapping:
stack at sp + 0 slots: 0x0000025d80205c00 points into unknown readable memory: 70 00 72 00 6f 00 63 00
stack at sp + 1 slots: 0x0000009f00000000 is an unknown value
stack at sp + 2 slots: 0x0 is NULL
stack at sp + 3 slots: 0x0000000000000022 is an unknown value
stack at sp + 4 slots: 0x0000025de3c21b40 points into unknown readable memory: a0 1c 4d be fb 7f 00 00
stack at sp + 5 slots: 0xfffffffffffffffe is an unknown value
stack at sp + 6 slots: 0x0 is NULL
stack at sp + 7 slots: 0x0000009f343f9719 is pointing into the stack for thread: 0x0000025de3c21800


---------------  P R O C E S S  ---------------

Threads class SMR info:
_java_thread_list=0x0000025dace721c0, length=62, elements={
0x0000025df1ac6800, 0x0000025df65ad800, 0x0000025df70bb800, 0x0000025df68ed800,
0x0000025df62b9800, 0x0000025df75b7800, 0x0000025dd6c05800, 0x0000025dd6c06800,
0x0000025dd5f87000, 0x0000025df70b9800, 0x0000025df804d000, 0x0000025df7fc0800,
0x0000025df8123000, 0x0000025df8721000, 0x0000025de3c21800, 0x0000025de32a2000,
0x0000025de3b2e800, 0x0000025de300b000, 0x0000025df722f800, 0x0000025df722c000,
0x0000025df722d000, 0x0000025df722d800, 0x0000025df7231000, 0x0000025df7232000,
0x0000025df84c8000, 0x0000025df84cb800, 0x0000025df84cd000, 0x0000025df84ce800,
0x0000025df84c9000, 0x0000025df84d0800, 0x0000025df84d2800, 0x0000025df84d3800,
0x0000025df84ce000, 0x0000025df84d4800, 0x0000025df84d1000, 0x0000025d8ddf9000,
0x0000025d8ddf7000, 0x0000025d8ddf4800, 0x0000025d8ddf2800, 0x0000025d8de00800,
0x0000025d8ddff000, 0x0000025d8ddfb800, 0x0000025d8ddfb000, 0x0000025d8ddfc800,
0x0000025df84d5000, 0x0000025df84d2000, 0x0000025df84cf800, 0x0000025df84d6000,
0x0000025df84d7000, 0x0000025d8ddf6000, 0x0000025d8ddf8800, 0x0000025d8de00000,
0x0000025d8ddfe000, 0x0000025df722e800, 0x0000025df7230000, 0x0000025df84ca800,
0x0000025df84cc000, 0x0000025daba9c000, 0x0000025daba98000, 0x0000025daba9a800,
0x0000025daba9d000, 0x0000025daba97800
}

Java Threads: ( => current thread )
  0x0000025df1ac6800 JavaThread "main" [_thread_blocked, id=9308, stack(0x0000009f2e000000,0x0000009f2e100000)]
  0x0000025df65ad800 JavaThread "Reference Handler" daemon [_thread_blocked, id=15576, stack(0x0000009f2fe00000,0x0000009f30300000)]
  0x0000025df70bb800 JavaThread "Finalizer" daemon [_thread_blocked, id=1432, stack(0x0000009f30300000,0x0000009f30800000)]
  0x0000025df68ed800 JavaThread "Signal Dispatcher" daemon [_thread_blocked, id=16336, stack(0x0000009f30800000,0x0000009f30d00000)]
  0x0000025df62b9800 JavaThread "Attach Listener" daemon [_thread_blocked, id=10996, stack(0x0000009f30d00000,0x0000009f31200000)]
  0x0000025df75b7800 JavaThread "C2 CompilerThread0" daemon [_thread_blocked, id=8444, stack(0x0000009f31200000,0x0000009f31300000)]
  0x0000025dd6c05800 JavaThread "C1 CompilerThread0" daemon [_thread_blocked, id=12208, stack(0x0000009f31300000,0x0000009f31400000)]
  0x0000025dd6c06800 JavaThread "Sweeper thread" daemon [_thread_blocked, id=8296, stack(0x0000009f31400000,0x0000009f31900000)]
  0x0000025dd5f87000 JavaThread "Common-Cleaner" daemon [_thread_blocked, id=9632, stack(0x0000009f31900000,0x0000009f31e00000)]
  0x0000025df70b9800 JavaThread "Service Thread" daemon [_thread_blocked, id=1780, stack(0x0000009f31e00000,0x0000009f32300000)]
  0x0000025df804d000 JavaThread "Java2D Disposer" daemon [_thread_blocked, id=12856, stack(0x0000009f32400000,0x0000009f32900000)]
  0x0000025df7fc0800 JavaThread "AWT-Shutdown" [_thread_blocked, id=10324, stack(0x0000009f32900000,0x0000009f32e00000)]
  0x0000025df8123000 JavaThread "AWT-Windows" daemon [_thread_in_native, id=3588, stack(0x0000009f32e00000,0x0000009f33300000)]
  0x0000025df8721000 JavaThread "TimerQueue" daemon [_thread_blocked, id=14688, stack(0x0000009f33400000,0x0000009f33900000)]
=>0x0000025de3c21800 JavaThread "AWT-EventQueue-0" [_thread_in_native, id=16852, stack(0x0000009f33f00000,0x0000009f34400000)]
  0x0000025de32a2000 JavaThread "Thread-1" [_thread_in_native, id=17392, stack(0x0000009f2e100000,0x0000009f2f500000)]
  0x0000025de3b2e800 JavaThread "Process Messages Thread" [_thread_blocked, id=12848, stack(0x0000009f34900000,0x0000009f34e00000)]
  0x0000025de300b000 JavaThread "Batik CleanerThread" daemon [_thread_blocked, id=16908, stack(0x0000009f34400000,0x0000009f34900000)]
  0x0000025df722f800 JavaThread "SyntheticaCleanerThread" daemon [_thread_blocked, id=13276, stack(0x0000009f36000000,0x0000009f36500000)]
  0x0000025df722c000 JavaThread "Monitor HEventQueue Thread" [_thread_blocked, id=8072, stack(0x0000009f36800000,0x0000009f36d00000)]
  0x0000025df722d000 JavaThread "SyntheticaAnimation 50" daemon [_thread_blocked, id=15592, stack(0x0000009f36d00000,0x0000009f37200000)]
  0x0000025df722d800 JavaThread "SyntheticaAnimation 25" daemon [_thread_blocked, id=15444, stack(0x0000009f37300000,0x0000009f37800000)]
  0x0000025df7231000 JavaThread "SyntheticaAnimation 70" daemon [_thread_blocked, id=9664, stack(0x0000009f37d00000,0x0000009f38200000)]
  0x0000025df7232000 JavaThread "Refresh Filesets Swing Worker Thread" [_thread_blocked, id=6668, stack(0x0000009f35a00000,0x0000009f35f00000)]
  0x0000025df84c8000 JavaThread "hw_ila_monitor" [_thread_blocked, id=9404, stack(0x0000009f38200000,0x0000009f38700000)]
  0x0000025df84cb800 JavaThread "pool-2-thread-1" [_thread_blocked, id=17120, stack(0x0000009f39100000,0x0000009f39600000)]
  0x0000025df84cd000 JavaThread "pool-3-thread-1" [_thread_blocked, id=1160, stack(0x0000009f39600000,0x0000009f39b00000)]
  0x0000025df84ce800 JavaThread "pool-4-thread-1" [_thread_blocked, id=13200, stack(0x0000009f39b00000,0x0000009f3a000000)]
  0x0000025df84c9000 JavaThread "pool-5-thread-1" [_thread_blocked, id=2236, stack(0x0000009f3a000000,0x0000009f3a500000)]
  0x0000025df84d0800 JavaThread "QuantumRenderer-0" daemon [_thread_blocked, id=6880, stack(0x0000009f3af00000,0x0000009f3b400000)]
  0x0000025df84d2800 JavaThread "InvokeLaterDispatcher" daemon [_thread_blocked, id=2036, stack(0x0000009f3b400000,0x0000009f3b900000)]
  0x0000025df84d3800 JavaThread "JavaFX Application Thread" [_thread_in_native, id=13788, stack(0x0000009f3b900000,0x0000009f3be00000)]
  0x0000025df84ce000 JavaThread "Thread-47" daemon [_thread_in_native, id=4776, stack(0x0000009f38c00000,0x0000009f38d00000)]
  0x0000025df84d4800 JavaThread "Prism Font Disposer" daemon [_thread_blocked, id=1096, stack(0x0000009f3be00000,0x0000009f3c300000)]
  0x0000025df84d1000 JavaThread "Disposer" daemon [_thread_blocked, id=15760, stack(0x0000009f3c800000,0x0000009f3cd00000)]
  0x0000025d8ddf9000 JavaThread "SocketStreamHandle-1" daemon [_thread_in_native, id=9760, stack(0x0000009f3eb00000,0x0000009f3f000000)]
  0x0000025d8ddf7000 JavaThread "Cleaner-0" daemon [_thread_blocked, id=3824, stack(0x0000009f3f000000,0x0000009f3f500000)]
  0x0000025d8ddf4800 JavaThread "SyntheticaAnimation 50" daemon [_thread_blocked, id=9984, stack(0x0000009f3f500000,0x0000009f3fa00000)]
  0x0000025d8ddf2800 JavaThread "pool-8-thread-1" [_thread_blocked, id=11656, stack(0x0000009f3a900000,0x0000009f3ae00000)]
  0x0000025d8de00800 JavaThread "pool-9-thread-1" [_thread_blocked, id=7952, stack(0x0000009f3cd00000,0x0000009f3d200000)]
  0x0000025d8ddff000 JavaThread "pool-10-thread-1" [_thread_blocked, id=6128, stack(0x0000009f3d700000,0x0000009f3dc00000)]
  0x0000025d8ddfb800 JavaThread "pool-11-thread-1" [_thread_blocked, id=14752, stack(0x0000009f3dc00000,0x0000009f3e100000)]
  0x0000025d8ddfb000 JavaThread "pool-12-thread-1" [_thread_blocked, id=10232, stack(0x0000009f3e100000,0x0000009f3e600000)]
  0x0000025d8ddfc800 JavaThread "pool-13-thread-1" [_thread_blocked, id=3592, stack(0x0000009f3fa00000,0x0000009f3ff00000)]
  0x0000025df84d5000 JavaThread "pool-14-thread-1" [_thread_blocked, id=4788, stack(0x0000009f3c300000,0x0000009f3c800000)]
  0x0000025df84d2000 JavaThread "pool-15-thread-1" [_thread_blocked, id=13244, stack(0x0000009f3e600000,0x0000009f3eb00000)]
  0x0000025df84cf800 JavaThread "pool-16-thread-1" [_thread_blocked, id=10356, stack(0x0000009f40000000,0x0000009f40500000)]
  0x0000025df84d6000 JavaThread "pool-17-thread-1" [_thread_blocked, id=3964, stack(0x0000009f40500000,0x0000009f40a00000)]
  0x0000025df84d7000 JavaThread "pool-18-thread-1" [_thread_blocked, id=8544, stack(0x0000009f40a00000,0x0000009f40f00000)]
  0x0000025d8ddf6000 JavaThread "pool-19-thread-1" [_thread_blocked, id=16500, stack(0x0000009f41400000,0x0000009f41900000)]
  0x0000025d8ddf8800 JavaThread "Thread-501" [_thread_in_native, id=4892, stack(0x0000009f33e00000,0x0000009f33f00000)]
  0x0000025d8de00000 JavaThread "Thread-504" [_thread_in_native, id=16840, stack(0x0000009f37b00000,0x0000009f37c00000)]
  0x0000025d8ddfe000 JavaThread "Update Runs Swing Worker Thread" [_thread_blocked, id=12492, stack(0x0000009f38700000,0x0000009f38c00000)]
  0x0000025df722e800 JavaThread "pool-20-thread-1" [_thread_blocked, id=14532, stack(0x0000009f3d200000,0x0000009f3d700000)]
  0x0000025df7230000 JavaThread "pool-21-thread-1" [_thread_blocked, id=12632, stack(0x0000009f41900000,0x0000009f41e00000)]
  0x0000025df84ca800 JavaThread "pool-22-thread-1" [_thread_blocked, id=7452, stack(0x0000009f41e00000,0x0000009f42300000)]
  0x0000025df84cc000 JavaThread "pool-23-thread-1" [_thread_blocked, id=15748, stack(0x0000009f42300000,0x0000009f42800000)]
  0x0000025daba9c000 JavaThread "pool-24-thread-1" [_thread_blocked, id=2056, stack(0x0000009f42800000,0x0000009f42d00000)]
  0x0000025daba98000 JavaThread "pool-25-thread-1" [_thread_blocked, id=11144, stack(0x0000009f42d00000,0x0000009f43200000)]
  0x0000025daba9a800 JavaThread "pool-26-thread-1" [_thread_blocked, id=12256, stack(0x0000009f43200000,0x0000009f43700000)]
  0x0000025daba9d000 JavaThread "Image Animator 3" daemon [_thread_blocked, id=7028, stack(0x0000009f33a00000,0x0000009f33f00000)]
  0x0000025daba97800 JavaThread "Image Fetcher 0" daemon [_thread_blocked, id=7032, stack(0x0000009f40f00000,0x0000009f41400000)]

Other Threads:
  0x0000025dd5e84800 VMThread "VM Thread" [stack: 0x0000009f2fd00000,0x0000009f2fe00000] [id=10496]
  0x0000025df7634800 WatcherThread [stack: 0x0000009f32300000,0x0000009f32400000] [id=4504]
  0x0000025dd5faf800 GCTaskThread "GC Thread#0" [stack: 0x0000009f2f800000,0x0000009f2f900000] [id=11008]
  0x0000025df7f43800 GCTaskThread "GC Thread#1" [stack: 0x0000009f34e00000,0x0000009f34f00000] [id=8360]
  0x0000025df7f4a000 GCTaskThread "GC Thread#2" [stack: 0x0000009f34f00000,0x0000009f35000000] [id=7796]
  0x0000025df7f4b000 GCTaskThread "GC Thread#3" [stack: 0x0000009f35000000,0x0000009f35100000] [id=13280]
  0x0000025df7f48000 GCTaskThread "GC Thread#4" [stack: 0x0000009f35100000,0x0000009f35200000] [id=7700]
  0x0000025df7f49800 GCTaskThread "GC Thread#5" [stack: 0x0000009f35200000,0x0000009f35300000] [id=2472]
  0x0000025df7f44800 GCTaskThread "GC Thread#6" [stack: 0x0000009f35300000,0x0000009f35400000] [id=10332]
  0x0000025df7f45000 GCTaskThread "GC Thread#7" [stack: 0x0000009f35400000,0x0000009f35500000] [id=10824]
  0x0000025df7f46800 GCTaskThread "GC Thread#8" [stack: 0x0000009f35500000,0x0000009f35600000] [id=2072]
  0x0000025df7f48800 GCTaskThread "GC Thread#9" [stack: 0x0000009f35600000,0x0000009f35700000] [id=12132]
  0x0000025dd5fb0000 ConcurrentGCThread "G1 Main Marker" [stack: 0x0000009f2f900000,0x0000009f2fa00000] [id=8504]
  0x0000025df7529800 ConcurrentGCThread "G1 Conc#0" [stack: 0x0000009f2fa00000,0x0000009f2fb00000] [id=7800]
  0x0000025de4fd7000 ConcurrentGCThread "G1 Conc#1" [stack: 0x0000009f35800000,0x0000009f35900000] [id=9620]
  0x0000025de4fd4000 ConcurrentGCThread "G1 Conc#2" [stack: 0x0000009f35900000,0x0000009f35a00000] [id=16892]
  0x0000025dd5fdd800 ConcurrentGCThread "G1 Refine#0" [stack: 0x0000009f2fb00000,0x0000009f2fc00000] [id=9684]
  0x0000025df83bf000 ConcurrentGCThread "G1 Refine#1" [stack: 0x0000009f35700000,0x0000009f35800000] [id=10040]
  0x0000025df83b3800 ConcurrentGCThread "G1 Refine#2" [stack: 0x0000009f35f00000,0x0000009f36000000] [id=2220]
  0x0000025de89a7000 ConcurrentGCThread "G1 Refine#3" [stack: 0x0000009f37200000,0x0000009f37300000] [id=10860]
  0x0000025de4fe2800 ConcurrentGCThread "G1 Refine#4" [stack: 0x0000009f36600000,0x0000009f36700000] [id=17240]
  0x0000025df35ab800 ConcurrentGCThread "G1 Young RemSet Sampling" [stack: 0x0000009f2fc00000,0x0000009f2fd00000] [id=3724]

Threads with active compile tasks:

VM state:not at safepoint (normal execution)

VM Mutex/Monitor currently owned by a thread: None

Heap address: 0x0000000740000000, size: 3072 MB, Compressed Oops mode: Zero based, Oop shift amount: 3
Narrow klass base: 0x0000000800000000, Narrow klass shift: 0
Compressed class space size: 1073741824 Address: 0x0000000800000000

Heap:
 garbage-first heap   total 218112K, used 172510K [0x0000000740000000, 0x0000000800000000)
  region size 1024K, 53 young (54272K), 4 survivors (4096K)
 Metaspace       used 110372K, capacity 113521K, committed 113820K, reserved 1146880K
  class space    used 15368K, capacity 16790K, committed 16876K, reserved 1048576K
Heap Regions: E=young(eden), S=young(survivor), O=old, HS=humongous(starts), HC=humongous(continues), CS=collection set, F=free, A=archive, TAMS=top-at-mark-start (previous, next)
|   0|0x0000000740000000, 0x0000000740100000, 0x0000000740100000|100%|HS|  |TAMS 0x0000000740100000, 0x0000000740000000| Complete 
|   1|0x0000000740100000, 0x0000000740200000, 0x0000000740200000|100%|HC|  |TAMS 0x0000000740200000, 0x0000000740100000| Complete 
|   2|0x0000000740200000, 0x0000000740300000, 0x0000000740300000|100%|HS|  |TAMS 0x0000000740300000, 0x0000000740200000| Complete 
|   3|0x0000000740300000, 0x0000000740400000, 0x0000000740400000|100%| O|  |TAMS 0x0000000740400000, 0x0000000740300000| Untracked 
|   4|0x0000000740400000, 0x00000007404ffff0, 0x0000000740500000| 99%| O|  |TAMS 0x00000007404ffff0, 0x0000000740400000| Untracked 
|   5|0x0000000740500000, 0x0000000740600000, 0x0000000740600000|100%| O|  |TAMS 0x0000000740600000, 0x0000000740500000| Untracked 
|   6|0x0000000740600000, 0x00000007406fff98, 0x0000000740700000| 99%| O|  |TAMS 0x00000007406fff98, 0x0000000740600000| Untracked 
|   7|0x0000000740700000, 0x00000007407ffff8, 0x0000000740800000| 99%| O|  |TAMS 0x00000007407ffff8, 0x0000000740700000| Untracked 
|   8|0x0000000740800000, 0x00000007408ffff0, 0x0000000740900000| 99%| O|  |TAMS 0x00000007408ffff0, 0x0000000740800000| Untracked 
|   9|0x0000000740900000, 0x00000007409ffff8, 0x0000000740a00000| 99%| O|  |TAMS 0x00000007409ffff8, 0x0000000740900000| Untracked 
|  10|0x0000000740a00000, 0x0000000740afffe8, 0x0000000740b00000| 99%| O|  |TAMS 0x0000000740afffe8, 0x0000000740a00000| Untracked 
|  11|0x0000000740b00000, 0x0000000740bffff8, 0x0000000740c00000| 99%| O|  |TAMS 0x0000000740bffff8, 0x0000000740b00000| Untracked 
|  12|0x0000000740c00000, 0x0000000740d00000, 0x0000000740d00000|100%| O|  |TAMS 0x0000000740d00000, 0x0000000740c00000| Untracked 
|  13|0x0000000740d00000, 0x0000000740dfffe8, 0x0000000740e00000| 99%| O|  |TAMS 0x0000000740dfffe8, 0x0000000740d00000| Untracked 
|  14|0x0000000740e00000, 0x0000000740efc670, 0x0000000740f00000| 98%| O|  |TAMS 0x0000000740efc670, 0x0000000740e00000| Untracked 
|  15|0x0000000740f00000, 0x0000000740fd60f0, 0x0000000741000000| 83%| O|  |TAMS 0x0000000740fd60f0, 0x0000000740f00000| Untracked 
|  16|0x0000000741000000, 0x00000007410ffff8, 0x0000000741100000| 99%| O|  |TAMS 0x00000007410ffff8, 0x0000000741000000| Untracked 
|  17|0x0000000741100000, 0x00000007411ffff0, 0x0000000741200000| 99%| O|  |TAMS 0x00000007411ffff0, 0x0000000741100000| Untracked 
|  18|0x0000000741200000, 0x0000000741300000, 0x0000000741300000|100%| O|  |TAMS 0x0000000741300000, 0x0000000741200000| Untracked 
|  19|0x0000000741300000, 0x00000007413fffe8, 0x0000000741400000| 99%| O|  |TAMS 0x00000007413fffe8, 0x0000000741300000| Untracked 
|  20|0x0000000741400000, 0x00000007414ffff8, 0x0000000741500000| 99%| O|  |TAMS 0x00000007414ffff8, 0x0000000741400000| Untracked 
|  21|0x0000000741500000, 0x0000000741600000, 0x0000000741600000|100%| O|  |TAMS 0x0000000741600000, 0x0000000741500000| Untracked 
|  22|0x0000000741600000, 0x0000000741700000, 0x0000000741700000|100%|HS|  |TAMS 0x0000000741700000, 0x0000000741600000| Complete 
|  23|0x0000000741700000, 0x00000007417fffa8, 0x0000000741800000| 99%| O|  |TAMS 0x00000007417fffa8, 0x0000000741700000| Untracked 
|  24|0x0000000741800000, 0x00000007418fffe0, 0x0000000741900000| 99%| O|  |TAMS 0x00000007418fffe0, 0x0000000741800000| Untracked 
|  25|0x0000000741900000, 0x00000007419ffff8, 0x0000000741a00000| 99%| O|  |TAMS 0x00000007419ffff8, 0x0000000741900000| Untracked 
|  26|0x0000000741a00000, 0x0000000741b00000, 0x0000000741b00000|100%| O|  |TAMS 0x0000000741b00000, 0x0000000741a00000| Untracked 
|  27|0x0000000741b00000, 0x0000000741bffff8, 0x0000000741c00000| 99%| O|  |TAMS 0x0000000741bffff8, 0x0000000741b00000| Untracked 
|  28|0x0000000741c00000, 0x0000000741d00000, 0x0000000741d00000|100%| O|  |TAMS 0x0000000741d00000, 0x0000000741c00000| Untracked 
|  29|0x0000000741d00000, 0x0000000741dffff8, 0x0000000741e00000| 99%| O|  |TAMS 0x0000000741dffff8, 0x0000000741d00000| Untracked 
|  30|0x0000000741e00000, 0x0000000741effff0, 0x0000000741f00000| 99%| O|  |TAMS 0x0000000741effff0, 0x0000000741e00000| Untracked 
|  31|0x0000000741f00000, 0x0000000741ffffe8, 0x0000000742000000| 99%| O|  |TAMS 0x0000000741ffffe8, 0x0000000741f00000| Untracked 
|  32|0x0000000742000000, 0x00000007420ffff8, 0x0000000742100000| 99%| O|  |TAMS 0x00000007420ffff8, 0x0000000742000000| Untracked 
|  33|0x0000000742100000, 0x0000000742200000, 0x0000000742200000|100%| O|  |TAMS 0x0000000742200000, 0x0000000742100000| Untracked 
|  34|0x0000000742200000, 0x00000007422ffff8, 0x0000000742300000| 99%| O|  |TAMS 0x00000007422ffff8, 0x0000000742200000| Untracked 
|  35|0x0000000742300000, 0x0000000742400000, 0x0000000742400000|100%| O|  |TAMS 0x0000000742400000, 0x0000000742300000| Untracked 
|  36|0x0000000742400000, 0x0000000742500000, 0x0000000742500000|100%| O|  |TAMS 0x0000000742500000, 0x0000000742400000| Untracked 
|  37|0x0000000742500000, 0x00000007425fffc8, 0x0000000742600000| 99%| O|  |TAMS 0x00000007425fffc8, 0x0000000742500000| Untracked 
|  38|0x0000000742600000, 0x00000007426ffff0, 0x0000000742700000| 99%| O|  |TAMS 0x00000007426ffff0, 0x0000000742600000| Untracked 
|  39|0x0000000742700000, 0x00000007427fffe8, 0x0000000742800000| 99%| O|  |TAMS 0x00000007427fffe8, 0x0000000742700000| Untracked 
|  40|0x0000000742800000, 0x00000007428fffe8, 0x0000000742900000| 99%| O|  |TAMS 0x00000007428fffe8, 0x0000000742800000| Untracked 
|  41|0x0000000742900000, 0x00000007429fffb0, 0x0000000742a00000| 99%| O|  |TAMS 0x00000007429fffb0, 0x0000000742900000| Untracked 
|  42|0x0000000742a00000, 0x0000000742afff10, 0x0000000742b00000| 99%| O|  |TAMS 0x0000000742afff10, 0x0000000742a00000| Untracked 
|  43|0x0000000742b00000, 0x0000000742bfffb0, 0x0000000742c00000| 99%| O|  |TAMS 0x0000000742bfffb0, 0x0000000742b00000| Untracked 
|  44|0x0000000742c00000, 0x0000000742d00000, 0x0000000742d00000|100%| O|  |TAMS 0x0000000742d00000, 0x0000000742c00000| Untracked 
|  45|0x0000000742d00000, 0x0000000742dffff8, 0x0000000742e00000| 99%| O|  |TAMS 0x0000000742dffff8, 0x0000000742d00000| Untracked 
|  46|0x0000000742e00000, 0x0000000742efffe8, 0x0000000742f00000| 99%| O|  |TAMS 0x0000000742efffe8, 0x0000000742e00000| Untracked 
|  47|0x0000000742f00000, 0x0000000743000000, 0x0000000743000000|100%|HS|  |TAMS 0x0000000743000000, 0x0000000742f00000| Complete 
|  48|0x0000000743000000, 0x0000000743100000, 0x0000000743100000|100%|HC|  |TAMS 0x0000000743100000, 0x0000000743000000| Complete 
|  49|0x0000000743100000, 0x0000000743200000, 0x0000000743200000|100%|HC|  |TAMS 0x0000000743200000, 0x0000000743100000| Complete 
|  50|0x0000000743200000, 0x0000000743300000, 0x0000000743300000|100%|HC|  |TAMS 0x0000000743300000, 0x0000000743200000| Complete 
|  51|0x0000000743300000, 0x0000000743400000, 0x0000000743400000|100%|HC|  |TAMS 0x0000000743400000, 0x0000000743300000| Complete 
|  52|0x0000000743400000, 0x0000000743500000, 0x0000000743500000|100%|HC|  |TAMS 0x0000000743500000, 0x0000000743400000| Complete 
|  53|0x0000000743500000, 0x0000000743600000, 0x0000000743600000|100%|HC|  |TAMS 0x0000000743600000, 0x0000000743500000| Complete 
|  54|0x0000000743600000, 0x0000000743700000, 0x0000000743700000|100%|HC|  |TAMS 0x0000000743700000, 0x0000000743600000| Complete 
|  55|0x0000000743700000, 0x00000007437fff58, 0x0000000743800000| 99%| O|  |TAMS 0x00000007437fff58, 0x0000000743700000| Untracked 
|  56|0x0000000743800000, 0x00000007438fffd0, 0x0000000743900000| 99%| O|  |TAMS 0x00000007438fffd0, 0x0000000743800000| Untracked 
|  57|0x0000000743900000, 0x00000007439fffe8, 0x0000000743a00000| 99%| O|  |TAMS 0x00000007439fffe8, 0x0000000743900000| Untracked 
|  58|0x0000000743a00000, 0x0000000743affff0, 0x0000000743b00000| 99%| O|  |TAMS 0x0000000743affff0, 0x0000000743a00000| Untracked 
|  59|0x0000000743b00000, 0x0000000743bffff0, 0x0000000743c00000| 99%| O|  |TAMS 0x0000000743bffff0, 0x0000000743b00000| Untracked 
|  60|0x0000000743c00000, 0x0000000743d00000, 0x0000000743d00000|100%| O|  |TAMS 0x0000000743d00000, 0x0000000743c00000| Untracked 
|  61|0x0000000743d00000, 0x0000000743e00000, 0x0000000743e00000|100%|HS|  |TAMS 0x0000000743e00000, 0x0000000743d00000| Complete 
|  62|0x0000000743e00000, 0x0000000743f00000, 0x0000000743f00000|100%|HC|  |TAMS 0x0000000743f00000, 0x0000000743e00000| Complete 
|  63|0x0000000743f00000, 0x0000000744000000, 0x0000000744000000|100%|HC|  |TAMS 0x0000000744000000, 0x0000000743f00000| Complete 
|  64|0x0000000744000000, 0x00000007440fffe8, 0x0000000744100000| 99%| O|  |TAMS 0x00000007440fffe8, 0x0000000744000000| Untracked 
|  65|0x0000000744100000, 0x00000007441ffff0, 0x0000000744200000| 99%| O|  |TAMS 0x00000007441ffff0, 0x0000000744100000| Untracked 
|  66|0x0000000744200000, 0x00000007442fecf8, 0x0000000744300000| 99%| O|  |TAMS 0x00000007442fecf8, 0x0000000744200000| Untracked 
|  67|0x0000000744300000, 0x00000007443fd8e0, 0x0000000744400000| 99%| O|  |TAMS 0x00000007443fd8e0, 0x0000000744300000| Untracked 
|  68|0x0000000744400000, 0x0000000744500000, 0x0000000744500000|100%| O|  |TAMS 0x0000000744500000, 0x0000000744400000| Untracked 
|  69|0x0000000744500000, 0x00000007445fffe8, 0x0000000744600000| 99%| O|  |TAMS 0x00000007445fffe8, 0x0000000744500000| Untracked 
|  70|0x0000000744600000, 0x00000007446ffff8, 0x0000000744700000| 99%| O|  |TAMS 0x00000007446ffff8, 0x0000000744600000| Untracked 
|  71|0x0000000744700000, 0x00000007447fffe0, 0x0000000744800000| 99%| O|  |TAMS 0x00000007447fffe0, 0x0000000744700000| Untracked 
|  72|0x0000000744800000, 0x00000007448fffb8, 0x0000000744900000| 99%| O|  |TAMS 0x00000007448fffb8, 0x0000000744800000| Untracked 
|  73|0x0000000744900000, 0x0000000744a00000, 0x0000000744a00000|100%| O|  |TAMS 0x0000000744a00000, 0x0000000744900000| Untracked 
|  74|0x0000000744a00000, 0x0000000744b00000, 0x0000000744b00000|100%| O|  |TAMS 0x0000000744b00000, 0x0000000744a00000| Untracked 
|  75|0x0000000744b00000, 0x0000000744bfffc8, 0x0000000744c00000| 99%| O|  |TAMS 0x0000000744bfffc8, 0x0000000744b00000| Untracked 
|  76|0x0000000744c00000, 0x0000000744cffff8, 0x0000000744d00000| 99%| O|  |TAMS 0x0000000744cffff8, 0x0000000744c00000| Untracked 
|  77|0x0000000744d00000, 0x0000000744dffd08, 0x0000000744e00000| 99%| O|  |TAMS 0x0000000744dffd08, 0x0000000744d00000| Untracked 
|  78|0x0000000744e00000, 0x0000000744f00000, 0x0000000744f00000|100%| O|  |TAMS 0x0000000744f00000, 0x0000000744e00000| Untracked 
|  79|0x0000000744f00000, 0x0000000745000000, 0x0000000745000000|100%| O|  |TAMS 0x0000000745000000, 0x0000000744f00000| Untracked 
|  80|0x0000000745000000, 0x00000007450ffff8, 0x0000000745100000| 99%| O|  |TAMS 0x00000007450ffff8, 0x0000000745000000| Untracked 
|  81|0x0000000745100000, 0x00000007451fffe8, 0x0000000745200000| 99%| O|  |TAMS 0x00000007451fffe8, 0x0000000745100000| Untracked 
|  82|0x0000000745200000, 0x00000007452fffb0, 0x0000000745300000| 99%| O|  |TAMS 0x00000007452fffb0, 0x0000000745200000| Untracked 
|  83|0x0000000745300000, 0x00000007453fffe0, 0x0000000745400000| 99%| O|  |TAMS 0x00000007453fffe0, 0x0000000745300000| Untracked 
|  84|0x0000000745400000, 0x00000007454fff58, 0x0000000745500000| 99%| O|  |TAMS 0x00000007454fff58, 0x0000000745400000| Untracked 
|  85|0x0000000745500000, 0x00000007455fffe0, 0x0000000745600000| 99%| O|  |TAMS 0x00000007455fffe0, 0x0000000745500000| Untracked 
|  86|0x0000000745600000, 0x00000007456fffe8, 0x0000000745700000| 99%| O|  |TAMS 0x00000007456fffe8, 0x0000000745600000| Untracked 
|  87|0x0000000745700000, 0x00000007457fff78, 0x0000000745800000| 99%| O|  |TAMS 0x00000007457fff78, 0x0000000745700000| Untracked 
|  88|0x0000000745800000, 0x00000007458f51a0, 0x0000000745900000| 95%| O|  |TAMS 0x00000007458f51a0, 0x0000000745800000| Untracked 
|  89|0x0000000745900000, 0x00000007459fff30, 0x0000000745a00000| 99%| O|  |TAMS 0x00000007459fff30, 0x0000000745900000| Untracked 
|  90|0x0000000745a00000, 0x0000000745afff68, 0x0000000745b00000| 99%| O|  |TAMS 0x0000000745afff68, 0x0000000745a00000| Untracked 
|  91|0x0000000745b00000, 0x0000000745c00000, 0x0000000745c00000|100%| O|  |TAMS 0x0000000745c00000, 0x0000000745b00000| Untracked 
|  92|0x0000000745c00000, 0x0000000745cffff8, 0x0000000745d00000| 99%| O|  |TAMS 0x0000000745cffff8, 0x0000000745c00000| Untracked 
|  93|0x0000000745d00000, 0x0000000745dffff8, 0x0000000745e00000| 99%| O|  |TAMS 0x0000000745dffff8, 0x0000000745d00000| Untracked 
|  94|0x0000000745e00000, 0x0000000745effff0, 0x0000000745f00000| 99%| O|  |TAMS 0x0000000745effff0, 0x0000000745e00000| Untracked 
|  95|0x0000000745f00000, 0x0000000745ffffd8, 0x0000000746000000| 99%| O|  |TAMS 0x0000000745ffffd8, 0x0000000745f00000| Untracked 
|  96|0x0000000746000000, 0x0000000746100000, 0x0000000746100000|100%|HS|  |TAMS 0x0000000746100000, 0x0000000746000000| Complete 
|  97|0x0000000746100000, 0x0000000746200000, 0x0000000746200000|100%|HC|  |TAMS 0x0000000746200000, 0x0000000746100000| Complete 
|  98|0x0000000746200000, 0x00000007462ff468, 0x0000000746300000| 99%| O|  |TAMS 0x00000007462ff468, 0x0000000746200000| Untracked 
|  99|0x0000000746300000, 0x00000007463fffe0, 0x0000000746400000| 99%| O|  |TAMS 0x00000007463fffe0, 0x0000000746300000| Untracked 
| 100|0x0000000746400000, 0x00000007464fffd8, 0x0000000746500000| 99%| O|  |TAMS 0x00000007464fffd8, 0x0000000746400000| Untracked 
| 101|0x0000000746500000, 0x000000074653bdb0, 0x0000000746600000| 23%| O|  |TAMS 0x000000074653bdb0, 0x0000000746500000| Untracked 
| 102|0x0000000746600000, 0x0000000746634930, 0x0000000746700000| 20%| O|  |TAMS 0x0000000746634930, 0x0000000746600000| Untracked 
| 103|0x0000000746700000, 0x00000007467ffff8, 0x0000000746800000| 99%| O|  |TAMS 0x00000007467ffff8, 0x0000000746700000| Untracked 
| 104|0x0000000746800000, 0x0000000746900000, 0x0000000746900000|100%|HS|  |TAMS 0x0000000746800000, 0x0000000746800000| Complete 
| 105|0x0000000746900000, 0x0000000746a00000, 0x0000000746a00000|100%|HC|  |TAMS 0x0000000746900000, 0x0000000746900000| Complete 
| 106|0x0000000746a00000, 0x0000000746a6c218, 0x0000000746b00000| 42%| O|  |TAMS 0x0000000746a6c218, 0x0000000746a00000| Untracked 
| 107|0x0000000746b00000, 0x0000000746bc2b90, 0x0000000746c00000| 76%| O|  |TAMS 0x0000000746bc2b90, 0x0000000746b00000| Untracked 
| 108|0x0000000746c00000, 0x0000000746c00000, 0x0000000746d00000|  0%| F|  |TAMS 0x0000000746c00000, 0x0000000746c00000| Untracked 
| 109|0x0000000746d00000, 0x0000000746d00000, 0x0000000746e00000|  0%| F|  |TAMS 0x0000000746d00000, 0x0000000746d00000| Untracked 
| 110|0x0000000746e00000, 0x0000000746f00000, 0x0000000746f00000|100%|HS|  |TAMS 0x0000000746f00000, 0x0000000746e00000| Complete 
| 111|0x0000000746f00000, 0x0000000747000000, 0x0000000747000000|100%|HC|  |TAMS 0x0000000747000000, 0x0000000746f00000| Complete 
| 112|0x0000000747000000, 0x0000000747000000, 0x0000000747100000|  0%| F|  |TAMS 0x0000000747000000, 0x0000000747000000| Untracked 
| 113|0x0000000747100000, 0x0000000747100000, 0x0000000747200000|  0%| F|  |TAMS 0x0000000747100000, 0x0000000747100000| Untracked 
| 114|0x0000000747200000, 0x0000000747260180, 0x0000000747300000| 37%| O|  |TAMS 0x0000000747260180, 0x0000000747200000| Untracked 
| 115|0x0000000747300000, 0x0000000747300000, 0x0000000747400000|  0%| F|  |TAMS 0x0000000747300000, 0x0000000747300000| Untracked 
| 116|0x0000000747400000, 0x0000000747400000, 0x0000000747500000|  0%| F|  |TAMS 0x0000000747400000, 0x0000000747400000| Untracked 
| 117|0x0000000747500000, 0x0000000747500000, 0x0000000747600000|  0%| F|  |TAMS 0x0000000747500000, 0x0000000747500000| Untracked 
| 118|0x0000000747600000, 0x0000000747600000, 0x0000000747700000|  0%| F|  |TAMS 0x0000000747600000, 0x0000000747600000| Untracked 
| 119|0x0000000747700000, 0x0000000747700000, 0x0000000747800000|  0%| F|  |TAMS 0x0000000747700000, 0x0000000747700000| Untracked 
| 120|0x0000000747800000, 0x0000000747800000, 0x0000000747900000|  0%| F|  |TAMS 0x0000000747800000, 0x0000000747800000| Untracked 
| 121|0x0000000747900000, 0x0000000747900000, 0x0000000747a00000|  0%| F|  |TAMS 0x0000000747900000, 0x0000000747900000| Untracked 
| 122|0x0000000747a00000, 0x0000000747a91f70, 0x0000000747b00000| 57%| O|  |TAMS 0x0000000747a91f70, 0x0000000747a00000| Untracked 
| 123|0x0000000747b00000, 0x0000000747b00000, 0x0000000747c00000|  0%| F|  |TAMS 0x0000000747b00000, 0x0000000747b00000| Untracked 
| 124|0x0000000747c00000, 0x0000000747c00000, 0x0000000747d00000|  0%| F|  |TAMS 0x0000000747c00000, 0x0000000747c00000| Untracked 
| 125|0x0000000747d00000, 0x0000000747d00000, 0x0000000747e00000|  0%| F|  |TAMS 0x0000000747d00000, 0x0000000747d00000| Untracked 
| 126|0x0000000747e00000, 0x0000000747e00000, 0x0000000747f00000|  0%| F|  |TAMS 0x0000000747e00000, 0x0000000747e00000| Untracked 
| 127|0x0000000747f00000, 0x0000000747f00000, 0x0000000748000000|  0%| F|  |TAMS 0x0000000747f00000, 0x0000000747f00000| Untracked 
| 128|0x0000000748000000, 0x0000000748000000, 0x0000000748100000|  0%| F|  |TAMS 0x0000000748000000, 0x0000000748000000| Untracked 
| 129|0x0000000748100000, 0x0000000748100000, 0x0000000748200000|  0%| F|  |TAMS 0x0000000748100000, 0x0000000748100000| Untracked 
| 130|0x0000000748200000, 0x0000000748200000, 0x0000000748300000|  0%| F|  |TAMS 0x0000000748200000, 0x0000000748200000| Untracked 
| 131|0x0000000748300000, 0x0000000748300000, 0x0000000748400000|  0%| F|  |TAMS 0x0000000748300000, 0x0000000748300000| Untracked 
| 132|0x0000000748400000, 0x0000000748400000, 0x0000000748500000|  0%| F|  |TAMS 0x0000000748400000, 0x0000000748400000| Untracked 
| 133|0x0000000748500000, 0x0000000748500000, 0x0000000748600000|  0%| F|  |TAMS 0x0000000748500000, 0x0000000748500000| Untracked 
| 134|0x0000000748600000, 0x0000000748600000, 0x0000000748700000|  0%| F|  |TAMS 0x0000000748600000, 0x0000000748600000| Untracked 
| 135|0x0000000748700000, 0x0000000748700000, 0x0000000748800000|  0%| F|  |TAMS 0x0000000748700000, 0x0000000748700000| Untracked 
| 136|0x0000000748800000, 0x0000000748800000, 0x0000000748900000|  0%| F|  |TAMS 0x0000000748800000, 0x0000000748800000| Untracked 
| 137|0x0000000748900000, 0x0000000748900000, 0x0000000748a00000|  0%| F|  |TAMS 0x0000000748900000, 0x0000000748900000| Untracked 
| 138|0x0000000748a00000, 0x0000000748b00000, 0x0000000748b00000|100%|HS|  |TAMS 0x0000000748b00000, 0x0000000748a00000| Complete 
| 139|0x0000000748b00000, 0x0000000748c00000, 0x0000000748c00000|100%|HC|  |TAMS 0x0000000748c00000, 0x0000000748b00000| Complete 
| 140|0x0000000748c00000, 0x0000000748d00000, 0x0000000748d00000|100%|HC|  |TAMS 0x0000000748d00000, 0x0000000748c00000| Complete 
| 141|0x0000000748d00000, 0x0000000748e00000, 0x0000000748e00000|100%|HC|  |TAMS 0x0000000748e00000, 0x0000000748d00000| Complete 
| 142|0x0000000748e00000, 0x0000000748f00000, 0x0000000748f00000|100%|HC|  |TAMS 0x0000000748f00000, 0x0000000748e00000| Complete 
| 143|0x0000000748f00000, 0x0000000749000000, 0x0000000749000000|100%|HC|  |TAMS 0x0000000749000000, 0x0000000748f00000| Complete 
| 144|0x0000000749000000, 0x0000000749100000, 0x0000000749100000|100%|HC|  |TAMS 0x0000000749100000, 0x0000000749000000| Complete 
| 145|0x0000000749100000, 0x0000000749200000, 0x0000000749200000|100%|HC|  |TAMS 0x0000000749200000, 0x0000000749100000| Complete 
| 146|0x0000000749200000, 0x0000000749200000, 0x0000000749300000|  0%| F|  |TAMS 0x0000000749200000, 0x0000000749200000| Untracked 
| 147|0x0000000749300000, 0x0000000749300000, 0x0000000749400000|  0%| F|  |TAMS 0x0000000749300000, 0x0000000749300000| Untracked 
| 148|0x0000000749400000, 0x0000000749499000, 0x0000000749500000| 59%| S|CS|TAMS 0x0000000749400000, 0x0000000749400000| Complete 
| 149|0x0000000749500000, 0x0000000749600000, 0x0000000749600000|100%| S|CS|TAMS 0x0000000749500000, 0x0000000749500000| Complete 
| 150|0x0000000749600000, 0x0000000749700000, 0x0000000749700000|100%| S|CS|TAMS 0x0000000749600000, 0x0000000749600000| Complete 
| 151|0x0000000749700000, 0x0000000749800000, 0x0000000749800000|100%| S|CS|TAMS 0x0000000749700000, 0x0000000749700000| Complete 
| 152|0x0000000749800000, 0x000000074988ad60, 0x0000000749900000| 54%| O|  |TAMS 0x000000074988ad60, 0x0000000749800000| Untracked 
| 153|0x0000000749900000, 0x0000000749900000, 0x0000000749a00000|  0%| F|  |TAMS 0x0000000749900000, 0x0000000749900000| Untracked 
| 154|0x0000000749a00000, 0x0000000749a00000, 0x0000000749b00000|  0%| F|  |TAMS 0x0000000749a00000, 0x0000000749a00000| Untracked 
| 155|0x0000000749b00000, 0x0000000749b00000, 0x0000000749c00000|  0%| F|  |TAMS 0x0000000749b00000, 0x0000000749b00000| Untracked 
| 156|0x0000000749c00000, 0x0000000749c00000, 0x0000000749d00000|  0%| F|  |TAMS 0x0000000749c00000, 0x0000000749c00000| Untracked 
| 157|0x0000000749d00000, 0x0000000749d00000, 0x0000000749e00000|  0%| F|  |TAMS 0x0000000749d00000, 0x0000000749d00000| Untracked 
| 158|0x0000000749e00000, 0x0000000749e00000, 0x0000000749f00000|  0%| F|  |TAMS 0x0000000749e00000, 0x0000000749e00000| Untracked 
| 159|0x0000000749f00000, 0x0000000749f00000, 0x000000074a000000|  0%| F|  |TAMS 0x0000000749f00000, 0x0000000749f00000| Untracked 
| 160|0x000000074a000000, 0x000000074a000000, 0x000000074a100000|  0%| F|  |TAMS 0x000000074a000000, 0x000000074a000000| Untracked 
| 161|0x000000074a100000, 0x000000074a100000, 0x000000074a200000|  0%| F|  |TAMS 0x000000074a100000, 0x000000074a100000| Untracked 
| 162|0x000000074a200000, 0x000000074a200000, 0x000000074a300000|  0%| F|  |TAMS 0x000000074a200000, 0x000000074a200000| Untracked 
| 163|0x000000074a300000, 0x000000074a300000, 0x000000074a400000|  0%| F|  |TAMS 0x000000074a300000, 0x000000074a300000| Untracked 
| 164|0x000000074a400000, 0x000000074a437a10, 0x000000074a500000| 21%| E|  |TAMS 0x000000074a400000, 0x000000074a400000| Complete 
| 165|0x000000074a500000, 0x000000074a600000, 0x000000074a600000|100%| E|CS|TAMS 0x000000074a500000, 0x000000074a500000| Complete 
| 166|0x000000074a600000, 0x000000074a700000, 0x000000074a700000|100%| E|CS|TAMS 0x000000074a600000, 0x000000074a600000| Complete 
| 167|0x000000074a700000, 0x000000074a800000, 0x000000074a800000|100%| E|CS|TAMS 0x000000074a700000, 0x000000074a700000| Complete 
| 168|0x000000074a800000, 0x000000074a900000, 0x000000074a900000|100%| E|CS|TAMS 0x000000074a800000, 0x000000074a800000| Complete 
| 169|0x000000074a900000, 0x000000074aa00000, 0x000000074aa00000|100%| E|CS|TAMS 0x000000074a900000, 0x000000074a900000| Complete 
| 170|0x000000074aa00000, 0x000000074ab00000, 0x000000074ab00000|100%| E|CS|TAMS 0x000000074aa00000, 0x000000074aa00000| Complete 
| 171|0x000000074ab00000, 0x000000074ac00000, 0x000000074ac00000|100%| E|CS|TAMS 0x000000074ab00000, 0x000000074ab00000| Complete 
| 172|0x000000074ac00000, 0x000000074ad00000, 0x000000074ad00000|100%| E|CS|TAMS 0x000000074ac00000, 0x000000074ac00000| Complete 
| 173|0x000000074ad00000, 0x000000074ae00000, 0x000000074ae00000|100%| E|CS|TAMS 0x000000074ad00000, 0x000000074ad00000| Complete 
| 174|0x000000074ae00000, 0x000000074af00000, 0x000000074af00000|100%| E|CS|TAMS 0x000000074ae00000, 0x000000074ae00000| Complete 
| 175|0x000000074af00000, 0x000000074b000000, 0x000000074b000000|100%| E|CS|TAMS 0x000000074af00000, 0x000000074af00000| Complete 
| 176|0x000000074b000000, 0x000000074b100000, 0x000000074b100000|100%| E|CS|TAMS 0x000000074b000000, 0x000000074b000000| Complete 
| 177|0x000000074b100000, 0x000000074b200000, 0x000000074b200000|100%| E|CS|TAMS 0x000000074b100000, 0x000000074b100000| Complete 
| 178|0x000000074b200000, 0x000000074b300000, 0x000000074b300000|100%| E|CS|TAMS 0x000000074b200000, 0x000000074b200000| Complete 
| 179|0x000000074b300000, 0x000000074b400000, 0x000000074b400000|100%| E|CS|TAMS 0x000000074b300000, 0x000000074b300000| Complete 
| 180|0x000000074b400000, 0x000000074b500000, 0x000000074b500000|100%| E|CS|TAMS 0x000000074b400000, 0x000000074b400000| Complete 
| 181|0x000000074b500000, 0x000000074b600000, 0x000000074b600000|100%| E|CS|TAMS 0x000000074b500000, 0x000000074b500000| Complete 
| 182|0x000000074b600000, 0x000000074b700000, 0x000000074b700000|100%| E|CS|TAMS 0x000000074b600000, 0x000000074b600000| Complete 
| 183|0x000000074b700000, 0x000000074b800000, 0x000000074b800000|100%| E|CS|TAMS 0x000000074b700000, 0x000000074b700000| Complete 
| 184|0x000000074b800000, 0x000000074b900000, 0x000000074b900000|100%| E|CS|TAMS 0x000000074b800000, 0x000000074b800000| Complete 
| 185|0x000000074b900000, 0x000000074ba00000, 0x000000074ba00000|100%| E|CS|TAMS 0x000000074b900000, 0x000000074b900000| Complete 
| 186|0x000000074ba00000, 0x000000074bb00000, 0x000000074bb00000|100%| E|CS|TAMS 0x000000074ba00000, 0x000000074ba00000| Complete 
| 187|0x000000074bb00000, 0x000000074bc00000, 0x000000074bc00000|100%| E|CS|TAMS 0x000000074bb00000, 0x000000074bb00000| Complete 
| 188|0x000000074bc00000, 0x000000074bd00000, 0x000000074bd00000|100%| E|CS|TAMS 0x000000074bc00000, 0x000000074bc00000| Complete 
| 189|0x000000074bd00000, 0x000000074be00000, 0x000000074be00000|100%| E|CS|TAMS 0x000000074bd00000, 0x000000074bd00000| Complete 
| 190|0x000000074be00000, 0x000000074bf00000, 0x000000074bf00000|100%| E|CS|TAMS 0x000000074be00000, 0x000000074be00000| Complete 
| 191|0x000000074bf00000, 0x000000074c000000, 0x000000074c000000|100%| E|CS|TAMS 0x000000074bf00000, 0x000000074bf00000| Complete 
| 192|0x000000074c000000, 0x000000074c100000, 0x000000074c100000|100%| E|CS|TAMS 0x000000074c000000, 0x000000074c000000| Complete 
| 193|0x000000074c100000, 0x000000074c200000, 0x000000074c200000|100%| E|CS|TAMS 0x000000074c100000, 0x000000074c100000| Complete 
| 194|0x000000074c200000, 0x000000074c300000, 0x000000074c300000|100%| E|CS|TAMS 0x000000074c200000, 0x000000074c200000| Complete 
| 195|0x000000074c300000, 0x000000074c400000, 0x000000074c400000|100%| E|CS|TAMS 0x000000074c300000, 0x000000074c300000| Complete 
| 196|0x000000074c400000, 0x000000074c500000, 0x000000074c500000|100%| E|CS|TAMS 0x000000074c400000, 0x000000074c400000| Complete 
| 197|0x000000074c500000, 0x000000074c600000, 0x000000074c600000|100%| E|CS|TAMS 0x000000074c500000, 0x000000074c500000| Complete 
| 198|0x000000074c600000, 0x000000074c700000, 0x000000074c700000|100%| E|CS|TAMS 0x000000074c600000, 0x000000074c600000| Complete 
| 199|0x000000074c700000, 0x000000074c800000, 0x000000074c800000|100%| E|CS|TAMS 0x000000074c700000, 0x000000074c700000| Complete 
| 200|0x000000074c800000, 0x000000074c900000, 0x000000074c900000|100%| E|CS|TAMS 0x000000074c800000, 0x000000074c800000| Complete 
| 201|0x000000074c900000, 0x000000074ca00000, 0x000000074ca00000|100%| E|CS|TAMS 0x000000074c900000, 0x000000074c900000| Complete 
| 202|0x000000074ca00000, 0x000000074cb00000, 0x000000074cb00000|100%| E|CS|TAMS 0x000000074ca00000, 0x000000074ca00000| Complete 
| 203|0x000000074cb00000, 0x000000074cc00000, 0x000000074cc00000|100%| E|CS|TAMS 0x000000074cb00000, 0x000000074cb00000| Complete 
| 204|0x000000074cc00000, 0x000000074cd00000, 0x000000074cd00000|100%| E|CS|TAMS 0x000000074cc00000, 0x000000074cc00000| Complete 
| 205|0x000000074cd00000, 0x000000074ce00000, 0x000000074ce00000|100%| E|CS|TAMS 0x000000074cd00000, 0x000000074cd00000| Complete 
| 206|0x000000074ce00000, 0x000000074cf00000, 0x000000074cf00000|100%| E|CS|TAMS 0x000000074ce00000, 0x000000074ce00000| Complete 
| 207|0x000000074cf00000, 0x000000074d000000, 0x000000074d000000|100%| E|CS|TAMS 0x000000074cf00000, 0x000000074cf00000| Complete 
| 208|0x000000074d000000, 0x000000074d100000, 0x000000074d100000|100%| E|CS|TAMS 0x000000074d000000, 0x000000074d000000| Complete 
| 209|0x000000074d100000, 0x000000074d200000, 0x000000074d200000|100%| E|CS|TAMS 0x000000074d100000, 0x000000074d100000| Complete 
| 210|0x000000074d200000, 0x000000074d300000, 0x000000074d300000|100%| E|CS|TAMS 0x000000074d200000, 0x000000074d200000| Complete 
| 211|0x000000074d300000, 0x000000074d400000, 0x000000074d400000|100%| E|CS|TAMS 0x000000074d300000, 0x000000074d300000| Complete 
| 212|0x000000074d400000, 0x000000074d500000, 0x000000074d500000|100%| E|CS|TAMS 0x000000074d400000, 0x000000074d400000| Complete 

Card table byte_map: [0x0000025dd5630000,0x0000025dd5c30000] _byte_map_base: 0x0000025dd1c30000

Marking Bits (Prev, Next): (CMBitMap*) 0x0000025df628e960, (CMBitMap*) 0x0000025df628e928
 Prev Bits: [0x0000025ddc430000, 0x0000025ddf430000)
 Next Bits: [0x0000025dd9430000, 0x0000025ddc430000)

Polling page: 0x0000025db6c90000

Metaspace:

Usage:
  Non-class:     94.46 MB capacity,    92.78 MB ( 98%) used,     1.28 MB (  1%) free+waste,   419.81 KB ( <1%) overhead. 
      Class:     16.40 MB capacity,    15.01 MB ( 92%) used,     1.19 MB (  7%) free+waste,   205.00 KB (  1%) overhead. 
       Both:    110.86 MB capacity,   107.79 MB ( 97%) used,     2.46 MB (  2%) free+waste,   624.81 KB ( <1%) overhead. 

Virtual space:
  Non-class space:       96.00 MB reserved,      94.67 MB ( 99%) committed 
      Class space:        1.00 GB reserved,      16.48 MB (  2%) committed 
             Both:        1.09 GB reserved,     111.15 MB ( 10%) committed 

Chunk freelists:
   Non-Class:  2.63 KB
       Class:  1.25 KB
        Both:  3.88 KB

CodeHeap 'non-profiled nmethods': size=120000Kb used=21479Kb max_used=22721Kb free=98520Kb
 bounds [0x0000025dcc5c0000, 0x0000025dcdc00000, 0x0000025dd3af0000]
CodeHeap 'profiled nmethods': size=120000Kb used=42691Kb max_used=46753Kb free=77308Kb
 bounds [0x0000025dc5090000, 0x0000025dc7e80000, 0x0000025dcc5c0000]
CodeHeap 'non-nmethods': size=5760Kb used=1932Kb max_used=1982Kb free=3827Kb
 bounds [0x0000025dc4af0000, 0x0000025dc4d60000, 0x0000025dc5090000]
 total_blobs=35378 nmethods=18218 adapters=1528
 compilation: enabled
              stopped_count=0, restarted_count=0
 full_count=0

Compilation events (10 events):
Event: 777.621 Thread 0x0000025dd6c05800 24041       1       javax.swing.JMenuItem::getComponent (2 bytes)
Event: 777.621 Thread 0x0000025dd6c05800 nmethod 24041 0x0000025dcc97fc10 code [0x0000025dcc97fdc0, 0x0000025dcc97fed8]
Event: 777.621 Thread 0x0000025dd6c05800 24042       3       javax.swing.JMenu::getComponent (2 bytes)
Event: 777.621 Thread 0x0000025dd6c05800 nmethod 24042 0x0000025dc50f9910 code [0x0000025dc50f9ac0, 0x0000025dc50f9c18]
Event: 777.688 Thread 0x0000025dd6c05800 24044       3       java.awt.Container::preProcessKeyEvent (15 bytes)
Event: 777.688 Thread 0x0000025dd6c05800 nmethod 24044 0x0000025dc5192a90 code [0x0000025dc5192c60, 0x0000025dc5192ed0]
Event: 777.688 Thread 0x0000025dd6c05800 24043       1       java.awt.event.KeyEvent::getKeyCode (5 bytes)
Event: 777.688 Thread 0x0000025dd6c05800 nmethod 24043 0x0000025dcc97f890 code [0x0000025dcc97fa40, 0x0000025dcc97fb58]
Event: 779.212 Thread 0x0000025df75b7800 24045       4       ui.views.systembuilder.hv::kaW (36 bytes)
Event: 779.216 Thread 0x0000025df75b7800 nmethod 24045 0x0000025dccb5b310 code [0x0000025dccb5b5c0, 0x0000025dccb5bc40]

GC Heap History (10 events):
Event: 484.957 GC heap before
{Heap before GC invocations=185 (full 9):
 garbage-first heap   total 218112K, used 177142K [0x0000000740000000, 0x0000000800000000)
  region size 1024K, 60 young (61440K), 2 survivors (2048K)
 Metaspace       used 110152K, capacity 113317K, committed 113564K, reserved 1146880K
  class space    used 15355K, capacity 16788K, committed 16876K, reserved 1048576K
}
Event: 484.959 GC heap after
{Heap after GC invocations=186 (full 9):
 garbage-first heap   total 218112K, used 120086K [0x0000000740000000, 0x0000000800000000)
  region size 1024K, 3 young (3072K), 3 survivors (3072K)
 Metaspace       used 110152K, capacity 113317K, committed 113564K, reserved 1146880K
  class space    used 15355K, capacity 16788K, committed 16876K, reserved 1048576K
}
Event: 519.005 GC heap before
{Heap before GC invocations=186 (full 9):
 garbage-first heap   total 218112K, used 178454K [0x0000000740000000, 0x0000000800000000)
  region size 1024K, 60 young (61440K), 3 survivors (3072K)
 Metaspace       used 110185K, capacity 113317K, committed 113564K, reserved 1146880K
  class space    used 15355K, capacity 16788K, committed 16876K, reserved 1048576K
}
Event: 519.008 GC heap after
{Heap after GC invocations=187 (full 9):
 garbage-first heap   total 218112K, used 120285K [0x0000000740000000, 0x0000000800000000)
  region size 1024K, 3 young (3072K), 3 survivors (3072K)
 Metaspace       used 110185K, capacity 113317K, committed 113564K, reserved 1146880K
  class space    used 15355K, capacity 16788K, committed 16876K, reserved 1048576K
}
Event: 583.059 GC heap before
{Heap before GC invocations=188 (full 9):
 garbage-first heap   total 218112K, used 178653K [0x0000000740000000, 0x0000000800000000)
  region size 1024K, 60 young (61440K), 3 survivors (3072K)
 Metaspace       used 110303K, capacity 113453K, committed 113564K, reserved 1146880K
  class space    used 15367K, capacity 16789K, committed 16876K, reserved 1048576K
}
Event: 583.061 GC heap after
{Heap after GC invocations=189 (full 9):
 garbage-first heap   total 218112K, used 120948K [0x0000000740000000, 0x0000000800000000)
  region size 1024K, 4 young (4096K), 4 survivors (4096K)
 Metaspace       used 110303K, capacity 113453K, committed 113564K, reserved 1146880K
  class space    used 15367K, capacity 16789K, committed 16876K, reserved 1048576K
}
Event: 584.299 GC heap before
{Heap before GC invocations=189 (full 9):
 garbage-first heap   total 218112K, used 147572K [0x0000000740000000, 0x0000000800000000)
  region size 1024K, 31 young (31744K), 4 survivors (4096K)
 Metaspace       used 110321K, capacity 113520K, committed 113820K, reserved 1146880K
  class space    used 15368K, capacity 16790K, committed 16876K, reserved 1048576K
}
Event: 584.301 GC heap after
{Heap after GC invocations=190 (full 9):
 garbage-first heap   total 218112K, used 120399K [0x0000000740000000, 0x0000000800000000)
  region size 1024K, 3 young (3072K), 3 survivors (3072K)
 Metaspace       used 110321K, capacity 113520K, committed 113820K, reserved 1146880K
  class space    used 15368K, capacity 16790K, committed 16876K, reserved 1048576K
}
Event: 745.084 GC heap before
{Heap before GC invocations=191 (full 9):
 garbage-first heap   total 218112K, used 180815K [0x0000000740000000, 0x0000000800000000)
  region size 1024K, 60 young (61440K), 3 survivors (3072K)
 Metaspace       used 110329K, capacity 113520K, committed 113820K, reserved 1146880K
  class space    used 15368K, capacity 16790K, committed 16876K, reserved 1048576K
}
Event: 745.087 GC heap after
{Heap after GC invocations=192 (full 9):
 garbage-first heap   total 218112K, used 123358K [0x0000000740000000, 0x0000000800000000)
  region size 1024K, 4 young (4096K), 4 survivors (4096K)
 Metaspace       used 110329K, capacity 113520K, committed 113820K, reserved 1146880K
  class space    used 15368K, capacity 16790K, committed 16876K, reserved 1048576K
}

Deoptimization events (10 events):
Event: 404.435 Thread 0x0000025de3c21800 Uncommon trap: reason=bimorphic_or_optimized_type_check action=maybe_recompile pc=0x0000025dcd1736d4 method=java.util.Arrays$ArrayList.indexOf(Ljava/lang/Object;)I @ 46 c2
Event: 440.650 Thread 0x0000025de3c21800 Uncommon trap: reason=class_check action=maybe_recompile pc=0x0000025dcd6320a0 method=java.awt.Component.show()V @ 34 c2
Event: 517.005 Thread 0x0000025de3c21800 Uncommon trap: reason=unstable_if action=reinterpret pc=0x0000025dcd8bf1e8 method=javax.swing.ImageIcon.paintIcon(Ljava/awt/Component;Ljava/awt/Graphics;II)V @ 4 c2
Event: 517.041 Thread 0x0000025de3c21800 Uncommon trap: reason=unstable_if action=reinterpret pc=0x0000025dcd0ad9b4 method=com.jidesoft.grid.JideTable.isCellFocused(II)Z @ 206 c2
Event: 517.042 Thread 0x0000025de3c21800 Uncommon trap: reason=unstable_if action=reinterpret pc=0x0000025dcd63a848 method=javax.swing.ImageIcon.paintIcon(Ljava/awt/Component;Ljava/awt/Graphics;II)V @ 4 c2
Event: 518.716 Thread 0x0000025daba9d000 Uncommon trap: reason=unstable_if action=reinterpret pc=0x0000025dcd69ffdc method=java.awt.image.ReplicateScaleFilter.setPixels(IIIILjava/awt/image/ColorModel;[BII)V @ 187 c2
Event: 539.541 Thread 0x0000025de3c21800 Uncommon trap: reason=unstable_if action=reinterpret pc=0x0000025dcd359884 method=java.awt.Container.getMouseEventTargetImpl(IIZLjava/awt/Container$EventTargetFilter;ZZ)Ljava/awt/Component; @ 218 c2
Event: 583.090 Thread 0x0000025de3c21800 Uncommon trap: reason=unstable_if action=reinterpret pc=0x0000025dcd9f81f4 method=jdk.internal.math.FloatingDecimal.getBinaryToASCIIConverter(DZ)Ljdk/internal/math/FloatingDecimal$BinaryToASCIIConverter; @ 12 c2
Event: 583.090 Thread 0x0000025de3c21800 Uncommon trap: reason=unstable_if action=reinterpret pc=0x0000025dcda0f308 method=jdk.internal.math.FloatingDecimal$BinaryToASCIIBuffer.getChars([C)I @ 33 c2
Event: 583.090 Thread 0x0000025de3c21800 Uncommon trap: reason=unstable_if action=reinterpret pc=0x0000025dcd00aed0 method=ui.utils.h.j.b.j.setValue(Ljava/lang/Object;)V @ 48 c2

Classes redefined (0 events):
No events

Internal exceptions (10 events):
Event: 437.571 Thread 0x0000025de3c21800 Exception <a 'java/io/FileNotFoundException'{0x000000074ac3d6e0}> (0x000000074ac3d6e0) thrown at [t:/workspace/open/src/hotspot/share/prims/jni.cpp, line 615]
Event: 442.571 Thread 0x0000025de3c21800 Exception <a 'java/io/FileNotFoundException'{0x000000074c9b6968}> (0x000000074c9b6968) thrown at [t:/workspace/open/src/hotspot/share/prims/jni.cpp, line 615]
Event: 447.572 Thread 0x0000025de3c21800 Exception <a 'java/io/FileNotFoundException'{0x000000074c766628}> (0x000000074c766628) thrown at [t:/workspace/open/src/hotspot/share/prims/jni.cpp, line 615]
Event: 452.572 Thread 0x0000025de3c21800 Exception <a 'java/io/FileNotFoundException'{0x000000074c317528}> (0x000000074c317528) thrown at [t:/workspace/open/src/hotspot/share/prims/jni.cpp, line 615]
Event: 457.574 Thread 0x0000025de3c21800 Exception <a 'java/io/FileNotFoundException'{0x000000074c1dff38}> (0x000000074c1dff38) thrown at [t:/workspace/open/src/hotspot/share/prims/jni.cpp, line 615]
Event: 462.575 Thread 0x0000025de3c21800 Exception <a 'java/io/FileNotFoundException'{0x000000074bc816e8}> (0x000000074bc816e8) thrown at [t:/workspace/open/src/hotspot/share/prims/jni.cpp, line 615]
Event: 467.577 Thread 0x0000025de3c21800 Exception <a 'java/io/FileNotFoundException'{0x000000074bae4930}> (0x000000074bae4930) thrown at [t:/workspace/open/src/hotspot/share/prims/jni.cpp, line 615]
Event: 517.004 Thread 0x0000025daba9d000 Exception <a 'java/lang/InterruptedException'{0x000000074ac0cbc8}: sleep interrupted> (0x000000074ac0cbc8) thrown at [t:/workspace/open/src/hotspot/share/prims/jvm.cpp, line 3091]
Event: 517.005 Thread 0x0000025daba9d000 Exception <a 'java/lang/InterruptedException'{0x000000074ac19e98}: sleep interrupted> (0x000000074ac19e98) thrown at [t:/workspace/open/src/hotspot/share/prims/jvm.cpp, line 3091]
Event: 584.318 Thread 0x0000025daba99000 Exception <a 'java/lang/InterruptedException'{0x000000074d4bbee8}: sleep interrupted> (0x000000074d4bbee8) thrown at [t:/workspace/open/src/hotspot/share/prims/jvm.cpp, line 3091]

Events (10 events):
Event: 776.532 Thread 0x0000025daba9e000 Thread added: 0x0000025daba9e000
Event: 776.535 Thread 0x0000025daba9e000 Thread exited: 0x0000025daba9e000
Event: 776.733 loading class com/sun/prism/shader/DrawPgram_Color_Loader
Event: 776.733 loading class com/sun/prism/shader/DrawPgram_Color_Loader done
Event: 777.479 Thread 0x0000025daba99800 Thread added: 0x0000025daba99800
Event: 777.481 Thread 0x0000025daba99800 Thread exited: 0x0000025daba99800
Event: 778.480 Thread 0x0000025daba9b800 Thread added: 0x0000025daba9b800
Event: 778.483 Thread 0x0000025daba9b800 Thread exited: 0x0000025daba9b800
Event: 779.481 Thread 0x0000025daba9e000 Thread added: 0x0000025daba9e000
Event: 779.483 Thread 0x0000025daba9e000 Thread exited: 0x0000025daba9e000


Dynamic libraries:
0x00007ff769f00000 - 0x00007ff769f2f000 	C:\Xilinx\Vivado\2020.2\bin\unwrapped\win64.o\vivado.exe
0x00007ffc49fa0000 - 0x00007ffc4a1a7000 	C:\WINDOWS\SYSTEM32\ntdll.dll
0x00007ffc48830000 - 0x00007ffc488ed000 	C:\WINDOWS\System32\KERNEL32.DLL
0x00007ffc478f0000 - 0x00007ffc47c64000 	C:\WINDOWS\System32\KERNELBASE.dll
0x00007ffc476a0000 - 0x00007ffc477b1000 	C:\WINDOWS\System32\ucrtbase.dll
0x00007ffc24ee0000 - 0x00007ffc24f6d000 	C:\WINDOWS\SYSTEM32\MSVCP140.dll
0x00007ffbc1330000 - 0x00007ffbc24a7000 	C:\Xilinx\Vivado\2020.2\lib\win64.o\librdi_common.dll
0x00007ffc2b760000 - 0x00007ffc2b773000 	C:\Xilinx\Vivado\2020.2\lib\win64.o\libboost_signals.dll
0x00007ffc2c830000 - 0x00007ffc2c848000 	C:\Xilinx\Vivado\2020.2\lib\win64.o\librdi_commonmain.dll
0x00007ffc31260000 - 0x00007ffc3127b000 	C:\WINDOWS\SYSTEM32\VCRUNTIME140.dll
0x00007ffc49970000 - 0x00007ffc49b1c000 	C:\WINDOWS\System32\USER32.dll
0x00007ffc24ed0000 - 0x00007ffc24edc000 	C:\WINDOWS\SYSTEM32\VCRUNTIME140_1.dll
0x00007ffc475f0000 - 0x00007ffc47616000 	C:\WINDOWS\System32\win32u.dll
0x00007ffc48790000 - 0x00007ffc487b9000 	C:\WINDOWS\System32\GDI32.dll
0x00007ffc237c0000 - 0x00007ffc23b2e000 	C:\Xilinx\Vivado\2020.2\lib\win64.o\libCOIN-all.dll
0x00007ffc47c70000 - 0x00007ffc47d82000 	C:\WINDOWS\System32\gdi32full.dll
0x00007ffc47d90000 - 0x00007ffc47e2d000 	C:\WINDOWS\System32\msvcp_win.dll
0x00007ffc40fa0000 - 0x00007ffc40fb0000 	C:\Xilinx\Vivado\2020.2\lib\win64.o\libboost_date_time.dll
0x00007ffc2ae80000 - 0x00007ffc2aea2000 	C:\Xilinx\Vivado\2020.2\lib\win64.o\libboost_filesystem.dll
0x00007ffc49b20000 - 0x00007ffc49bcc000 	C:\WINDOWS\System32\ADVAPI32.dll
0x00007ffc49ca0000 - 0x00007ffc49d43000 	C:\WINDOWS\System32\msvcrt.dll
0x00007ffc41520000 - 0x00007ffc41529000 	C:\Xilinx\Vivado\2020.2\lib\win64.o\librdi_commonversion.dll
0x00007ffc49060000 - 0x00007ffc490fd000 	C:\WINDOWS\System32\sechost.dll
0x00007ffc49e30000 - 0x00007ffc49f51000 	C:\WINDOWS\System32\RPCRT4.dll
0x00007ffc297b0000 - 0x00007ffc29949000 	C:\Xilinx\Vivado\2020.2\lib\win64.o\librdi_commonxillic.dll
0x00007ffc48ff0000 - 0x00007ffc4905f000 	C:\WINDOWS\System32\WS2_32.dll
0x00007ffc49180000 - 0x00007ffc4992e000 	C:\WINDOWS\System32\SHELL32.dll
0x0000000064710000 - 0x000000006483b000 	C:\Xilinx\Vivado\2020.2\lib\win64.o\tcl85t.dll
0x00007ffc29730000 - 0x00007ffc297a3000 	C:\Xilinx\Vivado\2020.2\lib\win64.o\libboost_program_options.dll
0x00007ffc236a0000 - 0x00007ffc237b1000 	C:\Xilinx\Vivado\2020.2\lib\win64.o\libboost_regex.dll
0x00007ffc411d0000 - 0x00007ffc411d9000 	C:\Xilinx\Vivado\2020.2\lib\win64.o\libboost_system.dll
0x00007ffc40b30000 - 0x00007ffc40b3c000 	C:\Xilinx\Vivado\2020.2\lib\win64.o\libboost_xilinx.dll
0x00007ffc2abc0000 - 0x00007ffc2abde000 	C:\Xilinx\Vivado\2020.2\lib\win64.o\libboost_thread.dll
0x00007ffc296a0000 - 0x00007ffc29722000 	C:\Xilinx\Vivado\2020.2\lib\win64.o\libhdlpsolve.dll
0x00007ffc235f0000 - 0x00007ffc23695000 	C:\Xilinx\Vivado\2020.2\lib\win64.o\libhdxml.dll
0x00007ffc2ab30000 - 0x00007ffc2ab58000 	C:\Xilinx\Vivado\2020.2\lib\win64.o\libisl_sysinfo.dll
0x00007ffbbe610000 - 0x00007ffbbf402600 	C:\Xilinx\Vivado\2020.2\lib\win64.o\libisl_iostreams.dll
0x00007ffc23580000 - 0x00007ffc235e5000 	C:\Xilinx\Vivado\2020.2\lib\win64.o\liblmx6.0.dll
0x00007ffc2ab10000 - 0x00007ffc2ab2a000 	C:\Xilinx\Vivado\2020.2\lib\win64.o\pthreadVC2.dll
0x00007ffc240c0000 - 0x00007ffc240e1000 	C:\Xilinx\Vivado\2020.2\lib\win64.o\librdizlib.dll
0x00007ffc240f0000 - 0x00007ffc2410c000 	C:\Xilinx\Vivado\2020.2\lib\win64.o\librdiconfig.dll
0x00007ffc49db0000 - 0x00007ffc49e0d000 	C:\WINDOWS\System32\SHLWAPI.dll
0x0000000012000000 - 0x0000000012270000 	C:\Xilinx\Vivado\2020.2\lib\win64.o\xerces-c_3_1.dll
0x00007ffc20730000 - 0x00007ffc20a0b000 	C:\Xilinx\Vivado\2020.2\lib\win64.o\libXil_lmgr11.dll
0x00007ffc3e4d0000 - 0x00007ffc3e4e8000 	C:\WINDOWS\SYSTEM32\NETAPI32.dll
0x00007ffc48690000 - 0x00007ffc4877c000 	C:\WINDOWS\System32\COMDLG32.dll
0x00007ffc48c50000 - 0x00007ffc48fc8000 	C:\WINDOWS\System32\combase.dll
0x00007ffc35d70000 - 0x00007ffc3626a000 	C:\WINDOWS\SYSTEM32\WININET.dll
0x00007ffc42450000 - 0x00007ffc4255c000 	C:\WINDOWS\SYSTEM32\WINHTTP.dll
0x00007ffc40bb0000 - 0x00007ffc40d9e000 	C:\WINDOWS\SYSTEM32\urlmon.dll
0x00007ffc48af0000 - 0x00007ffc48bda000 	C:\WINDOWS\System32\shcore.dll
0x00007ffc488f0000 - 0x00007ffc489c6000 	C:\WINDOWS\System32\OLEAUT32.dll
0x00007ffbbf410000 - 0x00007ffbc1327000 	C:\Xilinx\Vivado\2020.2\lib\win64.o\gurobi90.dll
0x00007ffc2ed50000 - 0x00007ffc2ed59000 	C:\WINDOWS\SYSTEM32\WSOCK32.dll
0x00007ffc47e30000 - 0x00007ffc47fca000 	C:\WINDOWS\System32\ole32.dll
0x00007ffc47480000 - 0x00007ffc475e2000 	C:\WINDOWS\System32\CRYPT32.dll
0x00007ffc23550000 - 0x00007ffc2357e000 	C:\WINDOWS\SYSTEM32\VCOMP140.DLL
0x00007ffc46e60000 - 0x00007ffc46e87000 	C:\WINDOWS\SYSTEM32\bcrypt.dll
0x00007ffc49d50000 - 0x00007ffc49da6000 	C:\WINDOWS\System32\WLDAP32.dll
0x00007ffc47880000 - 0x00007ffc478e6000 	C:\WINDOWS\System32\WINTRUST.dll
0x00007ffc49bd0000 - 0x00007ffc49bd8000 	C:\WINDOWS\System32\Normaliz.dll
0x00007ffc3e800000 - 0x00007ffc3e80c000 	C:\Xilinx\Vivado\2020.2\lib\win64.o\libboost_chrono.dll
0x00007ffc22fe0000 - 0x00007ffc23003000 	C:\Xilinx\Vivado\2020.2\lib\win64.o\libisl_iosutils.dll
0x00007ffc21b10000 - 0x00007ffc21b26000 	C:\Xilinx\Vivado\2020.2\lib\win64.o\libboost_iostreams.dll
0x00007ffc407b0000 - 0x00007ffc40a62000 	C:\WINDOWS\SYSTEM32\iertutil.dll
0x00007ffc40b00000 - 0x00007ffc40b28000 	C:\WINDOWS\SYSTEM32\srvcli.dll
0x00007ffc461c0000 - 0x00007ffc461cc000 	C:\WINDOWS\SYSTEM32\netutils.dll
0x00007ffc2c260000 - 0x00007ffc2c312000 	C:\WINDOWS\WinSxS\amd64_microsoft.windows.common-controls_6595b64144ccf1df_5.82.22000.1_none_271a8fad6a2d1b1e\COMCTL32.dll
0x00007ffc42e70000 - 0x00007ffc42e8e000 	C:\WINDOWS\SYSTEM32\dhcpcsvc.DLL
0x00007ffc46aa0000 - 0x00007ffc46b07000 	C:\WINDOWS\SYSTEM32\MSWSOCK.DLL
0x00007ffc49930000 - 0x00007ffc49961000 	C:\WINDOWS\System32\IMM32.DLL
0x00007ffc46d40000 - 0x00007ffc46d52000 	C:\WINDOWS\SYSTEM32\MSASN1.dll
0x00007ffc46690000 - 0x00007ffc466a8000 	C:\WINDOWS\SYSTEM32\kernel.appcore.dll
0x00007ffbd24b0000 - 0x00007ffbd29d2000 	C:\Xilinx\Vivado\2020.2\lib\win64.o\librdi_commontasks.dll
0x00007ffc3f830000 - 0x00007ffc3f83a000 	C:\WINDOWS\SYSTEM32\VERSION.dll
0x00007ffbbdae0000 - 0x00007ffbbe603000 	C:\Xilinx\Vivado\2020.2\tps\win64\jre11.0.2\bin\server\jvm.dll
0x00007ffc01130000 - 0x00007ffc01405000 	C:\Xilinx\Vivado\2020.2\lib\win64.o\librdi_sio.dll
0x00007ffc461d0000 - 0x00007ffc461fd000 	C:\WINDOWS\SYSTEM32\IPHLPAPI.DLL
0x00007ffc487c0000 - 0x00007ffc487c8000 	C:\WINDOWS\System32\PSAPI.DLL
0x00007ffc41460000 - 0x00007ffc41493000 	C:\WINDOWS\SYSTEM32\WINMM.dll
0x00007ffc45630000 - 0x00007ffc45e97000 	C:\WINDOWS\SYSTEM32\windows.storage.dll
0x00007ffc454c0000 - 0x00007ffc45626000 	C:\WINDOWS\SYSTEM32\wintypes.dll
0x00007ffbadae0000 - 0x00007ffbb059e000 	C:\Xilinx\Vivado\2020.2\lib\win64.o\librdi_tcltasks.dll
0x00007ffbbd630000 - 0x00007ffbbdad6000 	C:\Xilinx\Vivado\2020.2\lib\win64.o\librdi_bitstream.dll
0x00007ffc21a10000 - 0x00007ffc21a8e000 	C:\Xilinx\Vivado\2020.2\lib\win64.o\librdi_boarddep.dll
0x00007ffc20570000 - 0x00007ffc20723000 	C:\Xilinx\Vivado\2020.2\lib\win64.o\librdi_board.dll
0x00007ffc20410000 - 0x00007ffc20506000 	C:\Xilinx\Vivado\2020.2\lib\win64.o\librdi_chipscope.dll
0x00007ffbfe4c0000 - 0x00007ffbfe621000 	C:\Xilinx\Vivado\2020.2\lib\win64.o\librdi_containers.dll
0x00007ffc0b1d0000 - 0x00007ffc0b3ba000 	C:\Xilinx\Vivado\2020.2\lib\win64.o\librdi_chipscopeimpl.dll
0x00007ffbabcb0000 - 0x00007ffbadadc000 	C:\Xilinx\Vivado\2020.2\lib\win64.o\librdi_constraints.dll
0x00007ffba98f0000 - 0x00007ffbabcad000 	C:\Xilinx\Vivado\2020.2\lib\win64.o\librdi_coregen.dll
0x00007ffba7b80000 - 0x00007ffba98e1000 	C:\Xilinx\Vivado\2020.2\lib\win64.o\librdi_designutils.dll
0x00007ffbd64a0000 - 0x00007ffbd6808000 	C:\Xilinx\Vivado\2020.2\lib\win64.o\librdi_dlyest.dll
0x00007ffb8f5a0000 - 0x00007ffba7b7f000 	C:\Xilinx\Vivado\2020.2\lib\win64.o\librdi_device.dll
0x00007ffbbcf10000 - 0x00007ffbbd628000 	C:\Xilinx\Vivado\2020.2\lib\win64.o\librdi_coregenipxact.dll
0x00007ffbbc8b0000 - 0x00007ffbbcf0d000 	C:\Xilinx\Vivado\2020.2\lib\win64.o\librdi_drc.dll
0x00007ffc01a00000 - 0x00007ffc01ab3000 	C:\Xilinx\Vivado\2020.2\lib\win64.o\librdi_dsp.dll
0x00007ffbd4720000 - 0x00007ffbd4a3d000 	C:\Xilinx\Vivado\2020.2\lib\win64.o\librdi_guitools.dll
0x00007ffbb0ef0000 - 0x00007ffbb15b2000 	C:\Xilinx\Vivado\2020.2\lib\win64.o\librdi_filemgmt.dll
0x00007ffc20be0000 - 0x00007ffc20c4b000 	C:\Xilinx\Vivado\2020.2\lib\win64.o\librdi_hdf.dll
0x00007ffbd36e0000 - 0x00007ffbd3827000 	C:\Xilinx\Vivado\2020.2\lib\win64.o\librdi_hip_perf_analysis.dll
0x00007ffbf9b20000 - 0x00007ffbf9d97000 	C:\Xilinx\Vivado\2020.2\lib\win64.o\librdi_hip_devdesign.dll
0x00007ffb8d9c0000 - 0x00007ffb8f594000 	C:\Xilinx\Vivado\2020.2\lib\win64.o\librdi_implflow.dll
0x00007ffbb08a0000 - 0x00007ffbb0eec000 	C:\Xilinx\Vivado\2020.2\lib\win64.o\librdi_memdata.dll
0x00007ffc20390000 - 0x00007ffc20402000 	C:\Xilinx\Vivado\2020.2\lib\win64.o\librdi_memoryarray.dll
0x00007ffb8b570000 - 0x00007ffb8d9b4000 	C:\Xilinx\Vivado\2020.2\lib\win64.o\librdi_mig.dll
0x00007ffb8ae40000 - 0x00007ffb8b56c000 	C:\Xilinx\Vivado\2020.2\lib\win64.o\librdi_netlist.dll
0x00007ffc21010000 - 0x00007ffc21064000 	C:\Xilinx\Vivado\2020.2\lib\win64.o\librdi_pfi.dll
0x00007ffb87410000 - 0x00007ffb8a617000 	C:\Xilinx\Vivado\2020.2\lib\win64.o\librdi_place.dll
0x00007ffbbc510000 - 0x00007ffbbc8ae000 	C:\Xilinx\Vivado\2020.2\lib\win64.o\librdi_platform.dll
0x00007ffb8a620000 - 0x00007ffb8ae37000 	C:\Xilinx\Vivado\2020.2\lib\win64.o\librdi_power.dll
0x00007ffb86d90000 - 0x00007ffb87404000 	C:\Xilinx\Vivado\2020.2\lib\win64.o\librdi_project.dll
0x00007ffb86660000 - 0x00007ffb86d82000 	C:\Xilinx\Vivado\2020.2\lib\win64.o\librdi_psta.dll
0x00007ffb85e50000 - 0x00007ffb8665c000 	C:\Xilinx\Vivado\2020.2\lib\win64.o\librdi_rsb.dll
0x00007ffb85920000 - 0x00007ffb85e4b000 	C:\Xilinx\Vivado\2020.2\lib\win64.o\librdi_runs.dll
0x00007ffbe0720000 - 0x00007ffbe0829000 	C:\Xilinx\Vivado\2020.2\lib\win64.o\librdi_runsbase.dll
0x00007ffb84990000 - 0x00007ffb85911000 	C:\Xilinx\Vivado\2020.2\lib\win64.o\librdi_timing.dll
0x00007ffbcd8a0000 - 0x00007ffbcdb14000 	C:\Xilinx\Vivado\2020.2\lib\win64.o\librdi_simdata.dll
0x00007ffbd6380000 - 0x00007ffbd6496000 	C:\Xilinx\Vivado\2020.2\lib\win64.o\librdi_xhub.dll
0x00007ffc0a290000 - 0x00007ffc0a337000 	C:\Xilinx\Vivado\2020.2\lib\win64.o\librdi_xhubtasks.dll
0x00007ffbd22c0000 - 0x00007ffbd24ab000 	C:\Xilinx\Vivado\2020.2\lib\win64.o\librdi_advchipscopeimpl.dll
0x00007ffc200e0000 - 0x00007ffc20127000 	C:\Xilinx\Vivado\2020.2\lib\win64.o\libboost_serialization.dll
0x00007ffc09a90000 - 0x00007ffc09ad6000 	C:\Xilinx\Vivado\2020.2\lib\win64.o\libboost_graph.dll
0x00007ffbff0f0000 - 0x00007ffbff1b6000 	C:\Xilinx\Vivado\2020.2\lib\win64.o\librdi_bda.dll
0x00007ffbdb940000 - 0x00007ffbdba2b000 	C:\Xilinx\Vivado\2020.2\lib\win64.o\librdi_ipconfig_readwrite.dll
0x00007ffc0c340000 - 0x00007ffc0c3aa000 	C:\Xilinx\Vivado\2020.2\lib\win64.o\librdi_noc_frameworks.dll
0x00007ffb84220000 - 0x00007ffb84987000 	C:\Xilinx\Vivado\2020.2\lib\win64.o\librdi_ippcw.dll
0x00007ffb833c0000 - 0x00007ffb83f16000 	C:\Xilinx\Vivado\2020.2\lib\win64.o\libverific.dll

dbghelp: loaded successfully - version: 4.0.5 - missing functions: none
symbol engine: initialized successfully - sym options: 0x614 - pdb path: .;C:\Xilinx\Vivado\2020.2\bin\unwrapped\win64.o;C:\WINDOWS\SYSTEM32;C:\Xilinx\Vivado\2020.2\lib\win64.o;C:\WINDOWS\WinSxS\amd64_microsoft.windows.common-controls_6595b64144ccf1df_5.82.22000.1_none_271a8fad6a2d1b1e;C:\Xilinx\Vivado\2020.2\tps\win64\jre11.0.2\bin\server;C:\Users\erosc\AppData\Local\Programs\Python\Python38;C:\Xilinx\Vivado\2020.2\tps\win64\jre11.0.2\bin;C:\ProgramData\A-Volute\A-Volute.Nahimic\Modules\Scheduled\x64;C:\WINDOWS\WinSxS\amd64_microsoft.windows.common-controls_6595b64144ccf1df_6.0.22000.120_none_9d947278b86cc467;C:\Xilinx\Vivado\2020.2\tps\win64\javafx-sdk-11.0.2\bin;C:\Windows\System32\DriverStore\FileRepository\iigd_dch.inf_amd64_3e62be9c39fb0007

VM Arguments:
jvm_args: -Dsun.java2d.pmoffscreen=false -Dhttps.protocols=TLSv1,TLSv1.1,TLSv1.2 -Dsun.java2d.xrender=false -Dsun.java2d.d3d=false -Dsun.awt.nopixfmt=true -Dsun.java2d.dpiaware=true -Dsun.java2d.uiScale.enabled=false -Xverify:none -Dswing.aatext=true -XX:-UsePerfData -Djdk.map.althashing.threshold=512 -XX:StringTableSize=4072 --add-opens=java.base/java.nio=ALL-UNNAMED --add-opens=java.desktop/sun.swing=ALL-UNNAMED --add-opens=java.desktop/javax.swing=ALL-UNNAMED --add-opens=java.desktop/javax.swing.tree=ALL-UNNAMED --add-opens=java.desktop/javax.swing.plaf.basic=ALL-UNNAMED --add-opens=java.desktop/javax.swing.plaf.synth=ALL-UNNAMED --add-opens=java.desktop/com.sun.awt=ALL-UNNAMED -XX:NewSize=60m -XX:MaxNewSize=60m -Xms128m -Xmx3072m -Xss5m 
java_command: <unknown>
java_class_path (initial): C:/Xilinx/Vivado/2020.2\lib\classes\alloy.jar;C:/Xilinx/Vivado/2020.2\lib\classes\ArchiveSummary.jar;C:/Xilinx/Vivado/2020.2\lib\classes\autoesl-models.jar;C:/Xilinx/Vivado/2020.2\lib\classes\autopilot.scelaborator.jar;C:/Xilinx/Vivado/2020.2\lib\classes\autopilot.sourceprocessor.jar;C:/Xilinx/Vivado/2020.2\lib\classes\autopilot.tbprocessor.jar;C:/Xilinx/Vivado/2020.2\lib\classes\batik-anim.jar;C:/Xilinx/Vivado/2020.2\lib\classes\batik-awt-util.jar;C:/Xilinx/Vivado/2020.2\lib\classes\batik-bridge.jar;C:/Xilinx/Vivado/2020.2\lib\classes\batik-codec.jar;C:/Xilinx/Vivado/2020.2\lib\classes\batik-css.jar;C:/Xilinx/Vivado/2020.2\lib\classes\batik-dom.jar;C:/Xilinx/Vivado/2020.2\lib\classes\batik-ext.jar;C:/Xilinx/Vivado/2020.2\lib\classes\batik-gui-util.jar;C:/Xilinx/Vivado/2020.2\lib\classes\batik-gvt.jar;C:/Xilinx/Vivado/2020.2\lib\classes\batik-parser.jar;C:/Xilinx/Vivado/2020.2\lib\classes\batik-script.jar;C:/Xilinx/Vivado/2020.2\lib\classes\batik-svg-dom.jar;C:/Xilinx/Vivado/2020.2\lib\classes\batik-swing.jar;C:/Xilinx/Vivado/2020.2\lib\classes\batik-transcoder.jar;C:/Xilinx/Vivado/2020.2\lib\classes\batik-util.jar;C:/Xilinx/Vivado/2020.2\lib\classes\batik-xml.jar;C:/Xilinx/Vivado/2020.2\lib\classes\com.google.gson_2.8.2.v20180104-1110.jar;C:/Xilinx/Vivado/2020.2\lib\classes\com.google.guava_27.1.0.v20190517-1946.jar;C:/Xilinx/Vivado/2020.2\lib\classes\com.ibm.icu_4.4.2.v20110208.jar;C:/Xilinx/Vivado/2020.2\lib\classes\com.sigasi.hdt.connection_4.9.0.202009050929.jar;C:/Xilinx/Vivado/2020.2\lib\classes\com.sigasi.hdt.epl_4.9.0.202009050929.jar;C:/Xilinx/Vivado/2020.2\lib\classes\com.sigasi.hdt.project_4.9.0.202009050929.jar;C:/Xilinx/Vivado/2020.2\lib\classes\com.sigasi.hdt.readonlyfilesystem_4.9.0.202009050929.jar;C:/Xilinx/Vivado/2020.2\lib\classes\com.sigasi.lcm_4.9.0.202009050929.jar;C:/Xilinx/Vivado/2020.2\lib\classes\com.sigasi.sdk.client_4.9.0.202009050929.jar;C:/Xilinx/Vivado/2020.2\lib\classes\com.xilinx.hls.services.jar;C:/Xili
Launcher Type: generic

[Global flags]
     bool BytecodeVerificationLocal                = false                                     {product} {command line}
     bool BytecodeVerificationRemote               = false                                     {product} {command line}
     intx CICompilerCount                          = 4                                         {product} {ergonomic}
     uint ConcGCThreads                            = 3                                         {product} {ergonomic}
     uint G1ConcRefinementThreads                  = 10                                        {product} {ergonomic}
   size_t G1HeapRegionSize                         = 1048576                                   {product} {ergonomic}
    uintx GCDrainStackTargetSize                   = 64                                        {product} {ergonomic}
   size_t InitialHeapSize                          = 134217728                                 {product} {command line}
   size_t MarkStackSize                            = 4194304                                   {product} {ergonomic}
   size_t MaxHeapSize                              = 3221225472                                {product} {command line}
   size_t MaxNewSize                               = 62914560                                  {product} {command line}
   size_t MinHeapDeltaBytes                        = 1048576                                   {product} {ergonomic}
   size_t NewSize                                  = 62914560                                  {product} {command line}
    uintx NonNMethodCodeHeapSize                   = 5835340                                {pd product} {ergonomic}
    uintx NonProfiledCodeHeapSize                  = 122911450                              {pd product} {ergonomic}
    uintx ProfiledCodeHeapSize                     = 122911450                              {pd product} {ergonomic}
    uintx ReservedCodeCacheSize                    = 251658240                              {pd product} {ergonomic}
     bool SegmentedCodeCache                       = true                                      {product} {ergonomic}
    uintx StringTableSize                          = 4072                                      {product} {command line}
     intx ThreadStackSize                          = 5120                                   {pd product} {command line}
     bool UseCompressedClassPointers               = true                                 {lp64_product} {ergonomic}
     bool UseCompressedOops                        = true                                 {lp64_product} {ergonomic}
     bool UseG1GC                                  = true                                      {product} {ergonomic}
     bool UseLargePagesIndividualAllocation        = false                                  {pd product} {ergonomic}
     bool UsePerfData                              = false                                     {product} {command line}

Logging:
Log output configuration:
 #0: stdout all=warning uptime,level,tags
 #1: stderr all=off uptime,level,tags

Environment Variables:
PATH=C:/Xilinx/Vivado/2020.2\gnuwin\bin;C:/Xilinx/Vivado/2020.2\gnu\microblaze\nt\bin;C:/Xilinx/Vivado/2020.2/bin;C:/Xilinx/Vivado/2020.2/tps/win64/javafx-sdk-11.0.2/lib;C:/Xilinx/Vivado/2020.2/tps/win64/javafx-sdk-11.0.2/bin;C:/Xilinx/Vivado/2020.2/lib/win64.o;C:/Xilinx/Vivado/2020.2/tps/win64/jre11.0.2/bin/server;C:/Xilinx/Vivado/2020.2/tps/win64/jre11.0.2/bin;C:/Xilinx/Vivado/2020.2/ids_lite/ISE/bin/nt64;C:/Xilinx/Vivado/2020.2/ids_lite/ISE/lib/nt64;C:/Xilinx/Vitis_HLS/2020.2/bin;C:\Program Files (x86)\VMware\VMware Player\bin\;C:\Windows\system32;C:\Windows;C:\Windows\System32\Wbem;C:\Windows\System32\WindowsPowerShell\v1.0\;C:\Windows\System32\OpenSSH\;C:\Program Files (x86)\NVIDIA Corporation\PhysX\Common;C:\Program Files\NVIDIA Corporation\NVIDIA NvDLISR;C:\Program Files\MATLAB\R2020b\runtime\win64;C:\Program Files\MATLAB\R2020b\bin;C:\Program Files\MiKTeX\miktex\bin\x64\;C:\Program Files\AutoFirma\AutoFirma;C:\Users\erosc\AppData\Local\Programs\Python\Python38\Scripts\;C:\Users\erosc\AppData\Local\Programs\Python\Python38\;C:\Users\erosc\AppData\Local\Microsoft\WindowsApps;C:\Program Files\JetBrains\PyCharm Community Edition 2020.3.3\bin;;C:\Program Files (x86)\Nmap;C:\MinGW\bin;C:/Xilinx/Vivado/2020.2\tps\mingw\6.2.0\win64.o\nt\bin;C:/Xilinx/Vivado/2020.2\tps\mingw\6.2.0\win64.o\nt\libexec\gcc\x86_64-w64-mingw32\6.2.0;C:/Xilinx/Vivado/2020.2\tps\win64\python-3.8.3;C:/Xilinx/Vivado/2020.2\tps\win64\python-3.8.3\bin;C:/Xilinx/Vivado/2020.2\tps\win64\python-3.8.3\lib;C:/Xilinx/Vivado/2020.2\tps\win64\python-3.8.3\lib\site-packages
USERNAME=erosc
OS=Windows_NT
PROCESSOR_IDENTIFIER=Intel64 Family 6 Model 165 Stepping 2, GenuineIntel



---------------  S Y S T E M  ---------------

OS: Windows 10 , 64 bit Build 22000 (10.0.22000.318)

CPU:total 12 (initial active 12) (6 cores per cpu, 2 threads per core) family 6 model 165 stepping 2, cmov, cx8, fxsr, mmx, sse, sse2, sse3, ssse3, sse4.1, sse4.2, popcnt, avx, avx2, aes, clmul, erms, 3dnowpref, lzcnt, ht, tsc, tscinvbit, bmi1, bmi2, adx, fma

Memory: 4k page, system-wide physical 32584M (20767M free)
TotalPageFile size 37448M (AvailPageFile size 24536M)
current process WorkingSet (physical memory assigned to process): 1715M, peak: 1728M
current process commit charge ("private bytes"): 1688M, peak: 1713M

vm_info: OpenJDK 64-Bit Server VM (11.0.2+9) for windows-amd64 JRE (11.0.2+9), built on Jan 18 2019 05:23:22 by "mach5one" with MS VC++ 15.5 (VS2017)

END.
