#-----------------------------------------------------------
# Vivado v2020.2 (64-bit)
# SW Build 3064766 on Wed Nov 18 09:12:45 MST 2020
# IP Build 3064653 on Wed Nov 18 14:17:31 MST 2020
# Start of session at: Fri Aug 12 00:21:51 2022
# Process ID: 23360
# Current directory: C:/Users/erosc/Desktop/Vivado/MS2XS_01.xpr/MS2XS_01
# Command line: vivado.exe -gui_launcher_event rodinguilauncherevent4996 C:\Users\erosc\Desktop\Vivado\MS2XS_01.xpr\MS2XS_01\MS2XS_01.xpr
# Log file: C:/Users/erosc/Desktop/Vivado/MS2XS_01.xpr/MS2XS_01/vivado.log
# Journal file: C:/Users/erosc/Desktop/Vivado/MS2XS_01.xpr/MS2XS_01\vivado.jou
#-----------------------------------------------------------
start_gui
open_project C:/Users/erosc/Desktop/Vivado/MS2XS_01.xpr/MS2XS_01/MS2XS_01.xpr
Scanning sources...
Finished scanning sources
INFO: [IP_Flow 19-234] Refreshing IP repositories
WARNING: [IP_Flow 19-3685] Ignored loading user repository 'c:/Users/erosc/Desktop/Vivado/MS2XS_01.xpr/MS2XS_01/MS2XS_01.ipdefs/ntru_ip_repo_0/SEL_AXI_IN_1.0'. The path is contained within another repository.
INFO: [IP_Flow 19-1700] Loaded user IP repository 'c:/Users/erosc/Desktop/Vivado/MS2XS_01.xpr/MS2XS_01/MS2XS_01.ipdefs/ntru_ip_repo_0'.
INFO: [IP_Flow 19-2313] Loaded Vivado IP repository 'C:/Xilinx/Vivado/2020.2/data/ip'.
open_project: Time (s): cpu = 00:00:19 ; elapsed = 00:00:13 . Memory (MB): peak = 1125.465 ; gain = 18.781
update_compile_order -fileset sources_1
set_property  ip_repo_paths  {c:/Users/erosc/Desktop/Vivado/MS2XS_01.xpr/MS2XS_01/MS2XS_01.ipdefs/ntru_ip_repo_0/SEL_AXI_IN_1.0 c:/Users/erosc/Desktop/Vivado/MS2XS_01.xpr/MS2XS_01/MS2XS_01.ipdefs/ntru_ip_repo_0 C:/Users/erosc/Desktop/Vivado/SHA_2_Implementations/SHA2_512_1.0} [current_project]
update_ip_catalog
INFO: [IP_Flow 19-234] Refreshing IP repositories
WARNING: [IP_Flow 19-3685] Ignored loading user repository 'c:/Users/erosc/Desktop/Vivado/MS2XS_01.xpr/MS2XS_01/MS2XS_01.ipdefs/ntru_ip_repo_0/SEL_AXI_IN_1.0'. The path is contained within another repository.
INFO: [IP_Flow 19-1700] Loaded user IP repository 'c:/Users/erosc/Desktop/Vivado/MS2XS_01.xpr/MS2XS_01/MS2XS_01.ipdefs/ntru_ip_repo_0'.
INFO: [IP_Flow 19-1700] Loaded user IP repository 'c:/Users/erosc/Desktop/Vivado/SHA_2_Implementations/SHA2_512_1.0'.
update_ip_catalog -add_ip C:/Users/erosc/Desktop/Vivado/SHA_2_Implementations/SHA2_512_1.0/component.xml -repo_path c:/Users/erosc/Desktop/Vivado/SHA_2_Implementations/SHA2_512_1.0
INFO: [IP_Flow 19-1655] Copied IP 'xilinx.com:user:SHA2_512:1.0' into repository 'c:/Users/erosc/Desktop/Vivado/SHA_2_Implementations/SHA2_512_1.0' at c:/Users/erosc/Desktop/Vivado/SHA_2_Implementations/SHA2_512_1.0/SHA2_512_1.
INFO: [IP_Flow 19-725] Reloaded user IP repository 'c:/Users/erosc/Desktop/Vivado/SHA_2_Implementations/SHA2_512_1.0'
WARNING: [IP_Flow 19-1663] Duplicate IP found for 'xilinx.com:user:SHA2_512:1.0'. The one found in IP location 'c:/Users/erosc/Desktop/Vivado/SHA_2_Implementations/SHA2_512_1.0' will take precedence over the same IP in location c:/Users/erosc/Desktop/Vivado/SHA_2_Implementations/SHA2_512_1.0/SHA2_512_1
update_ip_catalog -add_ip C:/Users/erosc/Desktop/Vivado/SHA_2_Implementations/SHA2_512_1.0/component.xml -repo_path c:/Users/erosc/Desktop/Vivado/SHA_2_Implementations/SHA2_512_1.0
INFO: [IP_Flow 19-1655] Copied IP 'xilinx.com:user:SHA2_512:1.0' into repository 'c:/Users/erosc/Desktop/Vivado/SHA_2_Implementations/SHA2_512_1.0' at c:/Users/erosc/Desktop/Vivado/SHA_2_Implementations/SHA2_512_1.0/SHA2_512_1_1.
INFO: [IP_Flow 19-725] Reloaded user IP repository 'c:/Users/erosc/Desktop/Vivado/SHA_2_Implementations/SHA2_512_1.0'
WARNING: [IP_Flow 19-1663] Duplicate IP found for 'xilinx.com:user:SHA2_512:1.0'. The one found in IP location 'c:/Users/erosc/Desktop/Vivado/SHA_2_Implementations/SHA2_512_1.0' will take precedence over the same IP in locations: 
   c:/Users/erosc/Desktop/Vivado/SHA_2_Implementations/SHA2_512_1.0/SHA2_512_1
   c:/Users/erosc/Desktop/Vivado/SHA_2_Implementations/SHA2_512_1.0/SHA2_512_1_1
update_ip_catalog -rebuild
INFO: [IP_Flow 19-234] Refreshing IP repositories
WARNING: [IP_Flow 19-3685] Ignored loading user repository 'c:/Users/erosc/Desktop/Vivado/MS2XS_01.xpr/MS2XS_01/MS2XS_01.ipdefs/ntru_ip_repo_0/SEL_AXI_IN_1.0'. The path is contained within another repository.
INFO: [IP_Flow 19-1700] Loaded user IP repository 'c:/Users/erosc/Desktop/Vivado/MS2XS_01.xpr/MS2XS_01/MS2XS_01.ipdefs/ntru_ip_repo_0'.
INFO: [IP_Flow 19-1700] Loaded user IP repository 'c:/Users/erosc/Desktop/Vivado/SHA_2_Implementations/SHA2_512_1.0'.
WARNING: [IP_Flow 19-1663] Duplicate IP found for 'xilinx.com:user:SHA2_512:1.0'. The one found in IP location 'c:/Users/erosc/Desktop/Vivado/SHA_2_Implementations/SHA2_512_1.0' will take precedence over the same IP in locations: 
   c:/Users/erosc/Desktop/Vivado/SHA_2_Implementations/SHA2_512_1.0/SHA2_512_1
   c:/Users/erosc/Desktop/Vivado/SHA_2_Implementations/SHA2_512_1.0/SHA2_512_1_1
set_property  ip_repo_paths  {c:/Users/erosc/Desktop/Vivado/MS2XS_01.xpr/MS2XS_01/MS2XS_01.ipdefs/ntru_ip_repo_0/SEL_AXI_IN_1.0 c:/Users/erosc/Desktop/Vivado/MS2XS_01.xpr/MS2XS_01/MS2XS_01.ipdefs/ntru_ip_repo_0} [current_project]
update_ip_catalog
INFO: [IP_Flow 19-234] Refreshing IP repositories
WARNING: [IP_Flow 19-3685] Ignored loading user repository 'c:/Users/erosc/Desktop/Vivado/MS2XS_01.xpr/MS2XS_01/MS2XS_01.ipdefs/ntru_ip_repo_0/SEL_AXI_IN_1.0'. The path is contained within another repository.
INFO: [IP_Flow 19-1700] Loaded user IP repository 'c:/Users/erosc/Desktop/Vivado/MS2XS_01.xpr/MS2XS_01/MS2XS_01.ipdefs/ntru_ip_repo_0'.
set_property  ip_repo_paths  {c:/Users/erosc/Desktop/Vivado/MS2XS_01.xpr/MS2XS_01/MS2XS_01.ipdefs/ntru_ip_repo_0/SEL_AXI_IN_1.0 c:/Users/erosc/Desktop/Vivado/MS2XS_01.xpr/MS2XS_01/MS2XS_01.ipdefs/ntru_ip_repo_0 C:/Users/erosc/Desktop/Vivado/SHA_2_Implementations} [current_project]
update_ip_catalog
INFO: [IP_Flow 19-234] Refreshing IP repositories
WARNING: [IP_Flow 19-3685] Ignored loading user repository 'c:/Users/erosc/Desktop/Vivado/MS2XS_01.xpr/MS2XS_01/MS2XS_01.ipdefs/ntru_ip_repo_0/SEL_AXI_IN_1.0'. The path is contained within another repository.
INFO: [IP_Flow 19-1700] Loaded user IP repository 'c:/Users/erosc/Desktop/Vivado/MS2XS_01.xpr/MS2XS_01/MS2XS_01.ipdefs/ntru_ip_repo_0'.
INFO: [IP_Flow 19-1700] Loaded user IP repository 'c:/Users/erosc/Desktop/Vivado/SHA_2_Implementations'.
update_ip_catalog -rebuild
INFO: [IP_Flow 19-234] Refreshing IP repositories
WARNING: [IP_Flow 19-3685] Ignored loading user repository 'c:/Users/erosc/Desktop/Vivado/MS2XS_01.xpr/MS2XS_01/MS2XS_01.ipdefs/ntru_ip_repo_0/SEL_AXI_IN_1.0'. The path is contained within another repository.
INFO: [IP_Flow 19-1700] Loaded user IP repository 'c:/Users/erosc/Desktop/Vivado/MS2XS_01.xpr/MS2XS_01/MS2XS_01.ipdefs/ntru_ip_repo_0'.
INFO: [IP_Flow 19-1700] Loaded user IP repository 'c:/Users/erosc/Desktop/Vivado/SHA_2_Implementations'.
open_bd_design {C:/Users/erosc/Desktop/Vivado/MS2XS_01.xpr/MS2XS_01/MS2XS_01.srcs/sources_1/bd/BD/BD.bd}
Reading block design file <C:/Users/erosc/Desktop/Vivado/MS2XS_01.xpr/MS2XS_01/MS2XS_01.srcs/sources_1/bd/BD/BD.bd>...
Adding component instance block -- xilinx.com:ip:processing_system7:5.5 - processing_system7_0
WARNING: [BD 41-176] The physical port 'M_AXI_GP0_aximm_wr_socket' specified in the portmap, is not found on the block! 
WARNING: [BD 41-176] The physical port 'M_AXI_GP0_aximm_rd_socket' specified in the portmap, is not found on the block! 
WARNING: [BD 41-176] The physical port 'S_AXI_HP0_aximm_wr_socket' specified in the portmap, is not found on the block! 
WARNING: [BD 41-176] The physical port 'S_AXI_HP0_aximm_rd_socket' specified in the portmap, is not found on the block! 
Adding component instance block -- xilinx.com:ip:axi_dma:7.1 - axi_dma_0
Adding component instance block -- xilinx.com:ip:smartconnect:1.0 - axi_smc
Adding component instance block -- xilinx.com:ip:axi_interconnect:2.1 - ps7_0_axi_periph
Adding component instance block -- xilinx.com:ip:axi_crossbar:2.1 - xbar
Adding component instance block -- xilinx.com:ip:axi_protocol_converter:2.1 - auto_pc
Adding component instance block -- xilinx.com:ip:proc_sys_reset:5.0 - rst_ps7_0_100M
Adding component instance block -- IMSE-CNM:HwSec:ms2xs_mult11bit:1.0 - ms2xs_mult11bit_0
Adding component instance block -- IMSE-CNM:HwSec:ms2xs:8.0 - ms2xs_0
Adding component instance block -- xilinx.com:ip:system_ila:1.1 - system_ila_0
Adding component instance block -- xilinx.com:ip:axis_switch:1.1 - axis_switch_0
Adding component instance block -- xilinx.com:ip:axis_switch:1.1 - axis_switch_1
Successfully read diagram <BD> from block design file <C:/Users/erosc/Desktop/Vivado/MS2XS_01.xpr/MS2XS_01/MS2XS_01.srcs/sources_1/bd/BD/BD.bd>
open_bd_design: Time (s): cpu = 00:00:10 ; elapsed = 00:00:10 . Memory (MB): peak = 1378.949 ; gain = 131.852
exit
INFO: [Common 17-206] Exiting Vivado at Fri Aug 12 01:32:23 2022...
