#-----------------------------------------------------------
# Vivado v2020.2 (64-bit)
# SW Build 3064766 on Wed Nov 18 09:12:45 MST 2020
# IP Build 3064653 on Wed Nov 18 14:17:31 MST 2020
# Start of session at: Tue Aug  9 10:05:06 2022
# Process ID: 1948
# Current directory: C:/Users/erosc/Desktop/Vivado/MS2XS_01.xpr/MS2XS_01/MS2XS_01.ipdefs/ntru_ip_repo_0/ms2xs_mult11bit_v1_0_project/ms2xs_mult11bit_v1_0_project
# Command line: vivado.exe -gui_launcher_event rodinguilauncherevent3468 C:\Users\erosc\Desktop\Vivado\MS2XS_01.xpr\MS2XS_01\MS2XS_01.ipdefs\ntru_ip_repo_0\ms2xs_mult11bit_v1_0_project\ms2xs_mult11bit_v1_0_project\ms2xs_mult11bit_v1_0_project.xpr
# Log file: C:/Users/erosc/Desktop/Vivado/MS2XS_01.xpr/MS2XS_01/MS2XS_01.ipdefs/ntru_ip_repo_0/ms2xs_mult11bit_v1_0_project/ms2xs_mult11bit_v1_0_project/vivado.log
# Journal file: C:/Users/erosc/Desktop/Vivado/MS2XS_01.xpr/MS2XS_01/MS2XS_01.ipdefs/ntru_ip_repo_0/ms2xs_mult11bit_v1_0_project/ms2xs_mult11bit_v1_0_project\vivado.jou
#-----------------------------------------------------------
start_gui
open_project C:/Users/erosc/Desktop/Vivado/MS2XS_01.xpr/MS2XS_01/MS2XS_01.ipdefs/ntru_ip_repo_0/ms2xs_mult11bit_v1_0_project/ms2xs_mult11bit_v1_0_project/ms2xs_mult11bit_v1_0_project.xpr
INFO: [ProjectBase 1-489] The host OS only allows 260 characters in a normal path. The project is stored in a path with more than 80 characters. If you experience issues with IP, Block Designs, or files not being found, please consider moving the project to a location with a shorter path. Alternately consider using the OS subst command to map part of the path to a drive letter.
Current project path is 'C:/Users/erosc/Desktop/Vivado/MS2XS_01.xpr/MS2XS_01/MS2XS_01.ipdefs/ntru_ip_repo_0/ms2xs_mult11bit_v1_0_project/ms2xs_mult11bit_v1_0_project'
WARNING: [filemgmt 56-3] Default IP Output Path : Could not find the directory 'C:/Users/erosc/Desktop/Vivado/MS2XS_01.xpr/MS2XS_01/MS2XS_01.ipdefs/ntru_ip_repo_0/ms2xs_mult11bit_v1_0_project/ms2xs_mult11bit_v1_0_project/ms2xs_mult11bit_v1_0_project.gen/sources_1'.
Scanning sources...
Finished scanning sources
INFO: [IP_Flow 19-234] Refreshing IP repositories
WARNING: [IP_Flow 19-3685] Ignored loading user repository 'c:/Users/erosc/Desktop/Vivado/MS2XS_01.xpr/MS2XS_01/MS2XS_01.ipdefs/ntru_ip_repo_0/SEL_AXI_IN_1.0'. The path is contained within another repository.
INFO: [IP_Flow 19-1700] Loaded user IP repository 'c:/Users/erosc/Desktop/Vivado/MS2XS_01.xpr/MS2XS_01/MS2XS_01.ipdefs/ntru_ip_repo_0'.
WARNING: [IP_Flow 19-3656] If you move the project, the path for repository 'c:/Users/erosc/Desktop/Vivado/MS2XS_01.xpr/MS2XS_01/MS2XS_01.ipdefs/ntru_ip_repo_0' may become invalid. A better location for the repository would be in a path adjacent to the project. (Current project location is 'c:/Users/erosc/Desktop/Vivado/MS2XS_01.xpr/MS2XS_01/MS2XS_01.ipdefs/ntru_ip_repo_0/ms2xs_mult11bit_v1_0_project/ms2xs_mult11bit_v1_0_project'.)
INFO: [IP_Flow 19-2313] Loaded Vivado IP repository 'C:/Xilinx/Vivado/2020.2/data/ip'.
open_project: Time (s): cpu = 00:00:13 ; elapsed = 00:00:05 . Memory (MB): peak = 1106.402 ; gain = 0.000
update_compile_order -fileset sources_1
ipx::open_ipxact_file C:/Users/erosc/Desktop/Vivado/MS2XS_01.xpr/MS2XS_01/MS2XS_01.ipdefs/ntru_ip_repo_0/ms2xs_mult11bit_1.0/component.xml
WARNING: [IP_Flow 19-5226] Project source file 'c:/Users/erosc/Desktop/Vivado/MS2XS_01.xpr/MS2XS_01/MS2XS_01.ipdefs/ntru_ip_repo_0/ms2xs_mult11bit_1.0/component.xml' ignored by IP packager.
WARNING: [IP_Flow 19-3898] File Group 'xilinx_verilogsynthesis (Verilog Synthesis)': File 'c:/Users/erosc/Desktop/Vivado/MS2XS_01.xpr/MS2XS_01/MS2XS_01.ipdefs/ntru_ip_repo_0/ms2xs_mult11bit_1.0/src/AU_11x11.v' is not found in the project sources. It will be removed from the packaged IP when the sources are merged. If still required, please add this file to the project and re-package.
WARNING: [IP_Flow 19-3898] File Group 'xilinx_verilogsynthesis (Verilog Synthesis)': File 'c:/Users/erosc/Desktop/Vivado/MS2XS_01.xpr/MS2XS_01/MS2XS_01.ipdefs/ntru_ip_repo_0/ms2xs_mult11bit_1.0/src/AUs.v' is not found in the project sources. It will be removed from the packaged IP when the sources are merged. If still required, please add this file to the project and re-package.
WARNING: [IP_Flow 19-3898] File Group 'xilinx_verilogsynthesis (Verilog Synthesis)': File 'c:/Users/erosc/Desktop/Vivado/MS2XS_01.xpr/MS2XS_01/MS2XS_01.ipdefs/ntru_ip_repo_0/ms2xs_mult11bit_1.0/src/Control.v' is not found in the project sources. It will be removed from the packaged IP when the sources are merged. If still required, please add this file to the project and re-package.
WARNING: [IP_Flow 19-3898] File Group 'xilinx_verilogsynthesis (Verilog Synthesis)': File 'c:/Users/erosc/Desktop/Vivado/MS2XS_01.xpr/MS2XS_01/MS2XS_01.ipdefs/ntru_ip_repo_0/ms2xs_mult11bit_1.0/src/MS2XS.v' is not found in the project sources. It will be removed from the packaged IP when the sources are merged. If still required, please add this file to the project and re-package.
WARNING: [IP_Flow 19-3898] File Group 'xilinx_verilogsynthesis (Verilog Synthesis)': File 'c:/Users/erosc/Desktop/Vivado/MS2XS_01.xpr/MS2XS_01/MS2XS_01.ipdefs/ntru_ip_repo_0/ms2xs_mult11bit_1.0/src/Mems.v' is not found in the project sources. It will be removed from the packaged IP when the sources are merged. If still required, please add this file to the project and re-package.
WARNING: [IP_Flow 19-3898] File Group 'xilinx_verilogsynthesis (Verilog Synthesis)': File 'c:/Users/erosc/Desktop/Vivado/MS2XS_01.xpr/MS2XS_01/MS2XS_01.ipdefs/ntru_ip_repo_0/ms2xs_mult11bit_1.0/src/axis_in.v' is not found in the project sources. It will be removed from the packaged IP when the sources are merged. If still required, please add this file to the project and re-package.
WARNING: [IP_Flow 19-3898] File Group 'xilinx_verilogsynthesis (Verilog Synthesis)': File 'c:/Users/erosc/Desktop/Vivado/MS2XS_01.xpr/MS2XS_01/MS2XS_01.ipdefs/ntru_ip_repo_0/ms2xs_mult11bit_1.0/src/axis_out.v' is not found in the project sources. It will be removed from the packaged IP when the sources are merged. If still required, please add this file to the project and re-package.
WARNING: [IP_Flow 19-3898] File Group 'xilinx_verilogsynthesis (Verilog Synthesis)': File 'c:/Users/erosc/Desktop/Vivado/MS2XS_01.xpr/MS2XS_01/MS2XS_01.ipdefs/ntru_ip_repo_0/ms2xs_mult11bit_1.0/hdl/ms2xs_mult11bit_v1_0.v' is not found in the project sources. It will be removed from the packaged IP when the sources are merged. If still required, please add this file to the project and re-package.
WARNING: [IP_Flow 19-3898] File Group 'xilinx_verilogbehavioralsimulation (Verilog Simulation)': File 'c:/Users/erosc/Desktop/Vivado/MS2XS_01.xpr/MS2XS_01/MS2XS_01.ipdefs/ntru_ip_repo_0/ms2xs_mult11bit_1.0/src/AU_11x11.v' is not found in the project sources. It will be removed from the packaged IP when the sources are merged. If still required, please add this file to the project and re-package.
WARNING: [IP_Flow 19-3898] File Group 'xilinx_verilogbehavioralsimulation (Verilog Simulation)': File 'c:/Users/erosc/Desktop/Vivado/MS2XS_01.xpr/MS2XS_01/MS2XS_01.ipdefs/ntru_ip_repo_0/ms2xs_mult11bit_1.0/src/AUs.v' is not found in the project sources. It will be removed from the packaged IP when the sources are merged. If still required, please add this file to the project and re-package.
WARNING: [IP_Flow 19-3898] File Group 'xilinx_verilogbehavioralsimulation (Verilog Simulation)': File 'c:/Users/erosc/Desktop/Vivado/MS2XS_01.xpr/MS2XS_01/MS2XS_01.ipdefs/ntru_ip_repo_0/ms2xs_mult11bit_1.0/src/Control.v' is not found in the project sources. It will be removed from the packaged IP when the sources are merged. If still required, please add this file to the project and re-package.
WARNING: [IP_Flow 19-3898] File Group 'xilinx_verilogbehavioralsimulation (Verilog Simulation)': File 'c:/Users/erosc/Desktop/Vivado/MS2XS_01.xpr/MS2XS_01/MS2XS_01.ipdefs/ntru_ip_repo_0/ms2xs_mult11bit_1.0/src/MS2XS.v' is not found in the project sources. It will be removed from the packaged IP when the sources are merged. If still required, please add this file to the project and re-package.
WARNING: [IP_Flow 19-3898] File Group 'xilinx_verilogbehavioralsimulation (Verilog Simulation)': File 'c:/Users/erosc/Desktop/Vivado/MS2XS_01.xpr/MS2XS_01/MS2XS_01.ipdefs/ntru_ip_repo_0/ms2xs_mult11bit_1.0/src/Mems.v' is not found in the project sources. It will be removed from the packaged IP when the sources are merged. If still required, please add this file to the project and re-package.
WARNING: [IP_Flow 19-3898] File Group 'xilinx_verilogbehavioralsimulation (Verilog Simulation)': File 'c:/Users/erosc/Desktop/Vivado/MS2XS_01.xpr/MS2XS_01/MS2XS_01.ipdefs/ntru_ip_repo_0/ms2xs_mult11bit_1.0/src/axis_in.v' is not found in the project sources. It will be removed from the packaged IP when the sources are merged. If still required, please add this file to the project and re-package.
WARNING: [IP_Flow 19-3898] File Group 'xilinx_verilogbehavioralsimulation (Verilog Simulation)': File 'c:/Users/erosc/Desktop/Vivado/MS2XS_01.xpr/MS2XS_01/MS2XS_01.ipdefs/ntru_ip_repo_0/ms2xs_mult11bit_1.0/src/axis_out.v' is not found in the project sources. It will be removed from the packaged IP when the sources are merged. If still required, please add this file to the project and re-package.
WARNING: [IP_Flow 19-3898] File Group 'xilinx_verilogbehavioralsimulation (Verilog Simulation)': File 'c:/Users/erosc/Desktop/Vivado/MS2XS_01.xpr/MS2XS_01/MS2XS_01.ipdefs/ntru_ip_repo_0/ms2xs_mult11bit_1.0/hdl/ms2xs_mult11bit_v1_0.v' is not found in the project sources. It will be removed from the packaged IP when the sources are merged. If still required, please add this file to the project and re-package.
WARNING: [IP_Flow 19-3898] File Group 'xilinx_testbench (Test Bench)': File 'c:/Users/erosc/Desktop/Vivado/MS2XS_01.xpr/MS2XS_01/MS2XS_01.ipdefs/ntru_ip_repo_0/ms2xs_mult11bit_1.0/src/MS2SX_IP_tb.v' is not found in the project sources. It will be removed from the packaged IP when the sources are merged. If still required, please add this file to the project and re-package.
ipx::merge_project_changes hdl_parameters [ipx::current_core]
WARNING: [IP_Flow 19-5226] Project source file 'c:/Users/erosc/Desktop/Vivado/MS2XS_01.xpr/MS2XS_01/MS2XS_01.ipdefs/ntru_ip_repo_0/ms2xs_mult11bit_1.0/component.xml' ignored by IP packager.
set_property core_revision 7 [ipx::current_core]
ipx::create_xgui_files [ipx::current_core]
ipx::update_checksums [ipx::current_core]
ipx::check_integrity [ipx::current_core]
INFO: [IP_Flow 19-2181] Payment Required is not set for this core.
INFO: [IP_Flow 19-2187] The Product Guide file is missing.
INFO: [Ipptcl 7-1486] check_integrity: Integrity check passed.
ipx::save_core [ipx::current_core]
update_ip_catalog -rebuild -repo_path c:/Users/erosc/Desktop/Vivado/MS2XS_01.xpr/MS2XS_01/MS2XS_01.ipdefs/ntru_ip_repo_0
INFO: [IP_Flow 19-725] Reloaded user IP repository 'c:/Users/erosc/Desktop/Vivado/MS2XS_01.xpr/MS2XS_01/MS2XS_01.ipdefs/ntru_ip_repo_0'
set_property core_revision 8 [ipx::current_core]
ipx::create_xgui_files [ipx::current_core]
ipx::update_checksums [ipx::current_core]
ipx::check_integrity [ipx::current_core]
INFO: [IP_Flow 19-2181] Payment Required is not set for this core.
INFO: [IP_Flow 19-2187] The Product Guide file is missing.
INFO: [Ipptcl 7-1486] check_integrity: Integrity check passed.
ipx::save_core [ipx::current_core]
update_ip_catalog -rebuild -repo_path c:/Users/erosc/Desktop/Vivado/MS2XS_01.xpr/MS2XS_01/MS2XS_01.ipdefs/ntru_ip_repo_0
INFO: [IP_Flow 19-725] Reloaded user IP repository 'c:/Users/erosc/Desktop/Vivado/MS2XS_01.xpr/MS2XS_01/MS2XS_01.ipdefs/ntru_ip_repo_0'
exit
INFO: [Common 17-206] Exiting Vivado at Tue Aug  9 10:40:37 2022...
