#-----------------------------------------------------------
# Vivado v2020.2 (64-bit)
# SW Build 3064766 on Wed Nov 18 09:12:45 MST 2020
# IP Build 3064653 on Wed Nov 18 14:17:31 MST 2020
# Start of session at: Fri Aug 19 19:20:32 2022
# Process ID: 16404
# Current directory: C:/Users/erosc/Desktop/Vivado/MS2XS_01.xpr/MS2XS_01/MS2XS_01.ipdefs/ntru_ip_repo_0/ms2xs_mult11bit_v1_0_project/ms2xs_mult11bit_v1_0_project
# Command line: vivado.exe -gui_launcher_event rodinguilauncherevent16464 C:\Users\erosc\Desktop\Vivado\MS2XS_01.xpr\MS2XS_01\MS2XS_01.ipdefs\ntru_ip_repo_0\ms2xs_mult11bit_v1_0_project\ms2xs_mult11bit_v1_0_project\ms2xs_mult11bit_v1_0_project.xpr
# Log file: C:/Users/erosc/Desktop/Vivado/MS2XS_01.xpr/MS2XS_01/MS2XS_01.ipdefs/ntru_ip_repo_0/ms2xs_mult11bit_v1_0_project/ms2xs_mult11bit_v1_0_project/vivado.log
# Journal file: C:/Users/erosc/Desktop/Vivado/MS2XS_01.xpr/MS2XS_01/MS2XS_01.ipdefs/ntru_ip_repo_0/ms2xs_mult11bit_v1_0_project/ms2xs_mult11bit_v1_0_project\vivado.jou
#-----------------------------------------------------------
start_gui
open_project C:/Users/erosc/Desktop/Vivado/MS2XS_01.xpr/MS2XS_01/MS2XS_01.ipdefs/ntru_ip_repo_0/ms2xs_mult11bit_v1_0_project/ms2xs_mult11bit_v1_0_project/ms2xs_mult11bit_v1_0_project.xpr
INFO: [ProjectBase 1-489] The host OS only allows 260 characters in a normal path. The project is stored in a path with more than 80 characters. If you experience issues with IP, Block Designs, or files not being found, please consider moving the project to a location with a shorter path. Alternately consider using the OS subst command to map part of the path to a drive letter.
Current project path is 'C:/Users/erosc/Desktop/Vivado/MS2XS_01.xpr/MS2XS_01/MS2XS_01.ipdefs/ntru_ip_repo_0/ms2xs_mult11bit_v1_0_project/ms2xs_mult11bit_v1_0_project'
WARNING: [filemgmt 56-3] Default IP Output Path : Could not find the directory 'C:/Users/erosc/Desktop/Vivado/MS2XS_01.xpr/MS2XS_01/MS2XS_01.ipdefs/ntru_ip_repo_0/ms2xs_mult11bit_v1_0_project/ms2xs_mult11bit_v1_0_project/ms2xs_mult11bit_v1_0_project.gen/sources_1'.
Scanning sources...
Finished scanning sources
INFO: [IP_Flow 19-234] Refreshing IP repositories
WARNING: [IP_Flow 19-3685] Ignored loading user repository 'c:/Users/erosc/Desktop/Vivado/MS2XS_01.xpr/MS2XS_01/MS2XS_01.ipdefs/ntru_ip_repo_0/SEL_AXI_IN_1.0'. The path is contained within another repository.
INFO: [IP_Flow 19-1700] Loaded user IP repository 'c:/Users/erosc/Desktop/Vivado/MS2XS_01.xpr/MS2XS_01/MS2XS_01.ipdefs/ntru_ip_repo_0'.
WARNING: [IP_Flow 19-3656] If you move the project, the path for repository 'c:/Users/erosc/Desktop/Vivado/MS2XS_01.xpr/MS2XS_01/MS2XS_01.ipdefs/ntru_ip_repo_0' may become invalid. A better location for the repository would be in a path adjacent to the project. (Current project location is 'c:/Users/erosc/Desktop/Vivado/MS2XS_01.xpr/MS2XS_01/MS2XS_01.ipdefs/ntru_ip_repo_0/ms2xs_mult11bit_v1_0_project/ms2xs_mult11bit_v1_0_project'.)
INFO: [IP_Flow 19-2313] Loaded Vivado IP repository 'C:/Xilinx/Vivado/2020.2/data/ip'.
open_project: Time (s): cpu = 00:00:11 ; elapsed = 00:00:05 . Memory (MB): peak = 1106.516 ; gain = 0.000
update_compile_order -fileset sources_1
exit
INFO: [Common 17-206] Exiting Vivado at Fri Aug 19 21:04:45 2022...
